[0.922s] Invoking command in '/home/cm23/ros2_ws/build/py_pubsub': PYTHONPATH=/home/cm23/ros2_ws/build/py_pubsub/prefix_override:/home/cm23/ros2_ws/install/py_pubsub/lib/python3.10/site-packages:${PYTHONPATH} /usr/bin/python3 -W ignore:setup.py install is deprecated setup.py develop --editable --build-directory /home/cm23/ros2_ws/build/py_pubsub/build --no-deps
[1.187s] running develop
[1.188s] /usr/lib/python3/dist-packages/setuptools/command/easy_install.py:158: EasyInstallDeprecationWarning: easy_install command is deprecated. Use build and pip and other standards-based tools.
[1.188s]   warnings.warn(
[1.385s] running egg_info
[1.385s] creating py_pubsub.egg-info
[1.385s] writing py_pubsub.egg-info/PKG-INFO
[1.385s] writing dependency_links to py_pubsub.egg-info/dependency_links.txt
[1.386s] writing entry points to py_pubsub.egg-info/entry_points.txt
[1.386s] writing requirements to py_pubsub.egg-info/requires.txt
[1.386s] writing top-level names to py_pubsub.egg-info/top_level.txt
[1.386s] writing manifest file 'py_pubsub.egg-info/SOURCES.txt'
[1.387s] reading manifest file 'py_pubsub.egg-info/SOURCES.txt'
[1.388s] writing manifest file 'py_pubsub.egg-info/SOURCES.txt'
[1.389s] running build_ext
[1.389s] Creating /home/cm23/ros2_ws/install/py_pubsub/lib/python3.10/site-packages/py-pubsub.egg-link (link to .)
[1.390s] Installing listener script to /home/cm23/ros2_ws/install/py_pubsub/lib/py_pubsub
[1.390s] Installing talker script to /home/cm23/ros2_ws/install/py_pubsub/lib/py_pubsub
[1.390s] Installing tf2_broadcaster script to /home/cm23/ros2_ws/install/py_pubsub/lib/py_pubsub
[1.390s] 
[1.390s] Installed /home/cm23/ros2_ws/build/py_pubsub
[1.410s] Invoked command in '/home/cm23/ros2_ws/build/py_pubsub' returned '0': PYTHONPATH=/home/cm23/ros2_ws/build/py_pubsub/prefix_override:/home/cm23/ros2_ws/install/py_pubsub/lib/python3.10/site-packages:${PYTHONPATH} /usr/bin/python3 -W ignore:setup.py install is deprecated setup.py develop --editable --build-directory /home/cm23/ros2_ws/build/py_pubsub/build --no-deps
