[0.022s] Invoking command in '/home/cm23/ros2_ws/build/custom_interfaces': CMAKE_PREFIX_PATH=${CMAKE_PREFIX_PATH}:/home/cm23/ros2_ws/install/learning_tf2_py:/home/cm23/ros2_ws/install/py_pubsub:/home/cm23/ros2_ws/install/custom_pkg:/opt/ros/humble /usr/bin/cmake --build /home/cm23/ros2_ws/build/custom_interfaces -- -j16 -l16
[0.310s] [  2%] Built target custom_interfaces__cpp
[0.311s] [ 12%] Built target custom_interfaces__rosidl_generator_c
[0.311s] [ 12%] Built target ament_cmake_python_symlink_custom_interfaces
[0.311s] [ 23%] Built target custom_interfaces__rosidl_typesupport_cpp
[0.311s] [ 44%] Built target custom_interfaces__rosidl_typesupport_c
[0.311s] [ 44%] Built target custom_interfaces__rosidl_typesupport_fastrtps_c
[0.312s] [ 55%] Built target custom_interfaces__rosidl_typesupport_introspection_cpp
[0.312s] [ 74%] Built target custom_interfaces__rosidl_typesupport_fastrtps_cpp
[0.312s] [ 76%] Built target custom_interfaces__rosidl_typesupport_introspection_c
[0.312s] [ 76%] Built target custom_interfaces
[0.312s] [ 78%] Built target custom_interfaces__py
[0.312s] [ 87%] Built target custom_interfaces__rosidl_generator_py
[0.312s] [ 91%] Built target custom_interfaces__rosidl_typesupport_fastrtps_c__pyext
[0.312s] [ 95%] Built target custom_interfaces__rosidl_typesupport_introspection_c__pyext
[0.312s] [100%] Built target custom_interfaces__rosidl_typesupport_c__pyext
[0.354s] running egg_info
[0.354s] writing custom_interfaces.egg-info/PKG-INFO
[0.355s] writing dependency_links to custom_interfaces.egg-info/dependency_links.txt
[0.355s] writing top-level names to custom_interfaces.egg-info/top_level.txt
[0.357s] reading manifest file 'custom_interfaces.egg-info/SOURCES.txt'
[0.358s] writing manifest file 'custom_interfaces.egg-info/SOURCES.txt'
[0.381s] [100%] Built target ament_cmake_python_build_custom_interfaces_egg
[0.595s] Invoked command in '/home/cm23/ros2_ws/build/custom_interfaces' returned '0': CMAKE_PREFIX_PATH=${CMAKE_PREFIX_PATH}:/home/cm23/ros2_ws/install/learning_tf2_py:/home/cm23/ros2_ws/install/py_pubsub:/home/cm23/ros2_ws/install/custom_pkg:/opt/ros/humble /usr/bin/cmake --build /home/cm23/ros2_ws/build/custom_interfaces -- -j16 -l16
[0.725s] Invoking command in '/home/cm23/ros2_ws/build/custom_interfaces': CMAKE_PREFIX_PATH=${CMAKE_PREFIX_PATH}:/home/cm23/ros2_ws/install/learning_tf2_py:/home/cm23/ros2_ws/install/py_pubsub:/home/cm23/ros2_ws/install/custom_pkg:/opt/ros/humble /usr/bin/cmake --install /home/cm23/ros2_ws/build/custom_interfaces
[0.734s] -- Install configuration: ""
[0.735s] -- Execute custom install script
[0.735s] -- Up-to-date symlink: /home/cm23/ros2_ws/install/custom_interfaces/share/ament_index/resource_index/rosidl_interfaces/custom_interfaces
[0.736s] -- Up-to-date symlink: /home/cm23/ros2_ws/install/custom_interfaces/include/custom_interfaces/custom_interfaces/action/custom_action.h
[0.736s] -- Up-to-date symlink: /home/cm23/ros2_ws/install/custom_interfaces/include/custom_interfaces/custom_interfaces/action/detail/custom_action__functions.h
[0.736s] -- Up-to-date symlink: /home/cm23/ros2_ws/install/custom_interfaces/include/custom_interfaces/custom_interfaces/action/detail/custom_action__struct.h
[0.736s] -- Up-to-date symlink: /home/cm23/ros2_ws/install/custom_interfaces/include/custom_interfaces/custom_interfaces/action/detail/custom_action__type_support.h
[0.737s] -- Up-to-date symlink: /home/cm23/ros2_ws/install/custom_interfaces/include/custom_interfaces/custom_interfaces/msg/custom_message.h
[0.737s] -- Up-to-date symlink: /home/cm23/ros2_ws/install/custom_interfaces/include/custom_interfaces/custom_interfaces/msg/detail/custom_message__functions.h
[0.737s] -- Up-to-date symlink: /home/cm23/ros2_ws/install/custom_interfaces/include/custom_interfaces/custom_interfaces/msg/detail/custom_message__struct.h
[0.737s] -- Up-to-date symlink: /home/cm23/ros2_ws/install/custom_interfaces/include/custom_interfaces/custom_interfaces/msg/detail/custom_message__type_support.h
[0.737s] -- Up-to-date symlink: /home/cm23/ros2_ws/install/custom_interfaces/include/custom_interfaces/custom_interfaces/msg/rosidl_generator_c__visibility_control.h
[0.737s] -- Up-to-date symlink: /home/cm23/ros2_ws/install/custom_interfaces/include/custom_interfaces/custom_interfaces/srv/custom_service.h
[0.737s] -- Up-to-date symlink: /home/cm23/ros2_ws/install/custom_interfaces/include/custom_interfaces/custom_interfaces/srv/detail/custom_service__functions.h
[0.738s] -- Up-to-date symlink: /home/cm23/ros2_ws/install/custom_interfaces/include/custom_interfaces/custom_interfaces/srv/detail/custom_service__struct.h
[0.738s] -- Up-to-date symlink: /home/cm23/ros2_ws/install/custom_interfaces/include/custom_interfaces/custom_interfaces/srv/detail/custom_service__type_support.h
[0.738s] -- Up-to-date symlink: /home/cm23/ros2_ws/install/custom_interfaces/share/custom_interfaces/environment/library_path.sh
[0.738s] -- Up-to-date symlink: /home/cm23/ros2_ws/install/custom_interfaces/share/custom_interfaces/environment/library_path.dsv
[0.739s] -- Up-to-date symlink: /home/cm23/ros2_ws/install/custom_interfaces/include/custom_interfaces/custom_interfaces/action/detail/custom_action__rosidl_typesupport_fastrtps_c.h
[0.739s] -- Up-to-date symlink: /home/cm23/ros2_ws/install/custom_interfaces/include/custom_interfaces/custom_interfaces/msg/detail/custom_message__rosidl_typesupport_fastrtps_c.h
[0.739s] -- Up-to-date symlink: /home/cm23/ros2_ws/install/custom_interfaces/include/custom_interfaces/custom_interfaces/msg/rosidl_typesupport_fastrtps_c__visibility_control.h
[0.739s] -- Up-to-date symlink: /home/cm23/ros2_ws/install/custom_interfaces/include/custom_interfaces/custom_interfaces/srv/detail/custom_service__rosidl_typesupport_fastrtps_c.h
[0.740s] -- Up-to-date symlink: /home/cm23/ros2_ws/install/custom_interfaces/include/custom_interfaces/custom_interfaces/action/custom_action.hpp
[0.740s] -- Up-to-date symlink: /home/cm23/ros2_ws/install/custom_interfaces/include/custom_interfaces/custom_interfaces/action/detail/custom_action__builder.hpp
[0.740s] -- Up-to-date symlink: /home/cm23/ros2_ws/install/custom_interfaces/include/custom_interfaces/custom_interfaces/action/detail/custom_action__struct.hpp
[0.740s] -- Up-to-date symlink: /home/cm23/ros2_ws/install/custom_interfaces/include/custom_interfaces/custom_interfaces/action/detail/custom_action__traits.hpp
[0.741s] -- Up-to-date symlink: /home/cm23/ros2_ws/install/custom_interfaces/include/custom_interfaces/custom_interfaces/msg/custom_message.hpp
[0.741s] -- Up-to-date symlink: /home/cm23/ros2_ws/install/custom_interfaces/include/custom_interfaces/custom_interfaces/msg/detail/custom_message__builder.hpp
[0.741s] -- Up-to-date symlink: /home/cm23/ros2_ws/install/custom_interfaces/include/custom_interfaces/custom_interfaces/msg/detail/custom_message__struct.hpp
[0.741s] -- Up-to-date symlink: /home/cm23/ros2_ws/install/custom_interfaces/include/custom_interfaces/custom_interfaces/msg/detail/custom_message__traits.hpp
[0.741s] -- Up-to-date symlink: /home/cm23/ros2_ws/install/custom_interfaces/include/custom_interfaces/custom_interfaces/srv/custom_service.hpp
[0.741s] -- Up-to-date symlink: /home/cm23/ros2_ws/install/custom_interfaces/include/custom_interfaces/custom_interfaces/srv/detail/custom_service__builder.hpp
[0.741s] -- Up-to-date symlink: /home/cm23/ros2_ws/install/custom_interfaces/include/custom_interfaces/custom_interfaces/srv/detail/custom_service__struct.hpp
[0.742s] -- Up-to-date symlink: /home/cm23/ros2_ws/install/custom_interfaces/include/custom_interfaces/custom_interfaces/srv/detail/custom_service__traits.hpp
[0.742s] -- Up-to-date symlink: /home/cm23/ros2_ws/install/custom_interfaces/include/custom_interfaces/custom_interfaces/action/detail/custom_action__rosidl_typesupport_fastrtps_cpp.hpp
[0.743s] -- Up-to-date symlink: /home/cm23/ros2_ws/install/custom_interfaces/include/custom_interfaces/custom_interfaces/msg/detail/custom_message__rosidl_typesupport_fastrtps_cpp.hpp
[0.743s] -- Up-to-date symlink: /home/cm23/ros2_ws/install/custom_interfaces/include/custom_interfaces/custom_interfaces/msg/rosidl_typesupport_fastrtps_cpp__visibility_control.h
[0.743s] -- Up-to-date symlink: /home/cm23/ros2_ws/install/custom_interfaces/include/custom_interfaces/custom_interfaces/srv/detail/custom_service__rosidl_typesupport_fastrtps_cpp.hpp
[0.743s] -- Up-to-date symlink: /home/cm23/ros2_ws/install/custom_interfaces/include/custom_interfaces/custom_interfaces/action/detail/custom_action__rosidl_typesupport_introspection_c.h
[0.743s] -- Up-to-date symlink: /home/cm23/ros2_ws/install/custom_interfaces/include/custom_interfaces/custom_interfaces/msg/detail/custom_message__rosidl_typesupport_introspection_c.h
[0.743s] -- Up-to-date symlink: /home/cm23/ros2_ws/install/custom_interfaces/include/custom_interfaces/custom_interfaces/msg/rosidl_typesupport_introspection_c__visibility_control.h
[0.744s] -- Up-to-date symlink: /home/cm23/ros2_ws/install/custom_interfaces/include/custom_interfaces/custom_interfaces/srv/detail/custom_service__rosidl_typesupport_introspection_c.h
[0.744s] -- Up-to-date symlink: /home/cm23/ros2_ws/install/custom_interfaces/include/custom_interfaces/custom_interfaces/action/detail/custom_action__rosidl_typesupport_introspection_cpp.hpp
[0.744s] -- Up-to-date symlink: /home/cm23/ros2_ws/install/custom_interfaces/include/custom_interfaces/custom_interfaces/msg/detail/custom_message__rosidl_typesupport_introspection_cpp.hpp
[0.744s] -- Up-to-date symlink: /home/cm23/ros2_ws/install/custom_interfaces/include/custom_interfaces/custom_interfaces/srv/detail/custom_service__rosidl_typesupport_introspection_cpp.hpp
[0.744s] -- Up-to-date symlink: /home/cm23/ros2_ws/install/custom_interfaces/share/custom_interfaces/environment/pythonpath.sh
[0.744s] -- Up-to-date symlink: /home/cm23/ros2_ws/install/custom_interfaces/share/custom_interfaces/environment/pythonpath.dsv
[0.745s] -- Up-to-date symlink: /home/cm23/ros2_ws/install/custom_interfaces/local/lib/python3.10/dist-packages/custom_interfaces-0.0.0-py3.10.egg-info/PKG-INFO
[0.745s] -- Up-to-date symlink: /home/cm23/ros2_ws/install/custom_interfaces/local/lib/python3.10/dist-packages/custom_interfaces-0.0.0-py3.10.egg-info/SOURCES.txt
[0.745s] -- Up-to-date symlink: /home/cm23/ros2_ws/install/custom_interfaces/local/lib/python3.10/dist-packages/custom_interfaces-0.0.0-py3.10.egg-info/dependency_links.txt
[0.745s] -- Up-to-date symlink: /home/cm23/ros2_ws/install/custom_interfaces/local/lib/python3.10/dist-packages/custom_interfaces-0.0.0-py3.10.egg-info/top_level.txt
[0.746s] -- Up-to-date symlink: /home/cm23/ros2_ws/install/custom_interfaces/local/lib/python3.10/dist-packages/custom_interfaces/__init__.py
[0.746s] -- Up-to-date symlink: /home/cm23/ros2_ws/install/custom_interfaces/local/lib/python3.10/dist-packages/custom_interfaces/_custom_interfaces_s.ep.rosidl_typesupport_c.c
[0.746s] -- Up-to-date symlink: /home/cm23/ros2_ws/install/custom_interfaces/local/lib/python3.10/dist-packages/custom_interfaces/_custom_interfaces_s.ep.rosidl_typesupport_fastrtps_c.c
[0.746s] -- Up-to-date symlink: /home/cm23/ros2_ws/install/custom_interfaces/local/lib/python3.10/dist-packages/custom_interfaces/_custom_interfaces_s.ep.rosidl_typesupport_introspection_c.c
[0.746s] -- Up-to-date symlink: /home/cm23/ros2_ws/install/custom_interfaces/local/lib/python3.10/dist-packages/custom_interfaces/action/__init__.py
[0.746s] -- Up-to-date symlink: /home/cm23/ros2_ws/install/custom_interfaces/local/lib/python3.10/dist-packages/custom_interfaces/action/_custom_action.py
[0.747s] -- Up-to-date symlink: /home/cm23/ros2_ws/install/custom_interfaces/local/lib/python3.10/dist-packages/custom_interfaces/action/_custom_action_s.c
[0.747s] -- Up-to-date symlink: /home/cm23/ros2_ws/install/custom_interfaces/local/lib/python3.10/dist-packages/custom_interfaces/custom_interfaces_s__rosidl_typesupport_c.cpython-310-x86_64-linux-gnu.so
[0.747s] -- Up-to-date symlink: /home/cm23/ros2_ws/install/custom_interfaces/local/lib/python3.10/dist-packages/custom_interfaces/custom_interfaces_s__rosidl_typesupport_fastrtps_c.cpython-310-x86_64-linux-gnu.so
[0.747s] -- Up-to-date symlink: /home/cm23/ros2_ws/install/custom_interfaces/local/lib/python3.10/dist-packages/custom_interfaces/custom_interfaces_s__rosidl_typesupport_introspection_c.cpython-310-x86_64-linux-gnu.so
[0.747s] -- Up-to-date symlink: /home/cm23/ros2_ws/install/custom_interfaces/local/lib/python3.10/dist-packages/custom_interfaces/libcustom_interfaces__rosidl_generator_py.so
[0.747s] -- Up-to-date symlink: /home/cm23/ros2_ws/install/custom_interfaces/local/lib/python3.10/dist-packages/custom_interfaces/msg/__init__.py
[0.747s] -- Up-to-date symlink: /home/cm23/ros2_ws/install/custom_interfaces/local/lib/python3.10/dist-packages/custom_interfaces/msg/_custom_message.py
[0.747s] -- Up-to-date symlink: /home/cm23/ros2_ws/install/custom_interfaces/local/lib/python3.10/dist-packages/custom_interfaces/msg/_custom_message_s.c
[0.748s] -- Up-to-date symlink: /home/cm23/ros2_ws/install/custom_interfaces/local/lib/python3.10/dist-packages/custom_interfaces/srv/__init__.py
[0.748s] -- Up-to-date symlink: /home/cm23/ros2_ws/install/custom_interfaces/local/lib/python3.10/dist-packages/custom_interfaces/srv/_custom_service.py
[0.748s] -- Up-to-date symlink: /home/cm23/ros2_ws/install/custom_interfaces/local/lib/python3.10/dist-packages/custom_interfaces/srv/_custom_service_s.c
[0.748s] -- Up-to-date symlink: /home/cm23/ros2_ws/install/custom_interfaces/local/lib/python3.10/dist-packages/custom_interfaces/custom_interfaces_s__rosidl_typesupport_fastrtps_c.cpython-310-x86_64-linux-gnu.so
[0.748s] -- Up-to-date symlink: /home/cm23/ros2_ws/install/custom_interfaces/local/lib/python3.10/dist-packages/custom_interfaces/custom_interfaces_s__rosidl_typesupport_introspection_c.cpython-310-x86_64-linux-gnu.so
[0.748s] -- Up-to-date symlink: /home/cm23/ros2_ws/install/custom_interfaces/local/lib/python3.10/dist-packages/custom_interfaces/custom_interfaces_s__rosidl_typesupport_c.cpython-310-x86_64-linux-gnu.so
[0.749s] -- Up-to-date symlink: /home/cm23/ros2_ws/install/custom_interfaces/share/custom_interfaces/msg/CustomMessage.idl
[0.749s] -- Up-to-date symlink: /home/cm23/ros2_ws/install/custom_interfaces/share/custom_interfaces/srv/CustomService.idl
[0.749s] -- Up-to-date symlink: /home/cm23/ros2_ws/install/custom_interfaces/share/custom_interfaces/action/CustomAction.idl
[0.749s] -- Up-to-date symlink: /home/cm23/ros2_ws/install/custom_interfaces/share/custom_interfaces/msg/CustomMessage.msg
[0.749s] -- Up-to-date symlink: /home/cm23/ros2_ws/install/custom_interfaces/share/custom_interfaces/srv/CustomService.srv
[0.749s] -- Up-to-date symlink: /home/cm23/ros2_ws/install/custom_interfaces/share/custom_interfaces/srv/CustomService_Request.msg
[0.750s] -- Up-to-date symlink: /home/cm23/ros2_ws/install/custom_interfaces/share/custom_interfaces/srv/CustomService_Response.msg
[0.750s] -- Up-to-date symlink: /home/cm23/ros2_ws/install/custom_interfaces/share/custom_interfaces/action/CustomAction.action
[0.750s] -- Up-to-date symlink: /home/cm23/ros2_ws/install/custom_interfaces/share/ament_index/resource_index/package_run_dependencies/custom_interfaces
[0.750s] -- Up-to-date symlink: /home/cm23/ros2_ws/install/custom_interfaces/share/ament_index/resource_index/parent_prefix_path/custom_interfaces
[0.750s] -- Up-to-date symlink: /home/cm23/ros2_ws/install/custom_interfaces/share/custom_interfaces/environment/ament_prefix_path.sh
[0.750s] -- Up-to-date symlink: /home/cm23/ros2_ws/install/custom_interfaces/share/custom_interfaces/environment/ament_prefix_path.dsv
[0.751s] -- Up-to-date symlink: /home/cm23/ros2_ws/install/custom_interfaces/share/custom_interfaces/environment/path.sh
[0.751s] -- Up-to-date symlink: /home/cm23/ros2_ws/install/custom_interfaces/share/custom_interfaces/environment/path.dsv
[0.751s] -- Up-to-date symlink: /home/cm23/ros2_ws/install/custom_interfaces/share/custom_interfaces/local_setup.bash
[0.751s] -- Up-to-date symlink: /home/cm23/ros2_ws/install/custom_interfaces/share/custom_interfaces/local_setup.sh
[0.751s] -- Up-to-date symlink: /home/cm23/ros2_ws/install/custom_interfaces/share/custom_interfaces/local_setup.zsh
[0.751s] -- Up-to-date symlink: /home/cm23/ros2_ws/install/custom_interfaces/share/custom_interfaces/local_setup.dsv
[0.751s] -- Symlinking: /home/cm23/ros2_ws/install/custom_interfaces/share/custom_interfaces/package.dsv
[0.762s] -- Up-to-date symlink: /home/cm23/ros2_ws/install/custom_interfaces/share/ament_index/resource_index/packages/custom_interfaces
[0.762s] -- Up-to-date symlink: /home/cm23/ros2_ws/install/custom_interfaces/share/custom_interfaces/cmake/rosidl_cmake-extras.cmake
[0.763s] -- Up-to-date symlink: /home/cm23/ros2_ws/install/custom_interfaces/share/custom_interfaces/cmake/ament_cmake_export_dependencies-extras.cmake
[0.763s] -- Up-to-date symlink: /home/cm23/ros2_ws/install/custom_interfaces/share/custom_interfaces/cmake/ament_cmake_export_include_directories-extras.cmake
[0.763s] -- Up-to-date symlink: /home/cm23/ros2_ws/install/custom_interfaces/share/custom_interfaces/cmake/ament_cmake_export_libraries-extras.cmake
[0.763s] -- Up-to-date symlink: /home/cm23/ros2_ws/install/custom_interfaces/share/custom_interfaces/cmake/ament_cmake_export_targets-extras.cmake
[0.763s] -- Up-to-date symlink: /home/cm23/ros2_ws/install/custom_interfaces/share/custom_interfaces/cmake/rosidl_cmake_export_typesupport_targets-extras.cmake
[0.763s] -- Up-to-date symlink: /home/cm23/ros2_ws/install/custom_interfaces/share/custom_interfaces/cmake/rosidl_cmake_export_typesupport_libraries-extras.cmake
[0.763s] -- Up-to-date symlink: /home/cm23/ros2_ws/install/custom_interfaces/share/custom_interfaces/cmake/custom_interfacesConfig.cmake
[0.763s] -- Up-to-date symlink: /home/cm23/ros2_ws/install/custom_interfaces/share/custom_interfaces/cmake/custom_interfacesConfig-version.cmake
[0.764s] -- Up-to-date symlink: /home/cm23/ros2_ws/install/custom_interfaces/share/custom_interfaces/package.xml
[0.764s] -- Up-to-date: /home/cm23/ros2_ws/install/custom_interfaces/lib/libcustom_interfaces__rosidl_generator_c.so
[0.764s] -- Up-to-date: /home/cm23/ros2_ws/install/custom_interfaces/lib/libcustom_interfaces__rosidl_typesupport_fastrtps_c.so
[0.764s] -- Up-to-date: /home/cm23/ros2_ws/install/custom_interfaces/lib/libcustom_interfaces__rosidl_typesupport_fastrtps_cpp.so
[0.765s] -- Up-to-date: /home/cm23/ros2_ws/install/custom_interfaces/lib/libcustom_interfaces__rosidl_typesupport_introspection_c.so
[0.765s] -- Up-to-date: /home/cm23/ros2_ws/install/custom_interfaces/lib/libcustom_interfaces__rosidl_typesupport_c.so
[0.765s] -- Up-to-date: /home/cm23/ros2_ws/install/custom_interfaces/lib/libcustom_interfaces__rosidl_typesupport_introspection_cpp.so
[0.766s] -- Up-to-date: /home/cm23/ros2_ws/install/custom_interfaces/lib/libcustom_interfaces__rosidl_typesupport_cpp.so
[0.802s] Listing '/home/cm23/ros2_ws/install/custom_interfaces/local/lib/python3.10/dist-packages/custom_interfaces'...
[0.802s] Listing '/home/cm23/ros2_ws/install/custom_interfaces/local/lib/python3.10/dist-packages/custom_interfaces/action'...
[0.802s] Listing '/home/cm23/ros2_ws/install/custom_interfaces/local/lib/python3.10/dist-packages/custom_interfaces/msg'...
[0.803s] Listing '/home/cm23/ros2_ws/install/custom_interfaces/local/lib/python3.10/dist-packages/custom_interfaces/srv'...
[0.806s] -- Up-to-date: /home/cm23/ros2_ws/install/custom_interfaces/lib/libcustom_interfaces__rosidl_generator_py.so
[0.806s] -- Up-to-date: /home/cm23/ros2_ws/install/custom_interfaces/share/custom_interfaces/cmake/export_custom_interfaces__rosidl_generator_cExport.cmake
[0.807s] -- Up-to-date: /home/cm23/ros2_ws/install/custom_interfaces/share/custom_interfaces/cmake/export_custom_interfaces__rosidl_generator_cExport-noconfig.cmake
[0.807s] -- Up-to-date: /home/cm23/ros2_ws/install/custom_interfaces/share/custom_interfaces/cmake/export_custom_interfaces__rosidl_typesupport_fastrtps_cExport.cmake
[0.807s] -- Up-to-date: /home/cm23/ros2_ws/install/custom_interfaces/share/custom_interfaces/cmake/export_custom_interfaces__rosidl_typesupport_fastrtps_cExport-noconfig.cmake
[0.807s] -- Up-to-date: /home/cm23/ros2_ws/install/custom_interfaces/share/custom_interfaces/cmake/export_custom_interfaces__rosidl_generator_cppExport.cmake
[0.807s] -- Up-to-date: /home/cm23/ros2_ws/install/custom_interfaces/share/custom_interfaces/cmake/export_custom_interfaces__rosidl_typesupport_fastrtps_cppExport.cmake
[0.807s] -- Up-to-date: /home/cm23/ros2_ws/install/custom_interfaces/share/custom_interfaces/cmake/export_custom_interfaces__rosidl_typesupport_fastrtps_cppExport-noconfig.cmake
[0.807s] -- Up-to-date: /home/cm23/ros2_ws/install/custom_interfaces/share/custom_interfaces/cmake/custom_interfaces__rosidl_typesupport_introspection_cExport.cmake
[0.807s] -- Up-to-date: /home/cm23/ros2_ws/install/custom_interfaces/share/custom_interfaces/cmake/custom_interfaces__rosidl_typesupport_introspection_cExport-noconfig.cmake
[0.807s] -- Up-to-date: /home/cm23/ros2_ws/install/custom_interfaces/share/custom_interfaces/cmake/custom_interfaces__rosidl_typesupport_cExport.cmake
[0.807s] -- Up-to-date: /home/cm23/ros2_ws/install/custom_interfaces/share/custom_interfaces/cmake/custom_interfaces__rosidl_typesupport_cExport-noconfig.cmake
[0.807s] -- Up-to-date: /home/cm23/ros2_ws/install/custom_interfaces/share/custom_interfaces/cmake/custom_interfaces__rosidl_typesupport_introspection_cppExport.cmake
[0.808s] -- Up-to-date: /home/cm23/ros2_ws/install/custom_interfaces/share/custom_interfaces/cmake/custom_interfaces__rosidl_typesupport_introspection_cppExport-noconfig.cmake
[0.808s] -- Up-to-date: /home/cm23/ros2_ws/install/custom_interfaces/share/custom_interfaces/cmake/custom_interfaces__rosidl_typesupport_cppExport.cmake
[0.808s] -- Up-to-date: /home/cm23/ros2_ws/install/custom_interfaces/share/custom_interfaces/cmake/custom_interfaces__rosidl_typesupport_cppExport-noconfig.cmake
[0.808s] -- Up-to-date: /home/cm23/ros2_ws/install/custom_interfaces/share/custom_interfaces/cmake/export_custom_interfaces__rosidl_generator_pyExport.cmake
[0.808s] -- Up-to-date: /home/cm23/ros2_ws/install/custom_interfaces/share/custom_interfaces/cmake/export_custom_interfaces__rosidl_generator_pyExport-noconfig.cmake
[0.810s] Invoked command in '/home/cm23/ros2_ws/build/custom_interfaces' returned '0': CMAKE_PREFIX_PATH=${CMAKE_PREFIX_PATH}:/home/cm23/ros2_ws/install/learning_tf2_py:/home/cm23/ros2_ws/install/py_pubsub:/home/cm23/ros2_ws/install/custom_pkg:/opt/ros/humble /usr/bin/cmake --install /home/cm23/ros2_ws/build/custom_interfaces
