[1.218s] Invoking command in '/home/cm23/ros2_ws/build/py_pubsub': PYTHONPATH=/home/cm23/ros2_ws/build/py_pubsub/prefix_override:/home/cm23/ros2_ws/install/py_pubsub/lib/python3.10/site-packages:${PYTHONPATH} /usr/bin/python3 -W ignore:setup.py install is deprecated setup.py develop --editable --build-directory /home/cm23/ros2_ws/build/py_pubsub/build --no-deps
[1.493s] running develop
[1.493s] /usr/lib/python3/dist-packages/setuptools/command/easy_install.py:158: EasyInstallDeprecationWarning: easy_install command is deprecated. Use build and pip and other standards-based tools.
[1.493s]   warnings.warn(
[1.703s] running egg_info
[1.703s] writing py_pubsub.egg-info/PKG-INFO
[1.704s] writing dependency_links to py_pubsub.egg-info/dependency_links.txt
[1.704s] writing entry points to py_pubsub.egg-info/entry_points.txt
[1.704s] writing requirements to py_pubsub.egg-info/requires.txt
[1.704s] writing top-level names to py_pubsub.egg-info/top_level.txt
[1.705s] reading manifest file 'py_pubsub.egg-info/SOURCES.txt'
[1.706s] writing manifest file 'py_pubsub.egg-info/SOURCES.txt'
[1.707s] running build_ext
[1.707s] Creating /home/cm23/ros2_ws/install/py_pubsub/lib/python3.10/site-packages/py-pubsub.egg-link (link to .)
[1.708s] Installing listener script to /home/cm23/ros2_ws/install/py_pubsub/lib/py_pubsub
[1.708s] Installing talker script to /home/cm23/ros2_ws/install/py_pubsub/lib/py_pubsub
[1.708s] Installing tf2_broadcaster script to /home/cm23/ros2_ws/install/py_pubsub/lib/py_pubsub
[1.709s] 
[1.709s] Installed /home/cm23/ros2_ws/build/py_pubsub
[1.728s] Invoked command in '/home/cm23/ros2_ws/build/py_pubsub' returned '0': PYTHONPATH=/home/cm23/ros2_ws/build/py_pubsub/prefix_override:/home/cm23/ros2_ws/install/py_pubsub/lib/python3.10/site-packages:${PYTHONPATH} /usr/bin/python3 -W ignore:setup.py install is deprecated setup.py develop --editable --build-directory /home/cm23/ros2_ws/build/py_pubsub/build --no-deps
