-- Install configuration: ""
-- Execute custom install script
-- Symlinking: /home/cm23/ros2_ws/install/mobile_robot_description/share/mobile_robot_description/launch/basic_mobile_robot.launch.py
-- Up-to-date symlink: /home/cm23/ros2_ws/install/mobile_robot_description/share/mobile_robot_description/launch/cylinder.launch.py
-- Up-to-date symlink: /home/cm23/ros2_ws/install/mobile_robot_description/share/mobile_robot_description/rviz/display.rviz
-- Up-to-date symlink: /home/cm23/ros2_ws/install/mobile_robot_description/share/mobile_robot_description/urdf/basic_mobile_robot.urdf
-- Up-to-date symlink: /home/cm23/ros2_ws/install/mobile_robot_description/share/mobile_robot_description/urdf/cylinder.urdf
-- Up-to-date symlink: /home/cm23/ros2_ws/install/mobile_robot_description/share/ament_index/resource_index/package_run_dependencies/mobile_robot_description
-- Up-to-date symlink: /home/cm23/ros2_ws/install/mobile_robot_description/share/ament_index/resource_index/parent_prefix_path/mobile_robot_description
-- Up-to-date symlink: /home/cm23/ros2_ws/install/mobile_robot_description/share/mobile_robot_description/environment/ament_prefix_path.sh
-- Up-to-date symlink: /home/cm23/ros2_ws/install/mobile_robot_description/share/mobile_robot_description/environment/ament_prefix_path.dsv
-- Up-to-date symlink: /home/cm23/ros2_ws/install/mobile_robot_description/share/mobile_robot_description/environment/path.sh
-- Up-to-date symlink: /home/cm23/ros2_ws/install/mobile_robot_description/share/mobile_robot_description/environment/path.dsv
-- Up-to-date symlink: /home/cm23/ros2_ws/install/mobile_robot_description/share/mobile_robot_description/local_setup.bash
-- Up-to-date symlink: /home/cm23/ros2_ws/install/mobile_robot_description/share/mobile_robot_description/local_setup.sh
-- Up-to-date symlink: /home/cm23/ros2_ws/install/mobile_robot_description/share/mobile_robot_description/local_setup.zsh
-- Up-to-date symlink: /home/cm23/ros2_ws/install/mobile_robot_description/share/mobile_robot_description/local_setup.dsv
-- Symlinking: /home/cm23/ros2_ws/install/mobile_robot_description/share/mobile_robot_description/package.dsv
-- Up-to-date symlink: /home/cm23/ros2_ws/install/mobile_robot_description/share/ament_index/resource_index/packages/mobile_robot_description
-- Up-to-date symlink: /home/cm23/ros2_ws/install/mobile_robot_description/share/mobile_robot_description/cmake/mobile_robot_descriptionConfig.cmake
-- Up-to-date symlink: /home/cm23/ros2_ws/install/mobile_robot_description/share/mobile_robot_description/cmake/mobile_robot_descriptionConfig-version.cmake
-- Up-to-date symlink: /home/cm23/ros2_ws/install/mobile_robot_description/share/mobile_robot_description/package.xml
