[0.302s] Invoking command in '/home/cm23/ros2_ws/build/mobile_robot_description': CMAKE_PREFIX_PATH=${CMAKE_PREFIX_PATH}:/home/cm23/ros2_ws/install/learning_tf2_py:/home/cm23/ros2_ws/install/py_pubsub:/home/cm23/ros2_ws/install/custom_pkg:/opt/ros/humble /usr/bin/cmake --build /home/cm23/ros2_ws/build/mobile_robot_description -- -j16 -l16
[0.582s] Invoked command in '/home/cm23/ros2_ws/build/mobile_robot_description' returned '0': CMAKE_PREFIX_PATH=${CMAKE_PREFIX_PATH}:/home/cm23/ros2_ws/install/learning_tf2_py:/home/cm23/ros2_ws/install/py_pubsub:/home/cm23/ros2_ws/install/custom_pkg:/opt/ros/humble /usr/bin/cmake --build /home/cm23/ros2_ws/build/mobile_robot_description -- -j16 -l16
[0.617s] Invoking command in '/home/cm23/ros2_ws/build/mobile_robot_description': CMAKE_PREFIX_PATH=${CMAKE_PREFIX_PATH}:/home/cm23/ros2_ws/install/learning_tf2_py:/home/cm23/ros2_ws/install/py_pubsub:/home/cm23/ros2_ws/install/custom_pkg:/opt/ros/humble /usr/bin/cmake --install /home/cm23/ros2_ws/build/mobile_robot_description
[0.624s] -- Install configuration: ""
[0.625s] -- Execute custom install script
[0.625s] -- Symlinking: /home/cm23/ros2_ws/install/mobile_robot_description/share/mobile_robot_description/launch/basic_mobile_robot.launch.py
[0.636s] -- Up-to-date symlink: /home/cm23/ros2_ws/install/mobile_robot_description/share/mobile_robot_description/launch/cylinder.launch.py
[0.636s] -- Up-to-date symlink: /home/cm23/ros2_ws/install/mobile_robot_description/share/mobile_robot_description/rviz/display.rviz
[0.636s] -- Up-to-date symlink: /home/cm23/ros2_ws/install/mobile_robot_description/share/mobile_robot_description/urdf/basic_mobile_robot.urdf
[0.637s] -- Up-to-date symlink: /home/cm23/ros2_ws/install/mobile_robot_description/share/mobile_robot_description/urdf/cylinder.urdf
[0.637s] -- Up-to-date symlink: /home/cm23/ros2_ws/install/mobile_robot_description/share/ament_index/resource_index/package_run_dependencies/mobile_robot_description
[0.637s] -- Up-to-date symlink: /home/cm23/ros2_ws/install/mobile_robot_description/share/ament_index/resource_index/parent_prefix_path/mobile_robot_description
[0.637s] -- Up-to-date symlink: /home/cm23/ros2_ws/install/mobile_robot_description/share/mobile_robot_description/environment/ament_prefix_path.sh
[0.637s] -- Up-to-date symlink: /home/cm23/ros2_ws/install/mobile_robot_description/share/mobile_robot_description/environment/ament_prefix_path.dsv
[0.638s] -- Up-to-date symlink: /home/cm23/ros2_ws/install/mobile_robot_description/share/mobile_robot_description/environment/path.sh
[0.638s] -- Up-to-date symlink: /home/cm23/ros2_ws/install/mobile_robot_description/share/mobile_robot_description/environment/path.dsv
[0.638s] -- Up-to-date symlink: /home/cm23/ros2_ws/install/mobile_robot_description/share/mobile_robot_description/local_setup.bash
[0.638s] -- Up-to-date symlink: /home/cm23/ros2_ws/install/mobile_robot_description/share/mobile_robot_description/local_setup.sh
[0.638s] -- Up-to-date symlink: /home/cm23/ros2_ws/install/mobile_robot_description/share/mobile_robot_description/local_setup.zsh
[0.639s] -- Up-to-date symlink: /home/cm23/ros2_ws/install/mobile_robot_description/share/mobile_robot_description/local_setup.dsv
[0.639s] -- Symlinking: /home/cm23/ros2_ws/install/mobile_robot_description/share/mobile_robot_description/package.dsv
[0.648s] -- Up-to-date symlink: /home/cm23/ros2_ws/install/mobile_robot_description/share/ament_index/resource_index/packages/mobile_robot_description
[0.649s] -- Up-to-date symlink: /home/cm23/ros2_ws/install/mobile_robot_description/share/mobile_robot_description/cmake/mobile_robot_descriptionConfig.cmake
[0.649s] -- Up-to-date symlink: /home/cm23/ros2_ws/install/mobile_robot_description/share/mobile_robot_description/cmake/mobile_robot_descriptionConfig-version.cmake
[0.649s] -- Up-to-date symlink: /home/cm23/ros2_ws/install/mobile_robot_description/share/mobile_robot_description/package.xml
[0.651s] Invoked command in '/home/cm23/ros2_ws/build/mobile_robot_description' returned '0': CMAKE_PREFIX_PATH=${CMAKE_PREFIX_PATH}:/home/cm23/ros2_ws/install/learning_tf2_py:/home/cm23/ros2_ws/install/py_pubsub:/home/cm23/ros2_ws/install/custom_pkg:/opt/ros/humble /usr/bin/cmake --install /home/cm23/ros2_ws/build/mobile_robot_description
