[0.939s] Invoking command in '/home/cm23/ros2_ws/build/learning_tf2_py': PYTHONPATH=/home/cm23/ros2_ws/build/learning_tf2_py/prefix_override:/home/cm23/ros2_ws/install/learning_tf2_py/lib/python3.10/site-packages:${PYTHONPATH} /usr/bin/python3 -W ignore:setup.py install is deprecated setup.py develop --editable --build-directory /home/cm23/ros2_ws/build/learning_tf2_py/build --no-deps symlink_data
[1.222s] running develop
[1.222s] /usr/lib/python3/dist-packages/setuptools/command/easy_install.py:158: EasyInstallDeprecationWarning: easy_install command is deprecated. Use build and pip and other standards-based tools.
[1.222s]   warnings.warn(
[1.425s] running egg_info
[1.425s] writing learning_tf2_py.egg-info/PKG-INFO
[1.425s] writing dependency_links to learning_tf2_py.egg-info/dependency_links.txt
[1.425s] writing entry points to learning_tf2_py.egg-info/entry_points.txt
[1.426s] writing requirements to learning_tf2_py.egg-info/requires.txt
[1.426s] writing top-level names to learning_tf2_py.egg-info/top_level.txt
[1.427s] reading manifest file 'learning_tf2_py.egg-info/SOURCES.txt'
[1.428s] writing manifest file 'learning_tf2_py.egg-info/SOURCES.txt'
[1.429s] running build_ext
[1.429s] Creating /home/cm23/ros2_ws/install/learning_tf2_py/lib/python3.10/site-packages/learning-tf2-py.egg-link (link to .)
[1.430s] Installing static_turtle_tf2_broadcaster script to /home/cm23/ros2_ws/install/learning_tf2_py/lib/learning_tf2_py
[1.430s] Installing turtle_tf2_broadcaster script to /home/cm23/ros2_ws/install/learning_tf2_py/lib/learning_tf2_py
[1.430s] 
[1.430s] Installed /home/cm23/ros2_ws/build/learning_tf2_py
[1.430s] running symlink_data
[1.450s] Invoked command in '/home/cm23/ros2_ws/build/learning_tf2_py' returned '0': PYTHONPATH=/home/cm23/ros2_ws/build/learning_tf2_py/prefix_override:/home/cm23/ros2_ws/install/learning_tf2_py/lib/python3.10/site-packages:${PYTHONPATH} /usr/bin/python3 -W ignore:setup.py install is deprecated setup.py develop --editable --build-directory /home/cm23/ros2_ws/build/learning_tf2_py/build --no-deps symlink_data
