[0.021s] Invoking command in '/home/cm23/ros2_ws/build/custom_interfaces': CMAKE_PREFIX_PATH=${CMAKE_PREFIX_PATH}:/home/cm23/ros2_ws/install/learning_tf2_py:/home/cm23/ros2_ws/install/py_pubsub:/home/cm23/ros2_ws/install/custom_pkg:/opt/ros/humble /usr/bin/cmake /home/cm23/ros2_ws/src/custom_interfaces -DAMENT_CMAKE_SYMLINK_INSTALL=1 -DCMAKE_INSTALL_PREFIX=/home/cm23/ros2_ws/install/custom_interfaces
[0.305s] -- The C compiler identification is GNU 11.4.0
[0.305s] -- The CXX compiler identification is GNU 11.4.0
[0.306s] -- Detecting C compiler ABI info
[0.306s] -- Detecting C compiler ABI info - done
[0.306s] -- Check for working C compiler: /usr/bin/cc - skipped
[0.306s] -- Detecting C compile features
[0.306s] -- Detecting C compile features - done
[0.306s] -- Detecting CXX compiler ABI info
[0.333s] -- Detecting CXX compiler ABI info - done
[0.340s] -- Check for working CXX compiler: /usr/bin/c++ - skipped
[0.340s] -- Detecting CXX compile features
[0.341s] -- Detecting CXX compile features - done
[0.343s] -- Found ament_cmake: 1.3.9 (/opt/ros/humble/share/ament_cmake/cmake)
[0.505s] -- Found Python3: /usr/bin/python3 (found version "3.10.12") found components: Interpreter 
[0.566s] -- Override CMake install command with custom implementation using symlinks instead of copying resources
[0.603s] -- Found action_msgs: 1.2.1 (/opt/ros/humble/share/action_msgs/cmake)
[0.647s] -- Found rosidl_generator_c: 3.1.5 (/opt/ros/humble/share/rosidl_generator_c/cmake)
[0.652s] -- Found rosidl_adapter: 3.1.5 (/opt/ros/humble/share/rosidl_adapter/cmake)
[0.661s] -- Found rosidl_generator_cpp: 3.1.5 (/opt/ros/humble/share/rosidl_generator_cpp/cmake)
[0.674s] -- Using all available rosidl_typesupport_c: rosidl_typesupport_fastrtps_c;rosidl_typesupport_introspection_c
[0.694s] -- Using all available rosidl_typesupport_cpp: rosidl_typesupport_fastrtps_cpp;rosidl_typesupport_introspection_cpp
[0.769s] -- Found rosidl_default_generators: 1.2.0 (/opt/ros/humble/share/rosidl_default_generators/cmake)
[1.061s] -- Found ament_cmake_ros: 0.10.0 (/opt/ros/humble/share/ament_cmake_ros/cmake)
[1.416s] -- Using all available rosidl_typesupport_c: rosidl_typesupport_fastrtps_c;rosidl_typesupport_introspection_c
[1.552s] -- Using all available rosidl_typesupport_cpp: rosidl_typesupport_fastrtps_cpp;rosidl_typesupport_introspection_cpp
[1.580s] -- Found PythonInterp: /usr/bin/python3 (found suitable version "3.10.12", minimum required is "3.6") 
[1.582s] -- Found python_cmake_module: 0.10.0 (/opt/ros/humble/share/python_cmake_module/cmake)
[1.613s] -- Found PythonLibs: /usr/lib/x86_64-linux-gnu/libpython3.10.so (found suitable version "3.10.12", minimum required is "3.5") 
[1.613s] -- Using PYTHON_EXECUTABLE: /usr/bin/python3
[1.613s] -- Using PYTHON_INCLUDE_DIRS: /usr/include/python3.10
[1.613s] -- Using PYTHON_LIBRARIES: /usr/lib/x86_64-linux-gnu/libpython3.10.so
[1.638s] -- Found PythonExtra: .so  
[1.689s] -- Found ament_lint_auto: 0.12.11 (/opt/ros/humble/share/ament_lint_auto/cmake)
[1.716s] -- Added test 'lint_cmake' to check CMake code style
[1.718s] -- Added test 'xmllint' to check XML markup files
[1.722s] -- Configuring done
[1.762s] -- Generating done
[1.764s] -- Build files have been written to: /home/cm23/ros2_ws/build/custom_interfaces
[1.771s] Invoked command in '/home/cm23/ros2_ws/build/custom_interfaces' returned '0': CMAKE_PREFIX_PATH=${CMAKE_PREFIX_PATH}:/home/cm23/ros2_ws/install/learning_tf2_py:/home/cm23/ros2_ws/install/py_pubsub:/home/cm23/ros2_ws/install/custom_pkg:/opt/ros/humble /usr/bin/cmake /home/cm23/ros2_ws/src/custom_interfaces -DAMENT_CMAKE_SYMLINK_INSTALL=1 -DCMAKE_INSTALL_PREFIX=/home/cm23/ros2_ws/install/custom_interfaces
[1.773s] Invoking command in '/home/cm23/ros2_ws/build/custom_interfaces': CMAKE_PREFIX_PATH=${CMAKE_PREFIX_PATH}:/home/cm23/ros2_ws/install/learning_tf2_py:/home/cm23/ros2_ws/install/py_pubsub:/home/cm23/ros2_ws/install/custom_pkg:/opt/ros/humble /usr/bin/cmake --build /home/cm23/ros2_ws/build/custom_interfaces -- -j16 -l16
[1.820s] [  2%] [34m[1mGenerating C code for ROS interfaces[0m
[1.830s] [  4%] [34m[1mGenerating C++ code for ROS interfaces[0m
[1.839s] [  4%] Built target ament_cmake_python_symlink_custom_interfaces
[2.109s] running egg_info
[2.110s] creating custom_interfaces.egg-info
[2.110s] writing custom_interfaces.egg-info/PKG-INFO
[2.110s] writing dependency_links to custom_interfaces.egg-info/dependency_links.txt
[2.110s] writing top-level names to custom_interfaces.egg-info/top_level.txt
[2.110s] writing manifest file 'custom_interfaces.egg-info/SOURCES.txt'
[2.112s] reading manifest file 'custom_interfaces.egg-info/SOURCES.txt'
[2.112s] writing manifest file 'custom_interfaces.egg-info/SOURCES.txt'
[2.135s] [  4%] Built target ament_cmake_python_build_custom_interfaces_egg
[2.336s] [  4%] Built target custom_interfaces__cpp
[2.347s] [  6%] [34m[1mGenerating C++ type support dispatch for ROS interfaces[0m
[2.348s] [  8%] [34m[1mGenerating C++ type support for eProsima Fast-RTPS[0m
[2.348s] [ 10%] [34m[1mGenerating C++ introspection for ROS interfaces[0m
[2.362s] [ 12%] [32mBuilding C object CMakeFiles/custom_interfaces__rosidl_generator_c.dir/rosidl_generator_c/custom_interfaces/msg/detail/custom_message__functions.c.o[0m
[2.362s] [ 14%] [32mBuilding C object CMakeFiles/custom_interfaces__rosidl_generator_c.dir/rosidl_generator_c/custom_interfaces/srv/detail/custom_service__functions.c.o[0m
[2.362s] [ 17%] [32mBuilding C object CMakeFiles/custom_interfaces__rosidl_generator_c.dir/rosidl_generator_c/custom_interfaces/action/detail/custom_action__functions.c.o[0m
[2.483s] [ 19%] [32m[1mLinking C shared library libcustom_interfaces__rosidl_generator_c.so[0m
[2.524s] [ 19%] Built target custom_interfaces__rosidl_generator_c
[2.534s] [ 23%] [34m[1mGenerating C type support for eProsima Fast-RTPS[0m
[2.535s] [ 23%] [34m[1mGenerating C type support dispatch for ROS interfaces[0m
[2.535s] [ 25%] [34m[1mGenerating C introspection for ROS interfaces[0m
[2.697s] [ 27%] [32mBuilding CXX object CMakeFiles/custom_interfaces__rosidl_typesupport_cpp.dir/rosidl_typesupport_cpp/custom_interfaces/msg/custom_message__type_support.cpp.o[0m
[2.698s] [ 29%] [32mBuilding CXX object CMakeFiles/custom_interfaces__rosidl_typesupport_cpp.dir/rosidl_typesupport_cpp/custom_interfaces/action/custom_action__type_support.cpp.o[0m
[2.698s] [ 31%] [32mBuilding CXX object CMakeFiles/custom_interfaces__rosidl_typesupport_cpp.dir/rosidl_typesupport_cpp/custom_interfaces/srv/custom_service__type_support.cpp.o[0m
[2.752s] [ 34%] [32mBuilding CXX object CMakeFiles/custom_interfaces__rosidl_typesupport_introspection_cpp.dir/rosidl_typesupport_introspection_cpp/custom_interfaces/msg/detail/custom_message__type_support.cpp.o[0m
[2.755s] [ 36%] [32mBuilding CXX object CMakeFiles/custom_interfaces__rosidl_typesupport_introspection_cpp.dir/rosidl_typesupport_introspection_cpp/custom_interfaces/srv/detail/custom_service__type_support.cpp.o[0m
[2.755s] [ 38%] [32mBuilding CXX object CMakeFiles/custom_interfaces__rosidl_typesupport_introspection_cpp.dir/rosidl_typesupport_introspection_cpp/custom_interfaces/action/detail/custom_action__type_support.cpp.o[0m
[2.876s] [ 40%] [32mBuilding CXX object CMakeFiles/custom_interfaces__rosidl_typesupport_fastrtps_cpp.dir/rosidl_typesupport_fastrtps_cpp/custom_interfaces/action/detail/dds_fastrtps/custom_action__type_support.cpp.o[0m
[2.877s] [ 42%] [32mBuilding CXX object CMakeFiles/custom_interfaces__rosidl_typesupport_fastrtps_cpp.dir/rosidl_typesupport_fastrtps_cpp/custom_interfaces/srv/detail/dds_fastrtps/custom_service__type_support.cpp.o[0m
[2.879s] [ 44%] [32mBuilding CXX object CMakeFiles/custom_interfaces__rosidl_typesupport_fastrtps_cpp.dir/rosidl_typesupport_fastrtps_cpp/custom_interfaces/msg/detail/dds_fastrtps/custom_message__type_support.cpp.o[0m
[2.910s] [ 46%] [32mBuilding CXX object CMakeFiles/custom_interfaces__rosidl_typesupport_c.dir/rosidl_typesupport_c/custom_interfaces/msg/custom_message__type_support.cpp.o[0m
[2.911s] [ 48%] [32mBuilding CXX object CMakeFiles/custom_interfaces__rosidl_typesupport_c.dir/rosidl_typesupport_c/custom_interfaces/srv/custom_service__type_support.cpp.o[0m
[2.913s] [ 51%] [32mBuilding CXX object CMakeFiles/custom_interfaces__rosidl_typesupport_c.dir/rosidl_typesupport_c/custom_interfaces/action/custom_action__type_support.cpp.o[0m
[2.994s] [ 53%] [32m[1mLinking CXX shared library libcustom_interfaces__rosidl_typesupport_c.so[0m
[3.020s] [ 57%] [32mBuilding C object CMakeFiles/custom_interfaces__rosidl_typesupport_introspection_c.dir/rosidl_typesupport_introspection_c/custom_interfaces/msg/detail/custom_message__type_support.c.o[0m
[3.021s] [ 57%] [32mBuilding C object CMakeFiles/custom_interfaces__rosidl_typesupport_introspection_c.dir/rosidl_typesupport_introspection_c/custom_interfaces/srv/detail/custom_service__type_support.c.o[0m
[3.022s] [ 59%] [32mBuilding C object CMakeFiles/custom_interfaces__rosidl_typesupport_introspection_c.dir/rosidl_typesupport_introspection_c/custom_interfaces/action/detail/custom_action__type_support.c.o[0m
[3.046s] [ 59%] Built target custom_interfaces__rosidl_typesupport_c
[3.061s] [ 61%] [32mBuilding CXX object CMakeFiles/custom_interfaces__rosidl_typesupport_fastrtps_c.dir/rosidl_typesupport_fastrtps_c/custom_interfaces/srv/detail/custom_service__type_support_c.cpp.o[0m
[3.063s] [ 63%] [32mBuilding CXX object CMakeFiles/custom_interfaces__rosidl_typesupport_fastrtps_c.dir/rosidl_typesupport_fastrtps_c/custom_interfaces/action/detail/custom_action__type_support_c.cpp.o[0m
[3.063s] [ 65%] [32mBuilding CXX object CMakeFiles/custom_interfaces__rosidl_typesupport_fastrtps_c.dir/rosidl_typesupport_fastrtps_c/custom_interfaces/msg/detail/custom_message__type_support_c.cpp.o[0m
[3.102s] [ 68%] [32m[1mLinking C shared library libcustom_interfaces__rosidl_typesupport_introspection_c.so[0m
[3.151s] [ 68%] Built target custom_interfaces__rosidl_typesupport_introspection_c
[3.229s] [ 70%] [32m[1mLinking CXX shared library libcustom_interfaces__rosidl_typesupport_cpp.so[0m
[3.275s] [ 70%] Built target custom_interfaces__rosidl_typesupport_cpp
[3.398s] [ 72%] [32m[1mLinking CXX shared library libcustom_interfaces__rosidl_typesupport_introspection_cpp.so[0m
[3.430s] [ 74%] [32m[1mLinking CXX shared library libcustom_interfaces__rosidl_typesupport_fastrtps_c.so[0m
[3.472s] [ 74%] Built target custom_interfaces__rosidl_typesupport_introspection_cpp
[3.501s] [ 76%] [32m[1mLinking CXX shared library libcustom_interfaces__rosidl_typesupport_fastrtps_cpp.so[0m
[3.505s] [ 76%] Built target custom_interfaces__rosidl_typesupport_fastrtps_c
[3.574s] [ 76%] Built target custom_interfaces__rosidl_typesupport_fastrtps_cpp
[3.596s] [ 76%] Built target custom_interfaces
[3.619s] [ 78%] [34m[1mGenerating Python code for ROS interfaces[0m
[4.517s] [ 78%] Built target custom_interfaces__py
[4.541s] [ 80%] [32mBuilding C object CMakeFiles/custom_interfaces__rosidl_generator_py.dir/rosidl_generator_py/custom_interfaces/msg/_custom_message_s.c.o[0m
[4.542s] [ 82%] [32mBuilding C object CMakeFiles/custom_interfaces__rosidl_generator_py.dir/rosidl_generator_py/custom_interfaces/srv/_custom_service_s.c.o[0m
[4.542s] [ 85%] [32mBuilding C object CMakeFiles/custom_interfaces__rosidl_generator_py.dir/rosidl_generator_py/custom_interfaces/action/_custom_action_s.c.o[0m
[4.677s] [ 87%] [32m[1mLinking C shared library rosidl_generator_py/custom_interfaces/libcustom_interfaces__rosidl_generator_py.so[0m
[4.724s] [ 87%] Built target custom_interfaces__rosidl_generator_py
[4.745s] [ 89%] [32mBuilding C object CMakeFiles/custom_interfaces__rosidl_typesupport_fastrtps_c__pyext.dir/rosidl_generator_py/custom_interfaces/_custom_interfaces_s.ep.rosidl_typesupport_fastrtps_c.c.o[0m
[4.748s] [ 93%] [32mBuilding C object CMakeFiles/custom_interfaces__rosidl_typesupport_c__pyext.dir/rosidl_generator_py/custom_interfaces/_custom_interfaces_s.ep.rosidl_typesupport_c.c.o[0m
[4.748s] [ 93%] [32mBuilding C object CMakeFiles/custom_interfaces__rosidl_typesupport_introspection_c__pyext.dir/rosidl_generator_py/custom_interfaces/_custom_interfaces_s.ep.rosidl_typesupport_introspection_c.c.o[0m
[4.877s] [ 95%] [32m[1mLinking C shared library rosidl_generator_py/custom_interfaces/custom_interfaces_s__rosidl_typesupport_introspection_c.cpython-310-x86_64-linux-gnu.so[0m
[4.879s] [ 97%] [32m[1mLinking C shared library rosidl_generator_py/custom_interfaces/custom_interfaces_s__rosidl_typesupport_fastrtps_c.cpython-310-x86_64-linux-gnu.so[0m
[4.880s] [100%] [32m[1mLinking C shared library rosidl_generator_py/custom_interfaces/custom_interfaces_s__rosidl_typesupport_c.cpython-310-x86_64-linux-gnu.so[0m
[4.924s] [100%] Built target custom_interfaces__rosidl_typesupport_introspection_c__pyext
[4.926s] [100%] Built target custom_interfaces__rosidl_typesupport_fastrtps_c__pyext
[4.927s] [100%] Built target custom_interfaces__rosidl_typesupport_c__pyext
[4.941s] Invoked command in '/home/cm23/ros2_ws/build/custom_interfaces' returned '0': CMAKE_PREFIX_PATH=${CMAKE_PREFIX_PATH}:/home/cm23/ros2_ws/install/learning_tf2_py:/home/cm23/ros2_ws/install/py_pubsub:/home/cm23/ros2_ws/install/custom_pkg:/opt/ros/humble /usr/bin/cmake --build /home/cm23/ros2_ws/build/custom_interfaces -- -j16 -l16
[5.066s] Invoking command in '/home/cm23/ros2_ws/build/custom_interfaces': CMAKE_PREFIX_PATH=${CMAKE_PREFIX_PATH}:/home/cm23/ros2_ws/install/learning_tf2_py:/home/cm23/ros2_ws/install/py_pubsub:/home/cm23/ros2_ws/install/custom_pkg:/opt/ros/humble /usr/bin/cmake --install /home/cm23/ros2_ws/build/custom_interfaces
[5.074s] -- Install configuration: ""
[5.075s] -- Execute custom install script
[5.076s] -- Symlinking: /home/cm23/ros2_ws/install/custom_interfaces/share/ament_index/resource_index/rosidl_interfaces/custom_interfaces
[5.086s] -- Symlinking: /home/cm23/ros2_ws/install/custom_interfaces/include/custom_interfaces/custom_interfaces/action/custom_action.h
[5.096s] -- Symlinking: /home/cm23/ros2_ws/install/custom_interfaces/include/custom_interfaces/custom_interfaces/action/detail/custom_action__functions.h
[5.107s] -- Symlinking: /home/cm23/ros2_ws/install/custom_interfaces/include/custom_interfaces/custom_interfaces/action/detail/custom_action__struct.h
[5.117s] -- Symlinking: /home/cm23/ros2_ws/install/custom_interfaces/include/custom_interfaces/custom_interfaces/action/detail/custom_action__type_support.h
[5.128s] -- Symlinking: /home/cm23/ros2_ws/install/custom_interfaces/include/custom_interfaces/custom_interfaces/msg/custom_message.h
[5.139s] -- Symlinking: /home/cm23/ros2_ws/install/custom_interfaces/include/custom_interfaces/custom_interfaces/msg/detail/custom_message__functions.h
[5.149s] -- Symlinking: /home/cm23/ros2_ws/install/custom_interfaces/include/custom_interfaces/custom_interfaces/msg/detail/custom_message__struct.h
[5.159s] -- Symlinking: /home/cm23/ros2_ws/install/custom_interfaces/include/custom_interfaces/custom_interfaces/msg/detail/custom_message__type_support.h
[5.169s] -- Symlinking: /home/cm23/ros2_ws/install/custom_interfaces/include/custom_interfaces/custom_interfaces/msg/rosidl_generator_c__visibility_control.h
[5.180s] -- Symlinking: /home/cm23/ros2_ws/install/custom_interfaces/include/custom_interfaces/custom_interfaces/srv/custom_service.h
[5.190s] -- Symlinking: /home/cm23/ros2_ws/install/custom_interfaces/include/custom_interfaces/custom_interfaces/srv/detail/custom_service__functions.h
[5.201s] -- Symlinking: /home/cm23/ros2_ws/install/custom_interfaces/include/custom_interfaces/custom_interfaces/srv/detail/custom_service__struct.h
[5.211s] -- Symlinking: /home/cm23/ros2_ws/install/custom_interfaces/include/custom_interfaces/custom_interfaces/srv/detail/custom_service__type_support.h
[5.222s] -- Symlinking: /home/cm23/ros2_ws/install/custom_interfaces/share/custom_interfaces/environment/library_path.sh
[5.232s] -- Symlinking: /home/cm23/ros2_ws/install/custom_interfaces/share/custom_interfaces/environment/library_path.dsv
[5.243s] -- Symlinking: /home/cm23/ros2_ws/install/custom_interfaces/include/custom_interfaces/custom_interfaces/action/detail/custom_action__rosidl_typesupport_fastrtps_c.h
[5.253s] -- Symlinking: /home/cm23/ros2_ws/install/custom_interfaces/include/custom_interfaces/custom_interfaces/msg/detail/custom_message__rosidl_typesupport_fastrtps_c.h
[5.264s] -- Symlinking: /home/cm23/ros2_ws/install/custom_interfaces/include/custom_interfaces/custom_interfaces/msg/rosidl_typesupport_fastrtps_c__visibility_control.h
[5.275s] -- Symlinking: /home/cm23/ros2_ws/install/custom_interfaces/include/custom_interfaces/custom_interfaces/srv/detail/custom_service__rosidl_typesupport_fastrtps_c.h
[5.285s] -- Symlinking: /home/cm23/ros2_ws/install/custom_interfaces/include/custom_interfaces/custom_interfaces/action/custom_action.hpp
[5.296s] -- Symlinking: /home/cm23/ros2_ws/install/custom_interfaces/include/custom_interfaces/custom_interfaces/action/detail/custom_action__builder.hpp
[5.306s] -- Symlinking: /home/cm23/ros2_ws/install/custom_interfaces/include/custom_interfaces/custom_interfaces/action/detail/custom_action__struct.hpp
[5.316s] -- Symlinking: /home/cm23/ros2_ws/install/custom_interfaces/include/custom_interfaces/custom_interfaces/action/detail/custom_action__traits.hpp
[5.326s] -- Symlinking: /home/cm23/ros2_ws/install/custom_interfaces/include/custom_interfaces/custom_interfaces/msg/custom_message.hpp
[5.336s] -- Symlinking: /home/cm23/ros2_ws/install/custom_interfaces/include/custom_interfaces/custom_interfaces/msg/detail/custom_message__builder.hpp
[5.346s] -- Symlinking: /home/cm23/ros2_ws/install/custom_interfaces/include/custom_interfaces/custom_interfaces/msg/detail/custom_message__struct.hpp
[5.356s] -- Symlinking: /home/cm23/ros2_ws/install/custom_interfaces/include/custom_interfaces/custom_interfaces/msg/detail/custom_message__traits.hpp
[5.365s] -- Symlinking: /home/cm23/ros2_ws/install/custom_interfaces/include/custom_interfaces/custom_interfaces/srv/custom_service.hpp
[5.375s] -- Symlinking: /home/cm23/ros2_ws/install/custom_interfaces/include/custom_interfaces/custom_interfaces/srv/detail/custom_service__builder.hpp
[5.385s] -- Symlinking: /home/cm23/ros2_ws/install/custom_interfaces/include/custom_interfaces/custom_interfaces/srv/detail/custom_service__struct.hpp
[5.395s] -- Symlinking: /home/cm23/ros2_ws/install/custom_interfaces/include/custom_interfaces/custom_interfaces/srv/detail/custom_service__traits.hpp
[5.406s] -- Symlinking: /home/cm23/ros2_ws/install/custom_interfaces/include/custom_interfaces/custom_interfaces/action/detail/custom_action__rosidl_typesupport_fastrtps_cpp.hpp
[5.416s] -- Symlinking: /home/cm23/ros2_ws/install/custom_interfaces/include/custom_interfaces/custom_interfaces/msg/detail/custom_message__rosidl_typesupport_fastrtps_cpp.hpp
[5.426s] -- Symlinking: /home/cm23/ros2_ws/install/custom_interfaces/include/custom_interfaces/custom_interfaces/msg/rosidl_typesupport_fastrtps_cpp__visibility_control.h
[5.436s] -- Symlinking: /home/cm23/ros2_ws/install/custom_interfaces/include/custom_interfaces/custom_interfaces/srv/detail/custom_service__rosidl_typesupport_fastrtps_cpp.hpp
[5.446s] -- Symlinking: /home/cm23/ros2_ws/install/custom_interfaces/include/custom_interfaces/custom_interfaces/action/detail/custom_action__rosidl_typesupport_introspection_c.h
[5.456s] -- Symlinking: /home/cm23/ros2_ws/install/custom_interfaces/include/custom_interfaces/custom_interfaces/msg/detail/custom_message__rosidl_typesupport_introspection_c.h
[5.465s] -- Symlinking: /home/cm23/ros2_ws/install/custom_interfaces/include/custom_interfaces/custom_interfaces/msg/rosidl_typesupport_introspection_c__visibility_control.h
[5.476s] -- Symlinking: /home/cm23/ros2_ws/install/custom_interfaces/include/custom_interfaces/custom_interfaces/srv/detail/custom_service__rosidl_typesupport_introspection_c.h
[5.485s] -- Symlinking: /home/cm23/ros2_ws/install/custom_interfaces/include/custom_interfaces/custom_interfaces/action/detail/custom_action__rosidl_typesupport_introspection_cpp.hpp
[5.495s] -- Symlinking: /home/cm23/ros2_ws/install/custom_interfaces/include/custom_interfaces/custom_interfaces/msg/detail/custom_message__rosidl_typesupport_introspection_cpp.hpp
[5.504s] -- Symlinking: /home/cm23/ros2_ws/install/custom_interfaces/include/custom_interfaces/custom_interfaces/srv/detail/custom_service__rosidl_typesupport_introspection_cpp.hpp
[5.515s] -- Symlinking: /home/cm23/ros2_ws/install/custom_interfaces/share/custom_interfaces/environment/pythonpath.sh
[5.525s] -- Symlinking: /home/cm23/ros2_ws/install/custom_interfaces/share/custom_interfaces/environment/pythonpath.dsv
[5.535s] -- Symlinking: /home/cm23/ros2_ws/install/custom_interfaces/local/lib/python3.10/dist-packages/custom_interfaces-0.0.0-py3.10.egg-info/PKG-INFO
[5.544s] -- Symlinking: /home/cm23/ros2_ws/install/custom_interfaces/local/lib/python3.10/dist-packages/custom_interfaces-0.0.0-py3.10.egg-info/SOURCES.txt
[5.555s] -- Symlinking: /home/cm23/ros2_ws/install/custom_interfaces/local/lib/python3.10/dist-packages/custom_interfaces-0.0.0-py3.10.egg-info/dependency_links.txt
[5.565s] -- Symlinking: /home/cm23/ros2_ws/install/custom_interfaces/local/lib/python3.10/dist-packages/custom_interfaces-0.0.0-py3.10.egg-info/top_level.txt
[5.576s] -- Symlinking: /home/cm23/ros2_ws/install/custom_interfaces/local/lib/python3.10/dist-packages/custom_interfaces/__init__.py
[5.586s] -- Symlinking: /home/cm23/ros2_ws/install/custom_interfaces/local/lib/python3.10/dist-packages/custom_interfaces/_custom_interfaces_s.ep.rosidl_typesupport_c.c
[5.595s] -- Symlinking: /home/cm23/ros2_ws/install/custom_interfaces/local/lib/python3.10/dist-packages/custom_interfaces/_custom_interfaces_s.ep.rosidl_typesupport_fastrtps_c.c
[5.605s] -- Symlinking: /home/cm23/ros2_ws/install/custom_interfaces/local/lib/python3.10/dist-packages/custom_interfaces/_custom_interfaces_s.ep.rosidl_typesupport_introspection_c.c
[5.615s] -- Symlinking: /home/cm23/ros2_ws/install/custom_interfaces/local/lib/python3.10/dist-packages/custom_interfaces/action/__init__.py
[5.625s] -- Symlinking: /home/cm23/ros2_ws/install/custom_interfaces/local/lib/python3.10/dist-packages/custom_interfaces/action/_custom_action.py
[5.636s] -- Symlinking: /home/cm23/ros2_ws/install/custom_interfaces/local/lib/python3.10/dist-packages/custom_interfaces/action/_custom_action_s.c
[5.644s] -- Symlinking: /home/cm23/ros2_ws/install/custom_interfaces/local/lib/python3.10/dist-packages/custom_interfaces/custom_interfaces_s__rosidl_typesupport_c.cpython-310-x86_64-linux-gnu.so
[5.653s] -- Symlinking: /home/cm23/ros2_ws/install/custom_interfaces/local/lib/python3.10/dist-packages/custom_interfaces/custom_interfaces_s__rosidl_typesupport_fastrtps_c.cpython-310-x86_64-linux-gnu.so
[5.663s] -- Symlinking: /home/cm23/ros2_ws/install/custom_interfaces/local/lib/python3.10/dist-packages/custom_interfaces/custom_interfaces_s__rosidl_typesupport_introspection_c.cpython-310-x86_64-linux-gnu.so
[5.672s] -- Symlinking: /home/cm23/ros2_ws/install/custom_interfaces/local/lib/python3.10/dist-packages/custom_interfaces/libcustom_interfaces__rosidl_generator_py.so
[5.682s] -- Symlinking: /home/cm23/ros2_ws/install/custom_interfaces/local/lib/python3.10/dist-packages/custom_interfaces/msg/__init__.py
[5.692s] -- Symlinking: /home/cm23/ros2_ws/install/custom_interfaces/local/lib/python3.10/dist-packages/custom_interfaces/msg/_custom_message.py
[5.701s] -- Symlinking: /home/cm23/ros2_ws/install/custom_interfaces/local/lib/python3.10/dist-packages/custom_interfaces/msg/_custom_message_s.c
[5.711s] -- Symlinking: /home/cm23/ros2_ws/install/custom_interfaces/local/lib/python3.10/dist-packages/custom_interfaces/srv/__init__.py
[5.721s] -- Symlinking: /home/cm23/ros2_ws/install/custom_interfaces/local/lib/python3.10/dist-packages/custom_interfaces/srv/_custom_service.py
[5.731s] -- Symlinking: /home/cm23/ros2_ws/install/custom_interfaces/local/lib/python3.10/dist-packages/custom_interfaces/srv/_custom_service_s.c
[5.740s] -- Up-to-date symlink: /home/cm23/ros2_ws/install/custom_interfaces/local/lib/python3.10/dist-packages/custom_interfaces/custom_interfaces_s__rosidl_typesupport_fastrtps_c.cpython-310-x86_64-linux-gnu.so
[5.741s] -- Up-to-date symlink: /home/cm23/ros2_ws/install/custom_interfaces/local/lib/python3.10/dist-packages/custom_interfaces/custom_interfaces_s__rosidl_typesupport_introspection_c.cpython-310-x86_64-linux-gnu.so
[5.741s] -- Up-to-date symlink: /home/cm23/ros2_ws/install/custom_interfaces/local/lib/python3.10/dist-packages/custom_interfaces/custom_interfaces_s__rosidl_typesupport_c.cpython-310-x86_64-linux-gnu.so
[5.741s] -- Symlinking: /home/cm23/ros2_ws/install/custom_interfaces/share/custom_interfaces/msg/CustomMessage.idl
[5.752s] -- Symlinking: /home/cm23/ros2_ws/install/custom_interfaces/share/custom_interfaces/srv/CustomService.idl
[5.761s] -- Symlinking: /home/cm23/ros2_ws/install/custom_interfaces/share/custom_interfaces/action/CustomAction.idl
[5.771s] -- Symlinking: /home/cm23/ros2_ws/install/custom_interfaces/share/custom_interfaces/msg/CustomMessage.msg
[5.780s] -- Symlinking: /home/cm23/ros2_ws/install/custom_interfaces/share/custom_interfaces/srv/CustomService.srv
[5.791s] -- Symlinking: /home/cm23/ros2_ws/install/custom_interfaces/share/custom_interfaces/srv/CustomService_Request.msg
[5.801s] -- Symlinking: /home/cm23/ros2_ws/install/custom_interfaces/share/custom_interfaces/srv/CustomService_Response.msg
[5.811s] -- Symlinking: /home/cm23/ros2_ws/install/custom_interfaces/share/custom_interfaces/action/CustomAction.action
[5.821s] -- Symlinking: /home/cm23/ros2_ws/install/custom_interfaces/share/ament_index/resource_index/package_run_dependencies/custom_interfaces
[5.832s] -- Symlinking: /home/cm23/ros2_ws/install/custom_interfaces/share/ament_index/resource_index/parent_prefix_path/custom_interfaces
[5.842s] -- Symlinking: /home/cm23/ros2_ws/install/custom_interfaces/share/custom_interfaces/environment/ament_prefix_path.sh
[5.853s] -- Symlinking: /home/cm23/ros2_ws/install/custom_interfaces/share/custom_interfaces/environment/ament_prefix_path.dsv
[5.863s] -- Symlinking: /home/cm23/ros2_ws/install/custom_interfaces/share/custom_interfaces/environment/path.sh
[5.874s] -- Symlinking: /home/cm23/ros2_ws/install/custom_interfaces/share/custom_interfaces/environment/path.dsv
[5.884s] -- Symlinking: /home/cm23/ros2_ws/install/custom_interfaces/share/custom_interfaces/local_setup.bash
[5.895s] -- Symlinking: /home/cm23/ros2_ws/install/custom_interfaces/share/custom_interfaces/local_setup.sh
[5.905s] -- Symlinking: /home/cm23/ros2_ws/install/custom_interfaces/share/custom_interfaces/local_setup.zsh
[5.916s] -- Symlinking: /home/cm23/ros2_ws/install/custom_interfaces/share/custom_interfaces/local_setup.dsv
[5.926s] -- Symlinking: /home/cm23/ros2_ws/install/custom_interfaces/share/custom_interfaces/package.dsv
[5.936s] -- Symlinking: /home/cm23/ros2_ws/install/custom_interfaces/share/ament_index/resource_index/packages/custom_interfaces
[5.947s] -- Symlinking: /home/cm23/ros2_ws/install/custom_interfaces/share/custom_interfaces/cmake/rosidl_cmake-extras.cmake
[5.957s] -- Symlinking: /home/cm23/ros2_ws/install/custom_interfaces/share/custom_interfaces/cmake/ament_cmake_export_dependencies-extras.cmake
[5.967s] -- Symlinking: /home/cm23/ros2_ws/install/custom_interfaces/share/custom_interfaces/cmake/ament_cmake_export_include_directories-extras.cmake
[5.977s] -- Symlinking: /home/cm23/ros2_ws/install/custom_interfaces/share/custom_interfaces/cmake/ament_cmake_export_libraries-extras.cmake
[5.988s] -- Symlinking: /home/cm23/ros2_ws/install/custom_interfaces/share/custom_interfaces/cmake/ament_cmake_export_targets-extras.cmake
[5.997s] -- Symlinking: /home/cm23/ros2_ws/install/custom_interfaces/share/custom_interfaces/cmake/rosidl_cmake_export_typesupport_targets-extras.cmake
[6.007s] -- Symlinking: /home/cm23/ros2_ws/install/custom_interfaces/share/custom_interfaces/cmake/rosidl_cmake_export_typesupport_libraries-extras.cmake
[6.017s] -- Symlinking: /home/cm23/ros2_ws/install/custom_interfaces/share/custom_interfaces/cmake/custom_interfacesConfig.cmake
[6.027s] -- Symlinking: /home/cm23/ros2_ws/install/custom_interfaces/share/custom_interfaces/cmake/custom_interfacesConfig-version.cmake
[6.037s] -- Symlinking: /home/cm23/ros2_ws/install/custom_interfaces/share/custom_interfaces/package.xml
[6.047s] -- Installing: /home/cm23/ros2_ws/install/custom_interfaces/lib/libcustom_interfaces__rosidl_generator_c.so
[6.047s] -- Set runtime path of "/home/cm23/ros2_ws/install/custom_interfaces/lib/libcustom_interfaces__rosidl_generator_c.so" to ""
[6.048s] -- Installing: /home/cm23/ros2_ws/install/custom_interfaces/lib/libcustom_interfaces__rosidl_typesupport_fastrtps_c.so
[6.048s] -- Set runtime path of "/home/cm23/ros2_ws/install/custom_interfaces/lib/libcustom_interfaces__rosidl_typesupport_fastrtps_c.so" to ""
[6.048s] -- Installing: /home/cm23/ros2_ws/install/custom_interfaces/lib/libcustom_interfaces__rosidl_typesupport_fastrtps_cpp.so
[6.049s] -- Set runtime path of "/home/cm23/ros2_ws/install/custom_interfaces/lib/libcustom_interfaces__rosidl_typesupport_fastrtps_cpp.so" to ""
[6.049s] -- Installing: /home/cm23/ros2_ws/install/custom_interfaces/lib/libcustom_interfaces__rosidl_typesupport_introspection_c.so
[6.050s] -- Set runtime path of "/home/cm23/ros2_ws/install/custom_interfaces/lib/libcustom_interfaces__rosidl_typesupport_introspection_c.so" to ""
[6.050s] -- Installing: /home/cm23/ros2_ws/install/custom_interfaces/lib/libcustom_interfaces__rosidl_typesupport_c.so
[6.050s] -- Set runtime path of "/home/cm23/ros2_ws/install/custom_interfaces/lib/libcustom_interfaces__rosidl_typesupport_c.so" to ""
[6.050s] -- Installing: /home/cm23/ros2_ws/install/custom_interfaces/lib/libcustom_interfaces__rosidl_typesupport_introspection_cpp.so
[6.051s] -- Set runtime path of "/home/cm23/ros2_ws/install/custom_interfaces/lib/libcustom_interfaces__rosidl_typesupport_introspection_cpp.so" to ""
[6.051s] -- Installing: /home/cm23/ros2_ws/install/custom_interfaces/lib/libcustom_interfaces__rosidl_typesupport_cpp.so
[6.052s] -- Set runtime path of "/home/cm23/ros2_ws/install/custom_interfaces/lib/libcustom_interfaces__rosidl_typesupport_cpp.so" to ""
[6.097s] Listing '/home/cm23/ros2_ws/install/custom_interfaces/local/lib/python3.10/dist-packages/custom_interfaces'...
[6.097s] Compiling '/home/cm23/ros2_ws/install/custom_interfaces/local/lib/python3.10/dist-packages/custom_interfaces/__init__.py'...
[6.097s] Listing '/home/cm23/ros2_ws/install/custom_interfaces/local/lib/python3.10/dist-packages/custom_interfaces/action'...
[6.097s] Compiling '/home/cm23/ros2_ws/install/custom_interfaces/local/lib/python3.10/dist-packages/custom_interfaces/action/__init__.py'...
[6.097s] Compiling '/home/cm23/ros2_ws/install/custom_interfaces/local/lib/python3.10/dist-packages/custom_interfaces/action/_custom_action.py'...
[6.097s] Listing '/home/cm23/ros2_ws/install/custom_interfaces/local/lib/python3.10/dist-packages/custom_interfaces/msg'...
[6.097s] Compiling '/home/cm23/ros2_ws/install/custom_interfaces/local/lib/python3.10/dist-packages/custom_interfaces/msg/__init__.py'...
[6.097s] Compiling '/home/cm23/ros2_ws/install/custom_interfaces/local/lib/python3.10/dist-packages/custom_interfaces/msg/_custom_message.py'...
[6.098s] Listing '/home/cm23/ros2_ws/install/custom_interfaces/local/lib/python3.10/dist-packages/custom_interfaces/srv'...
[6.098s] Compiling '/home/cm23/ros2_ws/install/custom_interfaces/local/lib/python3.10/dist-packages/custom_interfaces/srv/__init__.py'...
[6.098s] Compiling '/home/cm23/ros2_ws/install/custom_interfaces/local/lib/python3.10/dist-packages/custom_interfaces/srv/_custom_service.py'...
[6.101s] -- Installing: /home/cm23/ros2_ws/install/custom_interfaces/lib/libcustom_interfaces__rosidl_generator_py.so
[6.102s] -- Set runtime path of "/home/cm23/ros2_ws/install/custom_interfaces/lib/libcustom_interfaces__rosidl_generator_py.so" to ""
[6.102s] -- Installing: /home/cm23/ros2_ws/install/custom_interfaces/share/custom_interfaces/cmake/export_custom_interfaces__rosidl_generator_cExport.cmake
[6.102s] -- Installing: /home/cm23/ros2_ws/install/custom_interfaces/share/custom_interfaces/cmake/export_custom_interfaces__rosidl_generator_cExport-noconfig.cmake
[6.102s] -- Installing: /home/cm23/ros2_ws/install/custom_interfaces/share/custom_interfaces/cmake/export_custom_interfaces__rosidl_typesupport_fastrtps_cExport.cmake
[6.103s] -- Installing: /home/cm23/ros2_ws/install/custom_interfaces/share/custom_interfaces/cmake/export_custom_interfaces__rosidl_typesupport_fastrtps_cExport-noconfig.cmake
[6.103s] -- Installing: /home/cm23/ros2_ws/install/custom_interfaces/share/custom_interfaces/cmake/export_custom_interfaces__rosidl_generator_cppExport.cmake
[6.103s] -- Installing: /home/cm23/ros2_ws/install/custom_interfaces/share/custom_interfaces/cmake/export_custom_interfaces__rosidl_typesupport_fastrtps_cppExport.cmake
[6.103s] -- Installing: /home/cm23/ros2_ws/install/custom_interfaces/share/custom_interfaces/cmake/export_custom_interfaces__rosidl_typesupport_fastrtps_cppExport-noconfig.cmake
[6.103s] -- Installing: /home/cm23/ros2_ws/install/custom_interfaces/share/custom_interfaces/cmake/custom_interfaces__rosidl_typesupport_introspection_cExport.cmake
[6.104s] -- Installing: /home/cm23/ros2_ws/install/custom_interfaces/share/custom_interfaces/cmake/custom_interfaces__rosidl_typesupport_introspection_cExport-noconfig.cmake
[6.104s] -- Installing: /home/cm23/ros2_ws/install/custom_interfaces/share/custom_interfaces/cmake/custom_interfaces__rosidl_typesupport_cExport.cmake
[6.104s] -- Installing: /home/cm23/ros2_ws/install/custom_interfaces/share/custom_interfaces/cmake/custom_interfaces__rosidl_typesupport_cExport-noconfig.cmake
[6.104s] -- Installing: /home/cm23/ros2_ws/install/custom_interfaces/share/custom_interfaces/cmake/custom_interfaces__rosidl_typesupport_introspection_cppExport.cmake
[6.105s] -- Installing: /home/cm23/ros2_ws/install/custom_interfaces/share/custom_interfaces/cmake/custom_interfaces__rosidl_typesupport_introspection_cppExport-noconfig.cmake
[6.105s] -- Installing: /home/cm23/ros2_ws/install/custom_interfaces/share/custom_interfaces/cmake/custom_interfaces__rosidl_typesupport_cppExport.cmake
[6.105s] -- Installing: /home/cm23/ros2_ws/install/custom_interfaces/share/custom_interfaces/cmake/custom_interfaces__rosidl_typesupport_cppExport-noconfig.cmake
[6.105s] -- Installing: /home/cm23/ros2_ws/install/custom_interfaces/share/custom_interfaces/cmake/export_custom_interfaces__rosidl_generator_pyExport.cmake
[6.106s] -- Installing: /home/cm23/ros2_ws/install/custom_interfaces/share/custom_interfaces/cmake/export_custom_interfaces__rosidl_generator_pyExport-noconfig.cmake
[6.109s] Invoked command in '/home/cm23/ros2_ws/build/custom_interfaces' returned '0': CMAKE_PREFIX_PATH=${CMAKE_PREFIX_PATH}:/home/cm23/ros2_ws/install/learning_tf2_py:/home/cm23/ros2_ws/install/py_pubsub:/home/cm23/ros2_ws/install/custom_pkg:/opt/ros/humble /usr/bin/cmake --install /home/cm23/ros2_ws/build/custom_interfaces
