[0.022s] Invoking command in '/home/cm23/ros2_ws/build/custom_interfaces': CMAKE_PREFIX_PATH=${CMAKE_PREFIX_PATH}:/home/cm23/ros2_ws/install/learning_tf2_py:/home/cm23/ros2_ws/install/py_pubsub:/home/cm23/ros2_ws/install/custom_pkg:/opt/ros/humble /usr/bin/cmake --build /home/cm23/ros2_ws/build/custom_interfaces -- -j16 -l16
[0.309s] [35m[1mConsolidate compiler generated dependencies of target custom_interfaces__rosidl_generator_c[0m
[0.309s] [  2%] Built target custom_interfaces__cpp
[0.310s] [ 12%] Built target custom_interfaces__rosidl_generator_c
[0.310s] [ 12%] Built target ament_cmake_python_symlink_custom_interfaces
[0.310s] [35m[1mConsolidate compiler generated dependencies of target custom_interfaces__rosidl_typesupport_introspection_cpp[0m
[0.310s] [35m[1mConsolidate compiler generated dependencies of target custom_interfaces__rosidl_typesupport_fastrtps_cpp[0m
[0.311s] [35m[1mConsolidate compiler generated dependencies of target custom_interfaces__rosidl_typesupport_cpp[0m
[0.311s] [35m[1mConsolidate compiler generated dependencies of target custom_interfaces__rosidl_typesupport_introspection_c[0m
[0.311s] [35m[1mConsolidate compiler generated dependencies of target custom_interfaces__rosidl_typesupport_fastrtps_c[0m
[0.311s] [35m[1mConsolidate compiler generated dependencies of target custom_interfaces__rosidl_typesupport_c[0m
[0.311s] [ 23%] Built target custom_interfaces__rosidl_typesupport_introspection_c
[0.311s] [ 34%] Built target custom_interfaces__rosidl_typesupport_c
[0.311s] [ 57%] Built target custom_interfaces__rosidl_typesupport_fastrtps_cpp
[0.311s] [ 63%] Built target custom_interfaces__rosidl_typesupport_introspection_cpp
[0.311s] [ 65%] Built target custom_interfaces__rosidl_typesupport_cpp
[0.311s] [ 76%] Built target custom_interfaces__rosidl_typesupport_fastrtps_c
[0.311s] [ 76%] Built target custom_interfaces
[0.311s] [ 78%] Built target custom_interfaces__py
[0.312s] [35m[1mConsolidate compiler generated dependencies of target custom_interfaces__rosidl_generator_py[0m
[0.312s] [ 87%] Built target custom_interfaces__rosidl_generator_py
[0.312s] [35m[1mConsolidate compiler generated dependencies of target custom_interfaces__rosidl_typesupport_fastrtps_c__pyext[0m
[0.312s] [35m[1mConsolidate compiler generated dependencies of target custom_interfaces__rosidl_typesupport_c__pyext[0m
[0.312s] [35m[1mConsolidate compiler generated dependencies of target custom_interfaces__rosidl_typesupport_introspection_c__pyext[0m
[0.312s] [ 91%] Built target custom_interfaces__rosidl_typesupport_introspection_c__pyext
[0.312s] [ 97%] Built target custom_interfaces__rosidl_typesupport_c__pyext
[0.312s] [100%] Built target custom_interfaces__rosidl_typesupport_fastrtps_c__pyext
[0.352s] running egg_info
[0.353s] writing custom_interfaces.egg-info/PKG-INFO
[0.353s] writing dependency_links to custom_interfaces.egg-info/dependency_links.txt
[0.353s] writing top-level names to custom_interfaces.egg-info/top_level.txt
[0.355s] reading manifest file 'custom_interfaces.egg-info/SOURCES.txt'
[0.357s] writing manifest file 'custom_interfaces.egg-info/SOURCES.txt'
[0.380s] [100%] Built target ament_cmake_python_build_custom_interfaces_egg
[0.590s] Invoked command in '/home/cm23/ros2_ws/build/custom_interfaces' returned '0': CMAKE_PREFIX_PATH=${CMAKE_PREFIX_PATH}:/home/cm23/ros2_ws/install/learning_tf2_py:/home/cm23/ros2_ws/install/py_pubsub:/home/cm23/ros2_ws/install/custom_pkg:/opt/ros/humble /usr/bin/cmake --build /home/cm23/ros2_ws/build/custom_interfaces -- -j16 -l16
