[0.299s] Invoking command in '/home/cm23/ros2_ws/build/mobile_robot_descripticylinder': CMAKE_PREFIX_PATH=${CMAKE_PREFIX_PATH}:/home/cm23/ros2_ws/install/learning_tf2_py:/home/cm23/ros2_ws/install/py_pubsub:/home/cm23/ros2_ws/install/custom_pkg:/opt/ros/humble /usr/bin/cmake /home/cm23/ros2_ws/src/mobile_robot_description -DAMENT_CMAKE_SYMLINK_INSTALL=1 -DCMAKE_INSTALL_PREFIX=/home/cm23/ros2_ws/install/mobile_robot_descripticylinder
[0.357s] -- The C compiler identification is GNU 11.4.0
[0.419s] -- The CXX compiler identification is GNU 11.4.0
[0.427s] -- Detecting C compiler ABI info
[0.507s] -- Detecting C compiler ABI info - done
[0.515s] -- Check for working C compiler: /usr/bin/cc - skipped
[0.515s] -- Detecting C compile features
[0.516s] -- Detecting C compile features - done
[0.519s] -- Detecting CXX compiler ABI info
[0.608s] -- Detecting CXX compiler ABI info - done
[0.616s] -- Check for working CXX compiler: /usr/bin/c++ - skipped
[0.616s] -- Detecting CXX compile features
[0.616s] -- Detecting CXX compile features - done
[0.620s] -- Found ament_cmake: 1.3.9 (/opt/ros/humble/share/ament_cmake/cmake)
[0.800s] -- Found Python3: /usr/bin/python3 (found version "3.10.12") found components: Interpreter 
[0.864s] -- Override CMake install command with custom implementation using symlinks instead of copying resources
[0.903s] -- Found xacro: 2.0.8 (/opt/ros/humble/share/xacro/cmake)
[0.906s] -- Found ament_lint_auto: 0.12.11 (/opt/ros/humble/share/ament_lint_auto/cmake)
[0.969s] [31mCMake Error at /opt/ros/humble/share/ament_cmake_core/cmake/core/ament_package_xml.cmake:53 (message):
[0.969s]   ament_package_xml() package name 'mobile_robot_descripticylinder' in
[0.969s]   '/package.xml' does not match current PROJECT_NAME
[0.969s]   'mobile_robot_description'.  You must call project() with the same package
[0.969s]   name before.
[0.969s] Call Stack (most recent call first):
[0.969s]   /opt/ros/humble/share/ament_lint_auto/cmake/ament_lint_auto_find_test_dependencies.cmake:31 (ament_package_xml)
[0.969s]   CMakeLists.txt:37 (ament_lint_auto_find_test_dependencies)
[0.969s] 
[0.970s] [0m
[0.970s] -- Configuring incomplete, errors occurred!
[0.970s] See also "/home/cm23/ros2_ws/build/mobile_robot_descripticylinder/CMakeFiles/CMakeOutput.log".
[1.237s] Invoked command in '/home/cm23/ros2_ws/build/mobile_robot_descripticylinder' returned '1': CMAKE_PREFIX_PATH=${CMAKE_PREFIX_PATH}:/home/cm23/ros2_ws/install/learning_tf2_py:/home/cm23/ros2_ws/install/py_pubsub:/home/cm23/ros2_ws/install/custom_pkg:/opt/ros/humble /usr/bin/cmake /home/cm23/ros2_ws/src/mobile_robot_description -DAMENT_CMAKE_SYMLINK_INSTALL=1 -DCMAKE_INSTALL_PREFIX=/home/cm23/ros2_ws/install/mobile_robot_descripticylinder
