[0.649s] Invoking command in '/home/cm23/ros2_ws/build/custom_pkg': CMAKE_PREFIX_PATH=/home/cm23/ros2_ws/install/custom_interfaces:/home/cm23/ros2_ws/install/mobile_robot_description PYTHONPATH=/home/cm23/ros2_ws/build/custom_pkg/prefix_override:/home/cm23/ros2_ws/install/custom_pkg/lib/python3.10/site-packages:${PYTHONPATH} /usr/bin/python3 -W ignore:setup.py install is deprecated setup.py develop --editable --build-directory /home/cm23/ros2_ws/build/custom_pkg/build --no-deps symlink_data
[0.938s] running develop
[0.938s] /usr/lib/python3/dist-packages/setuptools/command/easy_install.py:158: EasyInstallDeprecationWarning: easy_install command is deprecated. Use build and pip and other standards-based tools.
[0.938s]   warnings.warn(
[1.146s] running egg_info
[1.146s] writing custom_pkg.egg-info/PKG-INFO
[1.146s] writing dependency_links to custom_pkg.egg-info/dependency_links.txt
[1.146s] writing entry points to custom_pkg.egg-info/entry_points.txt
[1.146s] writing requirements to custom_pkg.egg-info/requires.txt
[1.147s] writing top-level names to custom_pkg.egg-info/top_level.txt
[1.148s] reading manifest file 'custom_pkg.egg-info/SOURCES.txt'
[1.149s] writing manifest file 'custom_pkg.egg-info/SOURCES.txt'
[1.150s] running build_ext
[1.150s] Creating /home/cm23/ros2_ws/install/custom_pkg/lib/python3.10/site-packages/custom-pkg.egg-link (link to .)
[1.151s] Installing pose_and_cmd_vel script to /home/cm23/ros2_ws/install/custom_pkg/lib/custom_pkg
[1.151s] Installing pose_turtle_server script to /home/cm23/ros2_ws/install/custom_pkg/lib/custom_pkg
[1.151s] Installing spawn_turtle_client script to /home/cm23/ros2_ws/install/custom_pkg/lib/custom_pkg
[1.151s] 
[1.151s] Installed /home/cm23/ros2_ws/build/custom_pkg
[1.151s] running symlink_data
[1.171s] Invoked command in '/home/cm23/ros2_ws/build/custom_pkg' returned '0': CMAKE_PREFIX_PATH=/home/cm23/ros2_ws/install/custom_interfaces:/home/cm23/ros2_ws/install/mobile_robot_description PYTHONPATH=/home/cm23/ros2_ws/build/custom_pkg/prefix_override:/home/cm23/ros2_ws/install/custom_pkg/lib/python3.10/site-packages:${PYTHONPATH} /usr/bin/python3 -W ignore:setup.py install is deprecated setup.py develop --editable --build-directory /home/cm23/ros2_ws/build/custom_pkg/build --no-deps symlink_data
