[0.102s] DEBUG:colcon:Command line arguments: ['/usr/bin/colcon', 'build', '--symlink-install']
[0.102s] DEBUG:colcon:Parsed command line arguments: Namespace(log_base=None, log_level=None, verb_name='build', build_base='build', install_base='install', merge_install=False, symlink_install=True, test_result_base=None, continue_on_error=False, executor='parallel', parallel_workers=16, event_handlers=None, ignore_user_meta=False, metas=['./colcon.meta'], base_paths=['.'], packages_ignore=None, packages_ignore_regex=None, paths=None, packages_up_to=None, packages_up_to_regex=None, packages_above=None, packages_above_and_dependencies=None, packages_above_depth=None, packages_select_by_dep=None, packages_skip_by_dep=None, packages_skip_up_to=None, packages_select_build_failed=False, packages_skip_build_finished=False, packages_select_test_failures=False, packages_skip_test_passed=False, packages_select=None, packages_skip=None, packages_select_regex=None, packages_skip_regex=None, packages_start=None, packages_end=None, allow_overriding=[], cmake_args=None, cmake_target=None, cmake_target_skip_unavailable=False, cmake_clean_cache=False, cmake_clean_first=False, cmake_force_configure=False, ament_cmake_args=None, catkin_cmake_args=None, catkin_skip_building_tests=False, verb_parser=<colcon_defaults.argument_parser.defaults.DefaultArgumentsDecorator object at 0x7728e58f71f0>, verb_extension=<colcon_core.verb.build.BuildVerb object at 0x7728e5af9090>, main=<bound method BuildVerb.main of <colcon_core.verb.build.BuildVerb object at 0x7728e5af9090>>)
[0.305s] Level 1:colcon.colcon_core.package_discovery:discover_packages(colcon_meta) check parameters
[0.305s] Level 1:colcon.colcon_core.package_discovery:discover_packages(recursive) check parameters
[0.306s] Level 1:colcon.colcon_core.package_discovery:discover_packages(ignore) check parameters
[0.306s] Level 1:colcon.colcon_core.package_discovery:discover_packages(path) check parameters
[0.306s] Level 1:colcon.colcon_core.package_discovery:discover_packages(colcon_meta) discover
[0.306s] Level 1:colcon.colcon_core.package_discovery:discover_packages(recursive) discover
[0.306s] INFO:colcon.colcon_core.package_discovery:Crawling recursively for packages in '/home/cm23/ros2_ws'
[0.306s] Level 1:colcon.colcon_core.package_identification:_identify(.) by extensions ['ignore', 'ignore_ament_install']
[0.306s] Level 1:colcon.colcon_core.package_identification:_identify(.) by extension 'ignore'
[0.306s] Level 1:colcon.colcon_core.package_identification:_identify(.) by extension 'ignore_ament_install'
[0.306s] Level 1:colcon.colcon_core.package_identification:_identify(.) by extensions ['colcon_pkg']
[0.306s] Level 1:colcon.colcon_core.package_identification:_identify(.) by extension 'colcon_pkg'
[0.306s] Level 1:colcon.colcon_core.package_identification:_identify(.) by extensions ['colcon_meta']
[0.306s] Level 1:colcon.colcon_core.package_identification:_identify(.) by extension 'colcon_meta'
[0.306s] Level 1:colcon.colcon_core.package_identification:_identify(.) by extensions ['ros']
[0.306s] Level 1:colcon.colcon_core.package_identification:_identify(.) by extension 'ros'
[0.316s] Level 1:colcon.colcon_core.package_identification:_identify(.) by extensions ['cmake', 'python']
[0.316s] Level 1:colcon.colcon_core.package_identification:_identify(.) by extension 'cmake'
[0.316s] Level 1:colcon.colcon_core.package_identification:_identify(.) by extension 'python'
[0.316s] Level 1:colcon.colcon_core.package_identification:_identify(.) by extensions ['python_setup_py']
[0.316s] Level 1:colcon.colcon_core.package_identification:_identify(.) by extension 'python_setup_py'
[0.317s] Level 1:colcon.colcon_core.package_identification:_identify(build) by extensions ['ignore', 'ignore_ament_install']
[0.317s] Level 1:colcon.colcon_core.package_identification:_identify(build) by extension 'ignore'
[0.317s] Level 1:colcon.colcon_core.package_identification:_identify(build) ignored
[0.317s] Level 1:colcon.colcon_core.package_identification:_identify(install) by extensions ['ignore', 'ignore_ament_install']
[0.317s] Level 1:colcon.colcon_core.package_identification:_identify(install) by extension 'ignore'
[0.317s] Level 1:colcon.colcon_core.package_identification:_identify(install) ignored
[0.317s] Level 1:colcon.colcon_core.package_identification:_identify(log) by extensions ['ignore', 'ignore_ament_install']
[0.317s] Level 1:colcon.colcon_core.package_identification:_identify(log) by extension 'ignore'
[0.317s] Level 1:colcon.colcon_core.package_identification:_identify(log) ignored
[0.317s] Level 1:colcon.colcon_core.package_identification:_identify(src) by extensions ['ignore', 'ignore_ament_install']
[0.317s] Level 1:colcon.colcon_core.package_identification:_identify(src) by extension 'ignore'
[0.317s] Level 1:colcon.colcon_core.package_identification:_identify(src) by extension 'ignore_ament_install'
[0.318s] Level 1:colcon.colcon_core.package_identification:_identify(src) by extensions ['colcon_pkg']
[0.318s] Level 1:colcon.colcon_core.package_identification:_identify(src) by extension 'colcon_pkg'
[0.318s] Level 1:colcon.colcon_core.package_identification:_identify(src) by extensions ['colcon_meta']
[0.318s] Level 1:colcon.colcon_core.package_identification:_identify(src) by extension 'colcon_meta'
[0.318s] Level 1:colcon.colcon_core.package_identification:_identify(src) by extensions ['ros']
[0.318s] Level 1:colcon.colcon_core.package_identification:_identify(src) by extension 'ros'
[0.318s] Level 1:colcon.colcon_core.package_identification:_identify(src) by extensions ['cmake', 'python']
[0.318s] Level 1:colcon.colcon_core.package_identification:_identify(src) by extension 'cmake'
[0.318s] Level 1:colcon.colcon_core.package_identification:_identify(src) by extension 'python'
[0.318s] Level 1:colcon.colcon_core.package_identification:_identify(src) by extensions ['python_setup_py']
[0.318s] Level 1:colcon.colcon_core.package_identification:_identify(src) by extension 'python_setup_py'
[0.318s] Level 1:colcon.colcon_core.package_identification:_identify(src/custom_interfaces) by extensions ['ignore', 'ignore_ament_install']
[0.318s] Level 1:colcon.colcon_core.package_identification:_identify(src/custom_interfaces) by extension 'ignore'
[0.318s] Level 1:colcon.colcon_core.package_identification:_identify(src/custom_interfaces) by extension 'ignore_ament_install'
[0.318s] Level 1:colcon.colcon_core.package_identification:_identify(src/custom_interfaces) by extensions ['colcon_pkg']
[0.318s] Level 1:colcon.colcon_core.package_identification:_identify(src/custom_interfaces) by extension 'colcon_pkg'
[0.318s] Level 1:colcon.colcon_core.package_identification:_identify(src/custom_interfaces) by extensions ['colcon_meta']
[0.318s] Level 1:colcon.colcon_core.package_identification:_identify(src/custom_interfaces) by extension 'colcon_meta'
[0.318s] Level 1:colcon.colcon_core.package_identification:_identify(src/custom_interfaces) by extensions ['ros']
[0.318s] Level 1:colcon.colcon_core.package_identification:_identify(src/custom_interfaces) by extension 'ros'
[0.320s] DEBUG:colcon.colcon_core.package_identification:Package 'src/custom_interfaces' with type 'ros.ament_cmake' and name 'custom_interfaces'
[0.321s] Level 1:colcon.colcon_core.package_identification:_identify(src/custom_pkg) by extensions ['ignore', 'ignore_ament_install']
[0.321s] Level 1:colcon.colcon_core.package_identification:_identify(src/custom_pkg) by extension 'ignore'
[0.321s] Level 1:colcon.colcon_core.package_identification:_identify(src/custom_pkg) by extension 'ignore_ament_install'
[0.321s] Level 1:colcon.colcon_core.package_identification:_identify(src/custom_pkg) by extensions ['colcon_pkg']
[0.321s] Level 1:colcon.colcon_core.package_identification:_identify(src/custom_pkg) by extension 'colcon_pkg'
[0.321s] Level 1:colcon.colcon_core.package_identification:_identify(src/custom_pkg) by extensions ['colcon_meta']
[0.321s] Level 1:colcon.colcon_core.package_identification:_identify(src/custom_pkg) by extension 'colcon_meta'
[0.321s] Level 1:colcon.colcon_core.package_identification:_identify(src/custom_pkg) by extensions ['ros']
[0.321s] Level 1:colcon.colcon_core.package_identification:_identify(src/custom_pkg) by extension 'ros'
[0.321s] DEBUG:colcon.colcon_core.package_identification:Package 'src/custom_pkg' with type 'ros.ament_python' and name 'custom_pkg'
[0.321s] Level 1:colcon.colcon_core.package_identification:_identify(src/learning_tf2_py) by extensions ['ignore', 'ignore_ament_install']
[0.322s] Level 1:colcon.colcon_core.package_identification:_identify(src/learning_tf2_py) by extension 'ignore'
[0.322s] Level 1:colcon.colcon_core.package_identification:_identify(src/learning_tf2_py) by extension 'ignore_ament_install'
[0.322s] Level 1:colcon.colcon_core.package_identification:_identify(src/learning_tf2_py) by extensions ['colcon_pkg']
[0.322s] Level 1:colcon.colcon_core.package_identification:_identify(src/learning_tf2_py) by extension 'colcon_pkg'
[0.322s] Level 1:colcon.colcon_core.package_identification:_identify(src/learning_tf2_py) by extensions ['colcon_meta']
[0.322s] Level 1:colcon.colcon_core.package_identification:_identify(src/learning_tf2_py) by extension 'colcon_meta'
[0.322s] Level 1:colcon.colcon_core.package_identification:_identify(src/learning_tf2_py) by extensions ['ros']
[0.322s] Level 1:colcon.colcon_core.package_identification:_identify(src/learning_tf2_py) by extension 'ros'
[0.322s] DEBUG:colcon.colcon_core.package_identification:Package 'src/learning_tf2_py' with type 'ros.ament_python' and name 'learning_tf2_py'
[0.323s] Level 1:colcon.colcon_core.package_identification:_identify(src/mobile_robot_description) by extensions ['ignore', 'ignore_ament_install']
[0.323s] Level 1:colcon.colcon_core.package_identification:_identify(src/mobile_robot_description) by extension 'ignore'
[0.323s] Level 1:colcon.colcon_core.package_identification:_identify(src/mobile_robot_description) by extension 'ignore_ament_install'
[0.323s] Level 1:colcon.colcon_core.package_identification:_identify(src/mobile_robot_description) by extensions ['colcon_pkg']
[0.323s] Level 1:colcon.colcon_core.package_identification:_identify(src/mobile_robot_description) by extension 'colcon_pkg'
[0.323s] Level 1:colcon.colcon_core.package_identification:_identify(src/mobile_robot_description) by extensions ['colcon_meta']
[0.323s] Level 1:colcon.colcon_core.package_identification:_identify(src/mobile_robot_description) by extension 'colcon_meta'
[0.323s] Level 1:colcon.colcon_core.package_identification:_identify(src/mobile_robot_description) by extensions ['ros']
[0.323s] Level 1:colcon.colcon_core.package_identification:_identify(src/mobile_robot_description) by extension 'ros'
[0.323s] DEBUG:colcon.colcon_core.package_identification:Package 'src/mobile_robot_description' with type 'ros.ament_cmake' and name 'mobile_robot_description'
[0.323s] Level 1:colcon.colcon_core.package_identification:_identify(src/py_pubsub) by extensions ['ignore', 'ignore_ament_install']
[0.324s] Level 1:colcon.colcon_core.package_identification:_identify(src/py_pubsub) by extension 'ignore'
[0.324s] Level 1:colcon.colcon_core.package_identification:_identify(src/py_pubsub) by extension 'ignore_ament_install'
[0.324s] Level 1:colcon.colcon_core.package_identification:_identify(src/py_pubsub) by extensions ['colcon_pkg']
[0.324s] Level 1:colcon.colcon_core.package_identification:_identify(src/py_pubsub) by extension 'colcon_pkg'
[0.324s] Level 1:colcon.colcon_core.package_identification:_identify(src/py_pubsub) by extensions ['colcon_meta']
[0.324s] Level 1:colcon.colcon_core.package_identification:_identify(src/py_pubsub) by extension 'colcon_meta'
[0.324s] Level 1:colcon.colcon_core.package_identification:_identify(src/py_pubsub) by extensions ['ros']
[0.324s] Level 1:colcon.colcon_core.package_identification:_identify(src/py_pubsub) by extension 'ros'
[0.324s] DEBUG:colcon.colcon_core.package_identification:Package 'src/py_pubsub' with type 'ros.ament_python' and name 'py_pubsub'
[0.324s] Level 1:colcon.colcon_core.package_discovery:discover_packages(recursive) using defaults
[0.324s] Level 1:colcon.colcon_core.package_discovery:discover_packages(ignore) discover
[0.324s] Level 1:colcon.colcon_core.package_discovery:discover_packages(ignore) using defaults
[0.324s] Level 1:colcon.colcon_core.package_discovery:discover_packages(path) discover
[0.324s] Level 1:colcon.colcon_core.package_discovery:discover_packages(path) using defaults
[0.350s] Level 1:colcon.colcon_core.package_discovery:discover_packages(prefix_path) check parameters
[0.350s] Level 1:colcon.colcon_core.package_discovery:discover_packages(prefix_path) discover
[0.351s] WARNING:colcon.colcon_ros.prefix_path.ament:The path '/home/cm23/ros2_ws/install/learning_tf2_py' in the environment variable AMENT_PREFIX_PATH doesn't exist
[0.351s] WARNING:colcon.colcon_ros.prefix_path.ament:The path '/home/cm23/ros2_ws/install/py_pubsub' in the environment variable AMENT_PREFIX_PATH doesn't exist
[0.351s] WARNING:colcon.colcon_ros.prefix_path.ament:The path '/home/cm23/ros2_ws/install/custom_pkg' in the environment variable AMENT_PREFIX_PATH doesn't exist
[0.351s] WARNING:colcon.colcon_ros.prefix_path.ament:The path '/home/cm23/ros2_ws/install/custom_interfaces' in the environment variable AMENT_PREFIX_PATH doesn't exist
[0.352s] WARNING:colcon.colcon_ros.prefix_path.catkin:The path '/home/cm23/ros2_ws/install/custom_interfaces' in the environment variable CMAKE_PREFIX_PATH doesn't exist
[0.352s] DEBUG:colcon.colcon_installed_package_information.package_discovery:Found 1 installed packages in /home/cm23/ros2_ws/install
[0.354s] DEBUG:colcon.colcon_installed_package_information.package_discovery:Found 272 installed packages in /opt/ros/humble
[0.355s] Level 1:colcon.colcon_core.package_discovery:discover_packages(prefix_path) using defaults
[0.390s] Level 5:colcon.colcon_core.verb:set package 'custom_interfaces' build argument 'cmake_args' from command line to 'None'
[0.390s] Level 5:colcon.colcon_core.verb:set package 'custom_interfaces' build argument 'cmake_target' from command line to 'None'
[0.391s] Level 5:colcon.colcon_core.verb:set package 'custom_interfaces' build argument 'cmake_target_skip_unavailable' from command line to 'False'
[0.391s] Level 5:colcon.colcon_core.verb:set package 'custom_interfaces' build argument 'cmake_clean_cache' from command line to 'False'
[0.391s] Level 5:colcon.colcon_core.verb:set package 'custom_interfaces' build argument 'cmake_clean_first' from command line to 'False'
[0.391s] Level 5:colcon.colcon_core.verb:set package 'custom_interfaces' build argument 'cmake_force_configure' from command line to 'False'
[0.391s] Level 5:colcon.colcon_core.verb:set package 'custom_interfaces' build argument 'ament_cmake_args' from command line to 'None'
[0.391s] Level 5:colcon.colcon_core.verb:set package 'custom_interfaces' build argument 'catkin_cmake_args' from command line to 'None'
[0.391s] Level 5:colcon.colcon_core.verb:set package 'custom_interfaces' build argument 'catkin_skip_building_tests' from command line to 'False'
[0.391s] DEBUG:colcon.colcon_core.verb:Building package 'custom_interfaces' with the following arguments: {'ament_cmake_args': None, 'build_base': '/home/cm23/ros2_ws/build/custom_interfaces', 'catkin_cmake_args': None, 'catkin_skip_building_tests': False, 'cmake_args': None, 'cmake_clean_cache': False, 'cmake_clean_first': False, 'cmake_force_configure': False, 'cmake_target': None, 'cmake_target_skip_unavailable': False, 'install_base': '/home/cm23/ros2_ws/install/custom_interfaces', 'merge_install': False, 'path': '/home/cm23/ros2_ws/src/custom_interfaces', 'symlink_install': True, 'test_result_base': None}
[0.391s] Level 5:colcon.colcon_core.verb:set package 'learning_tf2_py' build argument 'cmake_args' from command line to 'None'
[0.391s] Level 5:colcon.colcon_core.verb:set package 'learning_tf2_py' build argument 'cmake_target' from command line to 'None'
[0.391s] Level 5:colcon.colcon_core.verb:set package 'learning_tf2_py' build argument 'cmake_target_skip_unavailable' from command line to 'False'
[0.391s] Level 5:colcon.colcon_core.verb:set package 'learning_tf2_py' build argument 'cmake_clean_cache' from command line to 'False'
[0.391s] Level 5:colcon.colcon_core.verb:set package 'learning_tf2_py' build argument 'cmake_clean_first' from command line to 'False'
[0.391s] Level 5:colcon.colcon_core.verb:set package 'learning_tf2_py' build argument 'cmake_force_configure' from command line to 'False'
[0.391s] Level 5:colcon.colcon_core.verb:set package 'learning_tf2_py' build argument 'ament_cmake_args' from command line to 'None'
[0.391s] Level 5:colcon.colcon_core.verb:set package 'learning_tf2_py' build argument 'catkin_cmake_args' from command line to 'None'
[0.391s] Level 5:colcon.colcon_core.verb:set package 'learning_tf2_py' build argument 'catkin_skip_building_tests' from command line to 'False'
[0.391s] DEBUG:colcon.colcon_core.verb:Building package 'learning_tf2_py' with the following arguments: {'ament_cmake_args': None, 'build_base': '/home/cm23/ros2_ws/build/learning_tf2_py', 'catkin_cmake_args': None, 'catkin_skip_building_tests': False, 'cmake_args': None, 'cmake_clean_cache': False, 'cmake_clean_first': False, 'cmake_force_configure': False, 'cmake_target': None, 'cmake_target_skip_unavailable': False, 'install_base': '/home/cm23/ros2_ws/install/learning_tf2_py', 'merge_install': False, 'path': '/home/cm23/ros2_ws/src/learning_tf2_py', 'symlink_install': True, 'test_result_base': None}
[0.392s] Level 5:colcon.colcon_core.verb:set package 'mobile_robot_description' build argument 'cmake_args' from command line to 'None'
[0.392s] Level 5:colcon.colcon_core.verb:set package 'mobile_robot_description' build argument 'cmake_target' from command line to 'None'
[0.392s] Level 5:colcon.colcon_core.verb:set package 'mobile_robot_description' build argument 'cmake_target_skip_unavailable' from command line to 'False'
[0.392s] Level 5:colcon.colcon_core.verb:set package 'mobile_robot_description' build argument 'cmake_clean_cache' from command line to 'False'
[0.392s] Level 5:colcon.colcon_core.verb:set package 'mobile_robot_description' build argument 'cmake_clean_first' from command line to 'False'
[0.392s] Level 5:colcon.colcon_core.verb:set package 'mobile_robot_description' build argument 'cmake_force_configure' from command line to 'False'
[0.392s] Level 5:colcon.colcon_core.verb:set package 'mobile_robot_description' build argument 'ament_cmake_args' from command line to 'None'
[0.392s] Level 5:colcon.colcon_core.verb:set package 'mobile_robot_description' build argument 'catkin_cmake_args' from command line to 'None'
[0.392s] Level 5:colcon.colcon_core.verb:set package 'mobile_robot_description' build argument 'catkin_skip_building_tests' from command line to 'False'
[0.392s] DEBUG:colcon.colcon_core.verb:Building package 'mobile_robot_description' with the following arguments: {'ament_cmake_args': None, 'build_base': '/home/cm23/ros2_ws/build/mobile_robot_description', 'catkin_cmake_args': None, 'catkin_skip_building_tests': False, 'cmake_args': None, 'cmake_clean_cache': False, 'cmake_clean_first': False, 'cmake_force_configure': False, 'cmake_target': None, 'cmake_target_skip_unavailable': False, 'install_base': '/home/cm23/ros2_ws/install/mobile_robot_description', 'merge_install': False, 'path': '/home/cm23/ros2_ws/src/mobile_robot_description', 'symlink_install': True, 'test_result_base': None}
[0.392s] Level 5:colcon.colcon_core.verb:set package 'py_pubsub' build argument 'cmake_args' from command line to 'None'
[0.392s] Level 5:colcon.colcon_core.verb:set package 'py_pubsub' build argument 'cmake_target' from command line to 'None'
[0.392s] Level 5:colcon.colcon_core.verb:set package 'py_pubsub' build argument 'cmake_target_skip_unavailable' from command line to 'False'
[0.392s] Level 5:colcon.colcon_core.verb:set package 'py_pubsub' build argument 'cmake_clean_cache' from command line to 'False'
[0.392s] Level 5:colcon.colcon_core.verb:set package 'py_pubsub' build argument 'cmake_clean_first' from command line to 'False'
[0.392s] Level 5:colcon.colcon_core.verb:set package 'py_pubsub' build argument 'cmake_force_configure' from command line to 'False'
[0.392s] Level 5:colcon.colcon_core.verb:set package 'py_pubsub' build argument 'ament_cmake_args' from command line to 'None'
[0.392s] Level 5:colcon.colcon_core.verb:set package 'py_pubsub' build argument 'catkin_cmake_args' from command line to 'None'
[0.393s] Level 5:colcon.colcon_core.verb:set package 'py_pubsub' build argument 'catkin_skip_building_tests' from command line to 'False'
[0.393s] DEBUG:colcon.colcon_core.verb:Building package 'py_pubsub' with the following arguments: {'ament_cmake_args': None, 'build_base': '/home/cm23/ros2_ws/build/py_pubsub', 'catkin_cmake_args': None, 'catkin_skip_building_tests': False, 'cmake_args': None, 'cmake_clean_cache': False, 'cmake_clean_first': False, 'cmake_force_configure': False, 'cmake_target': None, 'cmake_target_skip_unavailable': False, 'install_base': '/home/cm23/ros2_ws/install/py_pubsub', 'merge_install': False, 'path': '/home/cm23/ros2_ws/src/py_pubsub', 'symlink_install': True, 'test_result_base': None}
[0.393s] Level 5:colcon.colcon_core.verb:set package 'custom_pkg' build argument 'cmake_args' from command line to 'None'
[0.393s] Level 5:colcon.colcon_core.verb:set package 'custom_pkg' build argument 'cmake_target' from command line to 'None'
[0.393s] Level 5:colcon.colcon_core.verb:set package 'custom_pkg' build argument 'cmake_target_skip_unavailable' from command line to 'False'
[0.393s] Level 5:colcon.colcon_core.verb:set package 'custom_pkg' build argument 'cmake_clean_cache' from command line to 'False'
[0.393s] Level 5:colcon.colcon_core.verb:set package 'custom_pkg' build argument 'cmake_clean_first' from command line to 'False'
[0.393s] Level 5:colcon.colcon_core.verb:set package 'custom_pkg' build argument 'cmake_force_configure' from command line to 'False'
[0.393s] Level 5:colcon.colcon_core.verb:set package 'custom_pkg' build argument 'ament_cmake_args' from command line to 'None'
[0.393s] Level 5:colcon.colcon_core.verb:set package 'custom_pkg' build argument 'catkin_cmake_args' from command line to 'None'
[0.393s] Level 5:colcon.colcon_core.verb:set package 'custom_pkg' build argument 'catkin_skip_building_tests' from command line to 'False'
[0.393s] DEBUG:colcon.colcon_core.verb:Building package 'custom_pkg' with the following arguments: {'ament_cmake_args': None, 'build_base': '/home/cm23/ros2_ws/build/custom_pkg', 'catkin_cmake_args': None, 'catkin_skip_building_tests': False, 'cmake_args': None, 'cmake_clean_cache': False, 'cmake_clean_first': False, 'cmake_force_configure': False, 'cmake_target': None, 'cmake_target_skip_unavailable': False, 'install_base': '/home/cm23/ros2_ws/install/custom_pkg', 'merge_install': False, 'path': '/home/cm23/ros2_ws/src/custom_pkg', 'symlink_install': True, 'test_result_base': None}
[0.393s] INFO:colcon.colcon_core.executor:Executing jobs using 'parallel' executor
[0.394s] DEBUG:colcon.colcon_parallel_executor.executor.parallel:run_until_complete
[0.394s] INFO:colcon.colcon_ros.task.ament_cmake.build:Building ROS package in '/home/cm23/ros2_ws/src/custom_interfaces' with build type 'ament_cmake'
[0.394s] INFO:colcon.colcon_cmake.task.cmake.build:Building CMake package in '/home/cm23/ros2_ws/src/custom_interfaces'
[0.396s] INFO:colcon.colcon_core.plugin_system:Skipping extension 'colcon_core.shell.bat': Not used on non-Windows systems
[0.396s] INFO:colcon.colcon_core.shell:Skip shell extension 'powershell' for command environment: Not usable outside of PowerShell
[0.396s] DEBUG:colcon.colcon_core.shell:Skip shell extension 'dsv' for command environment
[0.399s] INFO:colcon.colcon_ros.task.ament_python.build:Building ROS package in '/home/cm23/ros2_ws/src/learning_tf2_py' with build type 'ament_python'
[0.400s] Level 1:colcon.colcon_core.shell:create_environment_hook('learning_tf2_py', 'ament_prefix_path')
[0.400s] INFO:colcon.colcon_core.shell:Creating environment hook '/home/cm23/ros2_ws/install/learning_tf2_py/share/learning_tf2_py/hook/ament_prefix_path.ps1'
[0.400s] INFO:colcon.colcon_core.shell:Creating environment descriptor '/home/cm23/ros2_ws/install/learning_tf2_py/share/learning_tf2_py/hook/ament_prefix_path.dsv'
[0.401s] INFO:colcon.colcon_core.shell:Creating environment hook '/home/cm23/ros2_ws/install/learning_tf2_py/share/learning_tf2_py/hook/ament_prefix_path.sh'
[0.401s] INFO:colcon.colcon_core.shell:Skip shell extension 'powershell' for command environment: Not usable outside of PowerShell
[0.401s] DEBUG:colcon.colcon_core.shell:Skip shell extension 'dsv' for command environment
[0.404s] INFO:colcon.colcon_ros.task.ament_cmake.build:Building ROS package in '/home/cm23/ros2_ws/src/mobile_robot_description' with build type 'ament_cmake'
[0.404s] INFO:colcon.colcon_cmake.task.cmake.build:Building CMake package in '/home/cm23/ros2_ws/src/mobile_robot_description'
[0.404s] INFO:colcon.colcon_core.shell:Skip shell extension 'powershell' for command environment: Not usable outside of PowerShell
[0.404s] DEBUG:colcon.colcon_core.shell:Skip shell extension 'dsv' for command environment
[0.407s] INFO:colcon.colcon_ros.task.ament_python.build:Building ROS package in '/home/cm23/ros2_ws/src/py_pubsub' with build type 'ament_python'
[0.407s] Level 1:colcon.colcon_core.shell:create_environment_hook('py_pubsub', 'ament_prefix_path')
[0.407s] INFO:colcon.colcon_core.shell:Creating environment hook '/home/cm23/ros2_ws/install/py_pubsub/share/py_pubsub/hook/ament_prefix_path.ps1'
[0.408s] INFO:colcon.colcon_core.shell:Creating environment descriptor '/home/cm23/ros2_ws/install/py_pubsub/share/py_pubsub/hook/ament_prefix_path.dsv'
[0.408s] INFO:colcon.colcon_core.shell:Creating environment hook '/home/cm23/ros2_ws/install/py_pubsub/share/py_pubsub/hook/ament_prefix_path.sh'
[0.409s] INFO:colcon.colcon_core.shell:Skip shell extension 'powershell' for command environment: Not usable outside of PowerShell
[0.409s] DEBUG:colcon.colcon_core.shell:Skip shell extension 'dsv' for command environment
[0.416s] DEBUG:colcon.colcon_core.event_handler.log_command:Invoking command in '/home/cm23/ros2_ws/build/custom_interfaces': CMAKE_PREFIX_PATH=${CMAKE_PREFIX_PATH}:/home/cm23/ros2_ws/install/learning_tf2_py:/home/cm23/ros2_ws/install/py_pubsub:/home/cm23/ros2_ws/install/custom_pkg:/opt/ros/humble /usr/bin/cmake /home/cm23/ros2_ws/src/custom_interfaces -DAMENT_CMAKE_SYMLINK_INSTALL=1 -DCMAKE_INSTALL_PREFIX=/home/cm23/ros2_ws/install/custom_interfaces
[0.689s] INFO:colcon.colcon_core.task.python.build:Building Python package in '/home/cm23/ros2_ws/src/learning_tf2_py'
[0.689s] INFO:colcon.colcon_core.shell:Skip shell extension 'powershell' for command environment: Not usable outside of PowerShell
[0.689s] DEBUG:colcon.colcon_core.shell:Skip shell extension 'dsv' for command environment
[0.699s] DEBUG:colcon.colcon_core.event_handler.log_command:Invoking command in '/home/cm23/ros2_ws/build/mobile_robot_description': CMAKE_PREFIX_PATH=${CMAKE_PREFIX_PATH}:/home/cm23/ros2_ws/install/learning_tf2_py:/home/cm23/ros2_ws/install/py_pubsub:/home/cm23/ros2_ws/install/custom_pkg:/opt/ros/humble /usr/bin/cmake /home/cm23/ros2_ws/src/mobile_robot_description -DAMENT_CMAKE_SYMLINK_INSTALL=1 -DCMAKE_INSTALL_PREFIX=/home/cm23/ros2_ws/install/mobile_robot_description
[0.974s] WARNING:colcon.colcon_ros.task.ament_python.build:Package 'py_pubsub' doesn't explicitly install a marker in the package index (colcon-ros currently does it implicitly but that fallback will be removed in the future)
[0.974s] WARNING:colcon.colcon_ros.task.ament_python.build:Package 'py_pubsub' doesn't explicitly install the 'package.xml' file (colcon-ros currently does it implicitly but that fallback will be removed in the future)
[0.974s] INFO:colcon.colcon_core.task.python.build:Building Python package in '/home/cm23/ros2_ws/src/py_pubsub'
[0.974s] INFO:colcon.colcon_core.shell:Skip shell extension 'powershell' for command environment: Not usable outside of PowerShell
[0.975s] DEBUG:colcon.colcon_core.shell:Skip shell extension 'dsv' for command environment
[0.982s] DEBUG:colcon.colcon_core.event_handler.log_command:Invoked command in '/home/cm23/ros2_ws/build/mobile_robot_description' returned '0': CMAKE_PREFIX_PATH=${CMAKE_PREFIX_PATH}:/home/cm23/ros2_ws/install/learning_tf2_py:/home/cm23/ros2_ws/install/py_pubsub:/home/cm23/ros2_ws/install/custom_pkg:/opt/ros/humble /usr/bin/cmake /home/cm23/ros2_ws/src/mobile_robot_description -DAMENT_CMAKE_SYMLINK_INSTALL=1 -DCMAKE_INSTALL_PREFIX=/home/cm23/ros2_ws/install/mobile_robot_description
[0.983s] DEBUG:colcon.colcon_core.event_handler.log_command:Invoking command in '/home/cm23/ros2_ws/build/mobile_robot_description': CMAKE_PREFIX_PATH=${CMAKE_PREFIX_PATH}:/home/cm23/ros2_ws/install/learning_tf2_py:/home/cm23/ros2_ws/install/py_pubsub:/home/cm23/ros2_ws/install/custom_pkg:/opt/ros/humble /usr/bin/cmake --build /home/cm23/ros2_ws/build/mobile_robot_description -- -j16 -l16
[1.025s] DEBUG:colcon.colcon_core.event_handler.log_command:Invoked command in '/home/cm23/ros2_ws/build/mobile_robot_description' returned '0': CMAKE_PREFIX_PATH=${CMAKE_PREFIX_PATH}:/home/cm23/ros2_ws/install/learning_tf2_py:/home/cm23/ros2_ws/install/py_pubsub:/home/cm23/ros2_ws/install/custom_pkg:/opt/ros/humble /usr/bin/cmake --build /home/cm23/ros2_ws/build/mobile_robot_description -- -j16 -l16
[1.060s] DEBUG:colcon.colcon_core.event_handler.log_command:Invoking command in '/home/cm23/ros2_ws/build/mobile_robot_description': CMAKE_PREFIX_PATH=${CMAKE_PREFIX_PATH}:/home/cm23/ros2_ws/install/learning_tf2_py:/home/cm23/ros2_ws/install/py_pubsub:/home/cm23/ros2_ws/install/custom_pkg:/opt/ros/humble /usr/bin/cmake --install /home/cm23/ros2_ws/build/mobile_robot_description
[1.278s] Level 1:colcon.colcon_core.environment:create_environment_scripts_only(mobile_robot_description)
[1.278s] DEBUG:colcon.colcon_core.event_handler.log_command:Invoked command in '/home/cm23/ros2_ws/build/mobile_robot_description' returned '0': CMAKE_PREFIX_PATH=${CMAKE_PREFIX_PATH}:/home/cm23/ros2_ws/install/learning_tf2_py:/home/cm23/ros2_ws/install/py_pubsub:/home/cm23/ros2_ws/install/custom_pkg:/opt/ros/humble /usr/bin/cmake --install /home/cm23/ros2_ws/build/mobile_robot_description
[1.280s] Level 1:colcon.colcon_core.environment:checking '/home/cm23/ros2_ws/install/mobile_robot_description' for CMake module files
[1.281s] Level 1:colcon.colcon_core.environment:checking '/home/cm23/ros2_ws/install/mobile_robot_description' for CMake config files
[1.282s] Level 1:colcon.colcon_core.shell:create_environment_hook('mobile_robot_description', 'cmake_prefix_path')
[1.282s] INFO:colcon.colcon_core.shell:Creating environment hook '/home/cm23/ros2_ws/install/mobile_robot_description/share/mobile_robot_description/hook/cmake_prefix_path.ps1'
[1.282s] INFO:colcon.colcon_core.shell:Creating environment descriptor '/home/cm23/ros2_ws/install/mobile_robot_description/share/mobile_robot_description/hook/cmake_prefix_path.dsv'
[1.283s] INFO:colcon.colcon_core.shell:Creating environment hook '/home/cm23/ros2_ws/install/mobile_robot_description/share/mobile_robot_description/hook/cmake_prefix_path.sh'
[1.284s] Level 1:colcon.colcon_core.environment:checking '/home/cm23/ros2_ws/install/mobile_robot_description/bin'
[1.284s] Level 1:colcon.colcon_core.environment:checking '/home/cm23/ros2_ws/install/mobile_robot_description/lib/pkgconfig/mobile_robot_description.pc'
[1.284s] Level 1:colcon.colcon_core.environment:checking '/home/cm23/ros2_ws/install/mobile_robot_description/lib/python3.10/site-packages'
[1.284s] Level 1:colcon.colcon_core.environment:checking '/home/cm23/ros2_ws/install/mobile_robot_description/bin'
[1.284s] INFO:colcon.colcon_core.shell:Creating package script '/home/cm23/ros2_ws/install/mobile_robot_description/share/mobile_robot_description/package.ps1'
[1.285s] INFO:colcon.colcon_core.shell:Creating package descriptor '/home/cm23/ros2_ws/install/mobile_robot_description/share/mobile_robot_description/package.dsv'
[1.286s] INFO:colcon.colcon_core.shell:Creating package script '/home/cm23/ros2_ws/install/mobile_robot_description/share/mobile_robot_description/package.sh'
[1.287s] INFO:colcon.colcon_core.shell:Creating package script '/home/cm23/ros2_ws/install/mobile_robot_description/share/mobile_robot_description/package.bash'
[1.287s] INFO:colcon.colcon_core.shell:Creating package script '/home/cm23/ros2_ws/install/mobile_robot_description/share/mobile_robot_description/package.zsh'
[1.288s] Level 1:colcon.colcon_core.environment:create_file_with_runtime_dependencies(/home/cm23/ros2_ws/install/mobile_robot_description/share/colcon-core/packages/mobile_robot_description)
[1.313s] Level 1:colcon.colcon_core.environment:create_environment_scripts_only(mobile_robot_description)
[1.313s] Level 1:colcon.colcon_core.environment:checking '/home/cm23/ros2_ws/install/mobile_robot_description' for CMake module files
[1.314s] Level 1:colcon.colcon_core.environment:checking '/home/cm23/ros2_ws/install/mobile_robot_description' for CMake config files
[1.315s] Level 1:colcon.colcon_core.shell:create_environment_hook('mobile_robot_description', 'cmake_prefix_path')
[1.315s] INFO:colcon.colcon_core.shell:Creating environment hook '/home/cm23/ros2_ws/install/mobile_robot_description/share/mobile_robot_description/hook/cmake_prefix_path.ps1'
[1.315s] INFO:colcon.colcon_core.shell:Creating environment descriptor '/home/cm23/ros2_ws/install/mobile_robot_description/share/mobile_robot_description/hook/cmake_prefix_path.dsv'
[1.316s] INFO:colcon.colcon_core.shell:Creating environment hook '/home/cm23/ros2_ws/install/mobile_robot_description/share/mobile_robot_description/hook/cmake_prefix_path.sh'
[1.316s] Level 1:colcon.colcon_core.environment:checking '/home/cm23/ros2_ws/install/mobile_robot_description/bin'
[1.316s] Level 1:colcon.colcon_core.environment:checking '/home/cm23/ros2_ws/install/mobile_robot_description/lib/pkgconfig/mobile_robot_description.pc'
[1.316s] Level 1:colcon.colcon_core.environment:checking '/home/cm23/ros2_ws/install/mobile_robot_description/lib/python3.10/site-packages'
[1.317s] Level 1:colcon.colcon_core.environment:checking '/home/cm23/ros2_ws/install/mobile_robot_description/bin'
[1.317s] INFO:colcon.colcon_core.shell:Creating package script '/home/cm23/ros2_ws/install/mobile_robot_description/share/mobile_robot_description/package.ps1'
[1.317s] INFO:colcon.colcon_core.shell:Creating package descriptor '/home/cm23/ros2_ws/install/mobile_robot_description/share/mobile_robot_description/package.dsv'
[1.318s] INFO:colcon.colcon_core.shell:Creating package script '/home/cm23/ros2_ws/install/mobile_robot_description/share/mobile_robot_description/package.sh'
[1.318s] INFO:colcon.colcon_core.shell:Creating package script '/home/cm23/ros2_ws/install/mobile_robot_description/share/mobile_robot_description/package.bash'
[1.319s] INFO:colcon.colcon_core.shell:Creating package script '/home/cm23/ros2_ws/install/mobile_robot_description/share/mobile_robot_description/package.zsh'
[1.319s] Level 1:colcon.colcon_core.environment:create_file_with_runtime_dependencies(/home/cm23/ros2_ws/install/mobile_robot_description/share/colcon-core/packages/mobile_robot_description)
[1.330s] DEBUG:colcon.colcon_core.event_handler.log_command:Invoking command in '/home/cm23/ros2_ws/build/py_pubsub': PYTHONPATH=/home/cm23/ros2_ws/build/py_pubsub/prefix_override:/home/cm23/ros2_ws/install/py_pubsub/lib/python3.10/site-packages:${PYTHONPATH} /usr/bin/python3 -W ignore:setup.py install is deprecated setup.py develop --editable --build-directory /home/cm23/ros2_ws/build/py_pubsub/build --no-deps
[1.333s] DEBUG:colcon.colcon_core.event_handler.log_command:Invoking command in '/home/cm23/ros2_ws/build/learning_tf2_py': PYTHONPATH=/home/cm23/ros2_ws/build/learning_tf2_py/prefix_override:/home/cm23/ros2_ws/install/learning_tf2_py/lib/python3.10/site-packages:${PYTHONPATH} /usr/bin/python3 -W ignore:setup.py install is deprecated setup.py develop --editable --build-directory /home/cm23/ros2_ws/build/learning_tf2_py/build --no-deps symlink_data
[1.817s] Level 1:colcon.colcon_core.shell:create_environment_hook('py_pubsub', 'pythonpath_develop')
[1.817s] INFO:colcon.colcon_core.shell:Creating environment hook '/home/cm23/ros2_ws/build/py_pubsub/share/py_pubsub/hook/pythonpath_develop.ps1'
[1.817s] DEBUG:colcon.colcon_core.event_handler.log_command:Invoked command in '/home/cm23/ros2_ws/build/py_pubsub' returned '0': PYTHONPATH=/home/cm23/ros2_ws/build/py_pubsub/prefix_override:/home/cm23/ros2_ws/install/py_pubsub/lib/python3.10/site-packages:${PYTHONPATH} /usr/bin/python3 -W ignore:setup.py install is deprecated setup.py develop --editable --build-directory /home/cm23/ros2_ws/build/py_pubsub/build --no-deps
[1.818s] INFO:colcon.colcon_core.shell:Creating environment descriptor '/home/cm23/ros2_ws/build/py_pubsub/share/py_pubsub/hook/pythonpath_develop.dsv'
[1.819s] INFO:colcon.colcon_core.shell:Creating environment hook '/home/cm23/ros2_ws/build/py_pubsub/share/py_pubsub/hook/pythonpath_develop.sh'
[1.820s] Level 1:colcon.colcon_core.environment:checking '/home/cm23/ros2_ws/install/py_pubsub' for CMake module files
[1.821s] Level 1:colcon.colcon_core.environment:checking '/home/cm23/ros2_ws/install/py_pubsub' for CMake config files
[1.821s] Level 1:colcon.colcon_core.environment:checking '/home/cm23/ros2_ws/install/py_pubsub/lib'
[1.822s] Level 1:colcon.colcon_core.environment:checking '/home/cm23/ros2_ws/install/py_pubsub/bin'
[1.822s] Level 1:colcon.colcon_core.environment:checking '/home/cm23/ros2_ws/install/py_pubsub/lib/pkgconfig/py_pubsub.pc'
[1.822s] Level 1:colcon.colcon_core.environment:checking '/home/cm23/ros2_ws/install/py_pubsub/lib/python3.10/site-packages'
[1.823s] Level 1:colcon.colcon_core.shell:create_environment_hook('py_pubsub', 'pythonpath')
[1.823s] INFO:colcon.colcon_core.shell:Creating environment hook '/home/cm23/ros2_ws/install/py_pubsub/share/py_pubsub/hook/pythonpath.ps1'
[1.824s] INFO:colcon.colcon_core.shell:Creating environment descriptor '/home/cm23/ros2_ws/install/py_pubsub/share/py_pubsub/hook/pythonpath.dsv'
[1.824s] INFO:colcon.colcon_core.shell:Creating environment hook '/home/cm23/ros2_ws/install/py_pubsub/share/py_pubsub/hook/pythonpath.sh'
[1.825s] Level 1:colcon.colcon_core.environment:checking '/home/cm23/ros2_ws/install/py_pubsub/bin'
[1.825s] Level 1:colcon.colcon_core.environment:create_environment_scripts_only(py_pubsub)
[1.826s] INFO:colcon.colcon_core.shell:Creating package script '/home/cm23/ros2_ws/install/py_pubsub/share/py_pubsub/package.ps1'
[1.826s] INFO:colcon.colcon_core.shell:Creating package descriptor '/home/cm23/ros2_ws/install/py_pubsub/share/py_pubsub/package.dsv'
[1.827s] INFO:colcon.colcon_core.shell:Creating package script '/home/cm23/ros2_ws/install/py_pubsub/share/py_pubsub/package.sh'
[1.827s] INFO:colcon.colcon_core.shell:Creating package script '/home/cm23/ros2_ws/install/py_pubsub/share/py_pubsub/package.bash'
[1.828s] INFO:colcon.colcon_core.shell:Creating package script '/home/cm23/ros2_ws/install/py_pubsub/share/py_pubsub/package.zsh'
[1.828s] Level 1:colcon.colcon_core.environment:create_file_with_runtime_dependencies(/home/cm23/ros2_ws/install/py_pubsub/share/colcon-core/packages/py_pubsub)
[1.843s] Level 1:colcon.colcon_core.shell:create_environment_hook('learning_tf2_py', 'pythonpath_develop')
[1.843s] INFO:colcon.colcon_core.shell:Creating environment hook '/home/cm23/ros2_ws/build/learning_tf2_py/share/learning_tf2_py/hook/pythonpath_develop.ps1'
[1.843s] DEBUG:colcon.colcon_core.event_handler.log_command:Invoked command in '/home/cm23/ros2_ws/build/learning_tf2_py' returned '0': PYTHONPATH=/home/cm23/ros2_ws/build/learning_tf2_py/prefix_override:/home/cm23/ros2_ws/install/learning_tf2_py/lib/python3.10/site-packages:${PYTHONPATH} /usr/bin/python3 -W ignore:setup.py install is deprecated setup.py develop --editable --build-directory /home/cm23/ros2_ws/build/learning_tf2_py/build --no-deps symlink_data
[1.844s] INFO:colcon.colcon_core.shell:Creating environment descriptor '/home/cm23/ros2_ws/build/learning_tf2_py/share/learning_tf2_py/hook/pythonpath_develop.dsv'
[1.844s] INFO:colcon.colcon_core.shell:Creating environment hook '/home/cm23/ros2_ws/build/learning_tf2_py/share/learning_tf2_py/hook/pythonpath_develop.sh'
[1.845s] Level 1:colcon.colcon_core.environment:checking '/home/cm23/ros2_ws/install/learning_tf2_py' for CMake module files
[1.845s] Level 1:colcon.colcon_core.environment:checking '/home/cm23/ros2_ws/install/learning_tf2_py' for CMake config files
[1.846s] Level 1:colcon.colcon_core.environment:checking '/home/cm23/ros2_ws/install/learning_tf2_py/lib'
[1.846s] Level 1:colcon.colcon_core.environment:checking '/home/cm23/ros2_ws/install/learning_tf2_py/bin'
[1.846s] Level 1:colcon.colcon_core.environment:checking '/home/cm23/ros2_ws/install/learning_tf2_py/lib/pkgconfig/learning_tf2_py.pc'
[1.846s] Level 1:colcon.colcon_core.environment:checking '/home/cm23/ros2_ws/install/learning_tf2_py/lib/python3.10/site-packages'
[1.846s] Level 1:colcon.colcon_core.shell:create_environment_hook('learning_tf2_py', 'pythonpath')
[1.846s] INFO:colcon.colcon_core.shell:Creating environment hook '/home/cm23/ros2_ws/install/learning_tf2_py/share/learning_tf2_py/hook/pythonpath.ps1'
[1.847s] INFO:colcon.colcon_core.shell:Creating environment descriptor '/home/cm23/ros2_ws/install/learning_tf2_py/share/learning_tf2_py/hook/pythonpath.dsv'
[1.847s] INFO:colcon.colcon_core.shell:Creating environment hook '/home/cm23/ros2_ws/install/learning_tf2_py/share/learning_tf2_py/hook/pythonpath.sh'
[1.847s] Level 1:colcon.colcon_core.environment:checking '/home/cm23/ros2_ws/install/learning_tf2_py/bin'
[1.847s] Level 1:colcon.colcon_core.environment:create_environment_scripts_only(learning_tf2_py)
[1.848s] INFO:colcon.colcon_core.shell:Creating package script '/home/cm23/ros2_ws/install/learning_tf2_py/share/learning_tf2_py/package.ps1'
[1.848s] INFO:colcon.colcon_core.shell:Creating package descriptor '/home/cm23/ros2_ws/install/learning_tf2_py/share/learning_tf2_py/package.dsv'
[1.849s] INFO:colcon.colcon_core.shell:Creating package script '/home/cm23/ros2_ws/install/learning_tf2_py/share/learning_tf2_py/package.sh'
[1.849s] INFO:colcon.colcon_core.shell:Creating package script '/home/cm23/ros2_ws/install/learning_tf2_py/share/learning_tf2_py/package.bash'
[1.850s] INFO:colcon.colcon_core.shell:Creating package script '/home/cm23/ros2_ws/install/learning_tf2_py/share/learning_tf2_py/package.zsh'
[1.850s] Level 1:colcon.colcon_core.environment:create_file_with_runtime_dependencies(/home/cm23/ros2_ws/install/learning_tf2_py/share/colcon-core/packages/learning_tf2_py)
[2.166s] DEBUG:colcon.colcon_core.event_handler.log_command:Invoked command in '/home/cm23/ros2_ws/build/custom_interfaces' returned '0': CMAKE_PREFIX_PATH=${CMAKE_PREFIX_PATH}:/home/cm23/ros2_ws/install/learning_tf2_py:/home/cm23/ros2_ws/install/py_pubsub:/home/cm23/ros2_ws/install/custom_pkg:/opt/ros/humble /usr/bin/cmake /home/cm23/ros2_ws/src/custom_interfaces -DAMENT_CMAKE_SYMLINK_INSTALL=1 -DCMAKE_INSTALL_PREFIX=/home/cm23/ros2_ws/install/custom_interfaces
[2.168s] DEBUG:colcon.colcon_core.event_handler.log_command:Invoking command in '/home/cm23/ros2_ws/build/custom_interfaces': CMAKE_PREFIX_PATH=${CMAKE_PREFIX_PATH}:/home/cm23/ros2_ws/install/learning_tf2_py:/home/cm23/ros2_ws/install/py_pubsub:/home/cm23/ros2_ws/install/custom_pkg:/opt/ros/humble /usr/bin/cmake --build /home/cm23/ros2_ws/build/custom_interfaces -- -j16 -l16
[5.336s] DEBUG:colcon.colcon_core.event_handler.log_command:Invoked command in '/home/cm23/ros2_ws/build/custom_interfaces' returned '0': CMAKE_PREFIX_PATH=${CMAKE_PREFIX_PATH}:/home/cm23/ros2_ws/install/learning_tf2_py:/home/cm23/ros2_ws/install/py_pubsub:/home/cm23/ros2_ws/install/custom_pkg:/opt/ros/humble /usr/bin/cmake --build /home/cm23/ros2_ws/build/custom_interfaces -- -j16 -l16
[5.461s] DEBUG:colcon.colcon_core.event_handler.log_command:Invoking command in '/home/cm23/ros2_ws/build/custom_interfaces': CMAKE_PREFIX_PATH=${CMAKE_PREFIX_PATH}:/home/cm23/ros2_ws/install/learning_tf2_py:/home/cm23/ros2_ws/install/py_pubsub:/home/cm23/ros2_ws/install/custom_pkg:/opt/ros/humble /usr/bin/cmake --install /home/cm23/ros2_ws/build/custom_interfaces
[6.503s] Level 1:colcon.colcon_core.environment:create_environment_scripts_only(custom_interfaces)
[6.504s] Level 1:colcon.colcon_core.environment:checking '/home/cm23/ros2_ws/install/custom_interfaces' for CMake module files
[6.504s] DEBUG:colcon.colcon_core.event_handler.log_command:Invoked command in '/home/cm23/ros2_ws/build/custom_interfaces' returned '0': CMAKE_PREFIX_PATH=${CMAKE_PREFIX_PATH}:/home/cm23/ros2_ws/install/learning_tf2_py:/home/cm23/ros2_ws/install/py_pubsub:/home/cm23/ros2_ws/install/custom_pkg:/opt/ros/humble /usr/bin/cmake --install /home/cm23/ros2_ws/build/custom_interfaces
[6.505s] Level 1:colcon.colcon_core.environment:checking '/home/cm23/ros2_ws/install/custom_interfaces' for CMake config files
[6.506s] Level 1:colcon.colcon_core.shell:create_environment_hook('custom_interfaces', 'cmake_prefix_path')
[6.506s] INFO:colcon.colcon_core.shell:Creating environment hook '/home/cm23/ros2_ws/install/custom_interfaces/share/custom_interfaces/hook/cmake_prefix_path.ps1'
[6.507s] INFO:colcon.colcon_core.shell:Creating environment descriptor '/home/cm23/ros2_ws/install/custom_interfaces/share/custom_interfaces/hook/cmake_prefix_path.dsv'
[6.507s] INFO:colcon.colcon_core.shell:Creating environment hook '/home/cm23/ros2_ws/install/custom_interfaces/share/custom_interfaces/hook/cmake_prefix_path.sh'
[6.508s] Level 1:colcon.colcon_core.environment:checking '/home/cm23/ros2_ws/install/custom_interfaces/lib'
[6.508s] Level 1:colcon.colcon_core.shell:create_environment_hook('custom_interfaces', 'ld_library_path_lib')
[6.508s] INFO:colcon.colcon_core.shell:Creating environment hook '/home/cm23/ros2_ws/install/custom_interfaces/share/custom_interfaces/hook/ld_library_path_lib.ps1'
[6.509s] INFO:colcon.colcon_core.shell:Creating environment descriptor '/home/cm23/ros2_ws/install/custom_interfaces/share/custom_interfaces/hook/ld_library_path_lib.dsv'
[6.509s] INFO:colcon.colcon_core.shell:Creating environment hook '/home/cm23/ros2_ws/install/custom_interfaces/share/custom_interfaces/hook/ld_library_path_lib.sh'
[6.510s] Level 1:colcon.colcon_core.environment:checking '/home/cm23/ros2_ws/install/custom_interfaces/bin'
[6.510s] Level 1:colcon.colcon_core.environment:checking '/home/cm23/ros2_ws/install/custom_interfaces/lib/pkgconfig/custom_interfaces.pc'
[6.510s] Level 1:colcon.colcon_core.environment:checking '/home/cm23/ros2_ws/install/custom_interfaces/lib/python3.10/site-packages'
[6.510s] Level 1:colcon.colcon_core.environment:checking '/home/cm23/ros2_ws/install/custom_interfaces/bin'
[6.511s] INFO:colcon.colcon_core.shell:Creating package script '/home/cm23/ros2_ws/install/custom_interfaces/share/custom_interfaces/package.ps1'
[6.511s] INFO:colcon.colcon_core.shell:Creating package descriptor '/home/cm23/ros2_ws/install/custom_interfaces/share/custom_interfaces/package.dsv'
[6.511s] INFO:colcon.colcon_core.shell:Creating package script '/home/cm23/ros2_ws/install/custom_interfaces/share/custom_interfaces/package.sh'
[6.512s] INFO:colcon.colcon_core.shell:Creating package script '/home/cm23/ros2_ws/install/custom_interfaces/share/custom_interfaces/package.bash'
[6.512s] INFO:colcon.colcon_core.shell:Creating package script '/home/cm23/ros2_ws/install/custom_interfaces/share/custom_interfaces/package.zsh'
[6.513s] Level 1:colcon.colcon_core.environment:create_file_with_runtime_dependencies(/home/cm23/ros2_ws/install/custom_interfaces/share/colcon-core/packages/custom_interfaces)
[6.637s] Level 1:colcon.colcon_core.environment:create_environment_scripts_only(custom_interfaces)
[6.638s] Level 1:colcon.colcon_core.environment:checking '/home/cm23/ros2_ws/install/custom_interfaces' for CMake module files
[6.638s] Level 1:colcon.colcon_core.environment:checking '/home/cm23/ros2_ws/install/custom_interfaces' for CMake config files
[6.640s] Level 1:colcon.colcon_core.shell:create_environment_hook('custom_interfaces', 'cmake_prefix_path')
[6.640s] INFO:colcon.colcon_core.shell:Creating environment hook '/home/cm23/ros2_ws/install/custom_interfaces/share/custom_interfaces/hook/cmake_prefix_path.ps1'
[6.640s] INFO:colcon.colcon_core.shell:Creating environment descriptor '/home/cm23/ros2_ws/install/custom_interfaces/share/custom_interfaces/hook/cmake_prefix_path.dsv'
[6.641s] INFO:colcon.colcon_core.shell:Creating environment hook '/home/cm23/ros2_ws/install/custom_interfaces/share/custom_interfaces/hook/cmake_prefix_path.sh'
[6.642s] Level 1:colcon.colcon_core.environment:checking '/home/cm23/ros2_ws/install/custom_interfaces/lib'
[6.642s] Level 1:colcon.colcon_core.shell:create_environment_hook('custom_interfaces', 'ld_library_path_lib')
[6.642s] INFO:colcon.colcon_core.shell:Creating environment hook '/home/cm23/ros2_ws/install/custom_interfaces/share/custom_interfaces/hook/ld_library_path_lib.ps1'
[6.642s] INFO:colcon.colcon_core.shell:Creating environment descriptor '/home/cm23/ros2_ws/install/custom_interfaces/share/custom_interfaces/hook/ld_library_path_lib.dsv'
[6.643s] INFO:colcon.colcon_core.shell:Creating environment hook '/home/cm23/ros2_ws/install/custom_interfaces/share/custom_interfaces/hook/ld_library_path_lib.sh'
[6.643s] Level 1:colcon.colcon_core.environment:checking '/home/cm23/ros2_ws/install/custom_interfaces/bin'
[6.643s] Level 1:colcon.colcon_core.environment:checking '/home/cm23/ros2_ws/install/custom_interfaces/lib/pkgconfig/custom_interfaces.pc'
[6.644s] Level 1:colcon.colcon_core.environment:checking '/home/cm23/ros2_ws/install/custom_interfaces/lib/python3.10/site-packages'
[6.644s] Level 1:colcon.colcon_core.environment:checking '/home/cm23/ros2_ws/install/custom_interfaces/bin'
[6.644s] INFO:colcon.colcon_core.shell:Creating package script '/home/cm23/ros2_ws/install/custom_interfaces/share/custom_interfaces/package.ps1'
[6.645s] INFO:colcon.colcon_core.shell:Creating package descriptor '/home/cm23/ros2_ws/install/custom_interfaces/share/custom_interfaces/package.dsv'
[6.646s] INFO:colcon.colcon_core.shell:Creating package script '/home/cm23/ros2_ws/install/custom_interfaces/share/custom_interfaces/package.sh'
[6.647s] INFO:colcon.colcon_core.shell:Creating package script '/home/cm23/ros2_ws/install/custom_interfaces/share/custom_interfaces/package.bash'
[6.647s] INFO:colcon.colcon_core.shell:Creating package script '/home/cm23/ros2_ws/install/custom_interfaces/share/custom_interfaces/package.zsh'
[6.647s] Level 1:colcon.colcon_core.environment:create_file_with_runtime_dependencies(/home/cm23/ros2_ws/install/custom_interfaces/share/colcon-core/packages/custom_interfaces)
[6.648s] INFO:colcon.colcon_ros.task.ament_python.build:Building ROS package in '/home/cm23/ros2_ws/src/custom_pkg' with build type 'ament_python'
[6.648s] Level 1:colcon.colcon_core.shell:create_environment_hook('custom_pkg', 'ament_prefix_path')
[6.648s] INFO:colcon.colcon_core.shell:Creating environment hook '/home/cm23/ros2_ws/install/custom_pkg/share/custom_pkg/hook/ament_prefix_path.ps1'
[6.649s] INFO:colcon.colcon_core.shell:Creating environment descriptor '/home/cm23/ros2_ws/install/custom_pkg/share/custom_pkg/hook/ament_prefix_path.dsv'
[6.649s] INFO:colcon.colcon_core.shell:Creating environment hook '/home/cm23/ros2_ws/install/custom_pkg/share/custom_pkg/hook/ament_prefix_path.sh'
[6.650s] INFO:colcon.colcon_core.shell:Skip shell extension 'powershell' for command environment: Not usable outside of PowerShell
[6.650s] DEBUG:colcon.colcon_core.shell:Skip shell extension 'dsv' for command environment
[6.934s] INFO:colcon.colcon_core.task.python.build:Building Python package in '/home/cm23/ros2_ws/src/custom_pkg'
[6.934s] INFO:colcon.colcon_core.shell:Skip shell extension 'powershell' for command environment: Not usable outside of PowerShell
[6.934s] DEBUG:colcon.colcon_core.shell:Skip shell extension 'dsv' for command environment
[7.294s] DEBUG:colcon.colcon_core.event_handler.log_command:Invoking command in '/home/cm23/ros2_ws/build/custom_pkg': CMAKE_PREFIX_PATH=/home/cm23/ros2_ws/install/custom_interfaces:/home/cm23/ros2_ws/install/mobile_robot_description PYTHONPATH=/home/cm23/ros2_ws/build/custom_pkg/prefix_override:/home/cm23/ros2_ws/install/custom_pkg/lib/python3.10/site-packages:${PYTHONPATH} /usr/bin/python3 -W ignore:setup.py install is deprecated setup.py develop --editable --build-directory /home/cm23/ros2_ws/build/custom_pkg/build --no-deps symlink_data
[7.831s] Level 1:colcon.colcon_core.shell:create_environment_hook('custom_pkg', 'pythonpath_develop')
[7.831s] INFO:colcon.colcon_core.shell:Creating environment hook '/home/cm23/ros2_ws/build/custom_pkg/share/custom_pkg/hook/pythonpath_develop.ps1'
[7.832s] DEBUG:colcon.colcon_core.event_handler.log_command:Invoked command in '/home/cm23/ros2_ws/build/custom_pkg' returned '0': CMAKE_PREFIX_PATH=/home/cm23/ros2_ws/install/custom_interfaces:/home/cm23/ros2_ws/install/mobile_robot_description PYTHONPATH=/home/cm23/ros2_ws/build/custom_pkg/prefix_override:/home/cm23/ros2_ws/install/custom_pkg/lib/python3.10/site-packages:${PYTHONPATH} /usr/bin/python3 -W ignore:setup.py install is deprecated setup.py develop --editable --build-directory /home/cm23/ros2_ws/build/custom_pkg/build --no-deps symlink_data
[7.832s] INFO:colcon.colcon_core.shell:Creating environment descriptor '/home/cm23/ros2_ws/build/custom_pkg/share/custom_pkg/hook/pythonpath_develop.dsv'
[7.833s] INFO:colcon.colcon_core.shell:Creating environment hook '/home/cm23/ros2_ws/build/custom_pkg/share/custom_pkg/hook/pythonpath_develop.sh'
[7.833s] Level 1:colcon.colcon_core.environment:checking '/home/cm23/ros2_ws/install/custom_pkg' for CMake module files
[7.834s] Level 1:colcon.colcon_core.environment:checking '/home/cm23/ros2_ws/install/custom_pkg' for CMake config files
[7.834s] Level 1:colcon.colcon_core.environment:checking '/home/cm23/ros2_ws/install/custom_pkg/lib'
[7.834s] Level 1:colcon.colcon_core.environment:checking '/home/cm23/ros2_ws/install/custom_pkg/bin'
[7.834s] Level 1:colcon.colcon_core.environment:checking '/home/cm23/ros2_ws/install/custom_pkg/lib/pkgconfig/custom_pkg.pc'
[7.835s] Level 1:colcon.colcon_core.environment:checking '/home/cm23/ros2_ws/install/custom_pkg/lib/python3.10/site-packages'
[7.835s] Level 1:colcon.colcon_core.shell:create_environment_hook('custom_pkg', 'pythonpath')
[7.835s] INFO:colcon.colcon_core.shell:Creating environment hook '/home/cm23/ros2_ws/install/custom_pkg/share/custom_pkg/hook/pythonpath.ps1'
[7.836s] INFO:colcon.colcon_core.shell:Creating environment descriptor '/home/cm23/ros2_ws/install/custom_pkg/share/custom_pkg/hook/pythonpath.dsv'
[7.836s] INFO:colcon.colcon_core.shell:Creating environment hook '/home/cm23/ros2_ws/install/custom_pkg/share/custom_pkg/hook/pythonpath.sh'
[7.837s] Level 1:colcon.colcon_core.environment:checking '/home/cm23/ros2_ws/install/custom_pkg/bin'
[7.837s] Level 1:colcon.colcon_core.environment:create_environment_scripts_only(custom_pkg)
[7.837s] INFO:colcon.colcon_core.shell:Creating package script '/home/cm23/ros2_ws/install/custom_pkg/share/custom_pkg/package.ps1'
[7.838s] INFO:colcon.colcon_core.shell:Creating package descriptor '/home/cm23/ros2_ws/install/custom_pkg/share/custom_pkg/package.dsv'
[7.838s] INFO:colcon.colcon_core.shell:Creating package script '/home/cm23/ros2_ws/install/custom_pkg/share/custom_pkg/package.sh'
[7.839s] INFO:colcon.colcon_core.shell:Creating package script '/home/cm23/ros2_ws/install/custom_pkg/share/custom_pkg/package.bash'
[7.839s] INFO:colcon.colcon_core.shell:Creating package script '/home/cm23/ros2_ws/install/custom_pkg/share/custom_pkg/package.zsh'
[7.839s] Level 1:colcon.colcon_core.environment:create_file_with_runtime_dependencies(/home/cm23/ros2_ws/install/custom_pkg/share/colcon-core/packages/custom_pkg)
[7.840s] DEBUG:colcon.colcon_parallel_executor.executor.parallel:closing loop
[7.840s] DEBUG:colcon.colcon_parallel_executor.executor.parallel:loop closed
[7.840s] DEBUG:colcon.colcon_parallel_executor.executor.parallel:run_until_complete finished with '0'
[7.841s] DEBUG:colcon.colcon_core.event_reactor:joining thread
[7.847s] INFO:colcon.colcon_core.plugin_system:Skipping extension 'colcon_notification.desktop_notification.terminal_notifier': Not used on non-Darwin systems
[7.847s] INFO:colcon.colcon_core.plugin_system:Skipping extension 'colcon_notification.desktop_notification.win32': Not used on non-Windows systems
[7.847s] INFO:colcon.colcon_notification.desktop_notification:Sending desktop notification using 'notify2'
[7.875s] DEBUG:colcon.colcon_core.event_reactor:joined thread
[7.875s] INFO:colcon.colcon_core.shell:Creating prefix script '/home/cm23/ros2_ws/install/local_setup.ps1'
[7.876s] INFO:colcon.colcon_core.shell:Creating prefix util module '/home/cm23/ros2_ws/install/_local_setup_util_ps1.py'
[7.878s] INFO:colcon.colcon_core.shell:Creating prefix chain script '/home/cm23/ros2_ws/install/setup.ps1'
[7.879s] INFO:colcon.colcon_core.shell:Creating prefix script '/home/cm23/ros2_ws/install/local_setup.sh'
[7.879s] INFO:colcon.colcon_core.shell:Creating prefix util module '/home/cm23/ros2_ws/install/_local_setup_util_sh.py'
[7.880s] INFO:colcon.colcon_core.shell:Creating prefix chain script '/home/cm23/ros2_ws/install/setup.sh'
[7.882s] INFO:colcon.colcon_core.shell:Creating prefix script '/home/cm23/ros2_ws/install/local_setup.bash'
[7.882s] INFO:colcon.colcon_core.shell:Creating prefix chain script '/home/cm23/ros2_ws/install/setup.bash'
[7.884s] INFO:colcon.colcon_core.shell:Creating prefix script '/home/cm23/ros2_ws/install/local_setup.zsh'
[7.884s] INFO:colcon.colcon_core.shell:Creating prefix chain script '/home/cm23/ros2_ws/install/setup.zsh'
