[0.009s] Invoking command in '/home/cm23/ros2_ws/build/mobile_robot_description': CMAKE_PREFIX_PATH=${CMAKE_PREFIX_PATH}:/home/cm23/ros2_ws/install/learning_tf2_py:/home/cm23/ros2_ws/install/py_pubsub:/home/cm23/ros2_ws/install/custom_pkg:/opt/ros/humble /usr/bin/cmake /home/cm23/ros2_ws/src/mobile_robot_description -DCMAKE_INSTALL_PREFIX=/home/cm23/ros2_ws/install/mobile_robot_description
[0.069s] -- The C compiler identification is GNU 11.4.0
[0.132s] -- The CXX compiler identification is GNU 11.4.0
[0.141s] -- Detecting C compiler ABI info
[0.221s] -- Detecting C compiler ABI info - done
[0.228s] -- Check for working C compiler: /usr/bin/cc - skipped
[0.229s] -- Detecting C compile features
[0.229s] -- Detecting C compile features - done
[0.232s] -- Detecting CXX compiler ABI info
[0.320s] -- Detecting CXX compiler ABI info - done
[0.330s] -- Check for working CXX compiler: /usr/bin/c++ - skipped
[0.330s] -- Detecting CXX compile features
[0.331s] -- Detecting CXX compile features - done
[0.334s] -- Found ament_cmake: 1.3.9 (/opt/ros/humble/share/ament_cmake/cmake)
[0.499s] -- Found Python3: /usr/bin/python3 (found version "3.10.12") found components: Interpreter 
[0.588s] -- Found xacro: 2.0.8 (/opt/ros/humble/share/xacro/cmake)
[0.590s] -- Found ament_lint_auto: 0.12.11 (/opt/ros/humble/share/ament_lint_auto/cmake)
[0.669s] -- Added test 'copyright' to check source files copyright and LICENSE
[0.674s] -- Added test 'flake8' to check Python code syntax and style conventions
[0.675s] -- Added test 'lint_cmake' to check CMake code style
[0.676s] -- Added test 'pep257' to check Python code against some of the docstring style conventions in PEP 257
[0.678s] -- Added test 'xmllint' to check XML markup files
[0.679s] -- Configuring done
[0.683s] -- Generating done
[0.685s] -- Build files have been written to: /home/cm23/ros2_ws/build/mobile_robot_description
[0.689s] Invoked command in '/home/cm23/ros2_ws/build/mobile_robot_description' returned '0': CMAKE_PREFIX_PATH=${CMAKE_PREFIX_PATH}:/home/cm23/ros2_ws/install/learning_tf2_py:/home/cm23/ros2_ws/install/py_pubsub:/home/cm23/ros2_ws/install/custom_pkg:/opt/ros/humble /usr/bin/cmake /home/cm23/ros2_ws/src/mobile_robot_description -DCMAKE_INSTALL_PREFIX=/home/cm23/ros2_ws/install/mobile_robot_description
[0.691s] Invoking command in '/home/cm23/ros2_ws/build/mobile_robot_description': CMAKE_PREFIX_PATH=${CMAKE_PREFIX_PATH}:/home/cm23/ros2_ws/install/learning_tf2_py:/home/cm23/ros2_ws/install/py_pubsub:/home/cm23/ros2_ws/install/custom_pkg:/opt/ros/humble /usr/bin/cmake --build /home/cm23/ros2_ws/build/mobile_robot_description -- -j16 -l16
[0.733s] Invoked command in '/home/cm23/ros2_ws/build/mobile_robot_description' returned '0': CMAKE_PREFIX_PATH=${CMAKE_PREFIX_PATH}:/home/cm23/ros2_ws/install/learning_tf2_py:/home/cm23/ros2_ws/install/py_pubsub:/home/cm23/ros2_ws/install/custom_pkg:/opt/ros/humble /usr/bin/cmake --build /home/cm23/ros2_ws/build/mobile_robot_description -- -j16 -l16
[0.769s] Invoking command in '/home/cm23/ros2_ws/build/mobile_robot_description': CMAKE_PREFIX_PATH=${CMAKE_PREFIX_PATH}:/home/cm23/ros2_ws/install/learning_tf2_py:/home/cm23/ros2_ws/install/py_pubsub:/home/cm23/ros2_ws/install/custom_pkg:/opt/ros/humble /usr/bin/cmake --install /home/cm23/ros2_ws/build/mobile_robot_description
[0.778s] -- Install configuration: ""
[0.778s] -- Installing: /home/cm23/ros2_ws/install/mobile_robot_description/share/mobile_robot_description/launch
[0.778s] -- Installing: /home/cm23/ros2_ws/install/mobile_robot_description/share/mobile_robot_description/launch/cylinder.launch.py
[0.778s] -- Installing: /home/cm23/ros2_ws/install/mobile_robot_description/share/mobile_robot_description/launch/mobile_robot.launch.py
[0.778s] -- Installing: /home/cm23/ros2_ws/install/mobile_robot_description/share/mobile_robot_description/rviz
[0.778s] -- Installing: /home/cm23/ros2_ws/install/mobile_robot_description/share/mobile_robot_description/rviz/display.rviz
[0.779s] -- Installing: /home/cm23/ros2_ws/install/mobile_robot_description/share/mobile_robot_description/world
[0.779s] -- Installing: /home/cm23/ros2_ws/install/mobile_robot_description/share/mobile_robot_description/urdf
[0.779s] -- Installing: /home/cm23/ros2_ws/install/mobile_robot_description/share/mobile_robot_description/urdf/basic_mobile_robot.urdf
[0.779s] -- Installing: /home/cm23/ros2_ws/install/mobile_robot_description/share/mobile_robot_description/urdf/cylinder.urdf
[0.779s] -- Installing: /home/cm23/ros2_ws/install/mobile_robot_description/share/mobile_robot_description/gazebo
[0.779s] -- Installing: /home/cm23/ros2_ws/install/mobile_robot_description/share/ament_index/resource_index/package_run_dependencies/mobile_robot_description
[0.780s] -- Installing: /home/cm23/ros2_ws/install/mobile_robot_description/share/ament_index/resource_index/parent_prefix_path/mobile_robot_description
[0.780s] -- Installing: /home/cm23/ros2_ws/install/mobile_robot_description/share/mobile_robot_description/environment/ament_prefix_path.sh
[0.780s] -- Installing: /home/cm23/ros2_ws/install/mobile_robot_description/share/mobile_robot_description/environment/ament_prefix_path.dsv
[0.780s] -- Installing: /home/cm23/ros2_ws/install/mobile_robot_description/share/mobile_robot_description/environment/path.sh
[0.780s] -- Installing: /home/cm23/ros2_ws/install/mobile_robot_description/share/mobile_robot_description/environment/path.dsv
[0.781s] -- Installing: /home/cm23/ros2_ws/install/mobile_robot_description/share/mobile_robot_description/local_setup.bash
[0.781s] -- Installing: /home/cm23/ros2_ws/install/mobile_robot_description/share/mobile_robot_description/local_setup.sh
[0.781s] -- Installing: /home/cm23/ros2_ws/install/mobile_robot_description/share/mobile_robot_description/local_setup.zsh
[0.781s] -- Installing: /home/cm23/ros2_ws/install/mobile_robot_description/share/mobile_robot_description/local_setup.dsv
[0.781s] -- Installing: /home/cm23/ros2_ws/install/mobile_robot_description/share/mobile_robot_description/package.dsv
[0.782s] -- Installing: /home/cm23/ros2_ws/install/mobile_robot_description/share/ament_index/resource_index/packages/mobile_robot_description
[0.782s] -- Installing: /home/cm23/ros2_ws/install/mobile_robot_description/share/mobile_robot_description/cmake/mobile_robot_descriptionConfig.cmake
[0.782s] -- Installing: /home/cm23/ros2_ws/install/mobile_robot_description/share/mobile_robot_description/cmake/mobile_robot_descriptionConfig-version.cmake
[0.782s] -- Installing: /home/cm23/ros2_ws/install/mobile_robot_description/share/mobile_robot_description/package.xml
[0.784s] Invoked command in '/home/cm23/ros2_ws/build/mobile_robot_description' returned '0': CMAKE_PREFIX_PATH=${CMAKE_PREFIX_PATH}:/home/cm23/ros2_ws/install/learning_tf2_py:/home/cm23/ros2_ws/install/py_pubsub:/home/cm23/ros2_ws/install/custom_pkg:/opt/ros/humble /usr/bin/cmake --install /home/cm23/ros2_ws/build/mobile_robot_description
