-- Found ament_cmake: 1.3.9 (/opt/ros/humble/share/ament_cmake/cmake)
-- Override CMake install command with custom implementation using symlinks instead of copying resources
-- Found xacro: 2.0.8 (/opt/ros/humble/share/xacro/cmake)
-- Found ament_lint_auto: 0.12.11 (/opt/ros/humble/share/ament_lint_auto/cmake)
-- Added test 'copyright' to check source files copyright and LICENSE
-- Added test 'flake8' to check Python code syntax and style conventions
-- Added test 'lint_cmake' to check CMake code style
-- Added test 'pep257' to check Python code against some of the docstring style conventions in PEP 257
-- Added test 'xmllint' to check XML markup files
-- Configuring done
-- Generating done
-- Build files have been written to: /home/cm23/ros2_ws/build/mobile_robot_description
-- Install configuration: ""
-- Execute custom install script
-- Symlinking: /home/cm23/ros2_ws/install/mobile_robot_description/share/mobile_robot_description/launch/cylinder.launch.py
-- Symlinking: /home/cm23/ros2_ws/install/mobile_robot_description/share/mobile_robot_description/launch/mobile_robot.launch.py
-- Symlinking: /home/cm23/ros2_ws/install/mobile_robot_description/share/mobile_robot_description/rviz/display.rviz
-- Symlinking: /home/cm23/ros2_ws/install/mobile_robot_description/share/mobile_robot_description/urdf/basic_mobile_robot.urdf
-- Symlinking: /home/cm23/ros2_ws/install/mobile_robot_description/share/mobile_robot_description/urdf/cylinder.urdf
-- Symlinking: /home/cm23/ros2_ws/install/mobile_robot_description/share/ament_index/resource_index/package_run_dependencies/mobile_robot_description
-- Symlinking: /home/cm23/ros2_ws/install/mobile_robot_description/share/ament_index/resource_index/parent_prefix_path/mobile_robot_description
-- Symlinking: /home/cm23/ros2_ws/install/mobile_robot_description/share/mobile_robot_description/environment/ament_prefix_path.sh
-- Symlinking: /home/cm23/ros2_ws/install/mobile_robot_description/share/mobile_robot_description/environment/ament_prefix_path.dsv
-- Symlinking: /home/cm23/ros2_ws/install/mobile_robot_description/share/mobile_robot_description/environment/path.sh
-- Symlinking: /home/cm23/ros2_ws/install/mobile_robot_description/share/mobile_robot_description/environment/path.dsv
-- Symlinking: /home/cm23/ros2_ws/install/mobile_robot_description/share/mobile_robot_description/local_setup.bash
-- Symlinking: /home/cm23/ros2_ws/install/mobile_robot_description/share/mobile_robot_description/local_setup.sh
-- Symlinking: /home/cm23/ros2_ws/install/mobile_robot_description/share/mobile_robot_description/local_setup.zsh
-- Symlinking: /home/cm23/ros2_ws/install/mobile_robot_description/share/mobile_robot_description/local_setup.dsv
-- Symlinking: /home/cm23/ros2_ws/install/mobile_robot_description/share/mobile_robot_description/package.dsv
-- Symlinking: /home/cm23/ros2_ws/install/mobile_robot_description/share/ament_index/resource_index/packages/mobile_robot_description
-- Symlinking: /home/cm23/ros2_ws/install/mobile_robot_description/share/mobile_robot_description/cmake/mobile_robot_descriptionConfig.cmake
-- Symlinking: /home/cm23/ros2_ws/install/mobile_robot_description/share/mobile_robot_description/cmake/mobile_robot_descriptionConfig-version.cmake
-- Symlinking: /home/cm23/ros2_ws/install/mobile_robot_description/share/mobile_robot_description/package.xml
