[0.104s] DEBUG:colcon:Command line arguments: ['/usr/bin/colcon', 'build', '--symlink-install']
[0.104s] DEBUG:colcon:Parsed command line arguments: Namespace(log_base=None, log_level=None, verb_name='build', build_base='build', install_base='install', merge_install=False, symlink_install=True, test_result_base=None, continue_on_error=False, executor='parallel', parallel_workers=16, event_handlers=None, ignore_user_meta=False, metas=['./colcon.meta'], base_paths=['.'], packages_ignore=None, packages_ignore_regex=None, paths=None, packages_up_to=None, packages_up_to_regex=None, packages_above=None, packages_above_and_dependencies=None, packages_above_depth=None, packages_select_by_dep=None, packages_skip_by_dep=None, packages_skip_up_to=None, packages_select_build_failed=False, packages_skip_build_finished=False, packages_select_test_failures=False, packages_skip_test_passed=False, packages_select=None, packages_skip=None, packages_select_regex=None, packages_skip_regex=None, packages_start=None, packages_end=None, allow_overriding=[], cmake_args=None, cmake_target=None, cmake_target_skip_unavailable=False, cmake_clean_cache=False, cmake_clean_first=False, cmake_force_configure=False, ament_cmake_args=None, catkin_cmake_args=None, catkin_skip_building_tests=False, verb_parser=<colcon_defaults.argument_parser.defaults.DefaultArgumentsDecorator object at 0x77e557c264d0>, verb_extension=<colcon_core.verb.build.BuildVerb object at 0x77e557d9e200>, main=<bound method BuildVerb.main of <colcon_core.verb.build.BuildVerb object at 0x77e557d9e200>>)
[0.291s] Level 1:colcon.colcon_core.package_discovery:discover_packages(colcon_meta) check parameters
[0.291s] Level 1:colcon.colcon_core.package_discovery:discover_packages(recursive) check parameters
[0.291s] Level 1:colcon.colcon_core.package_discovery:discover_packages(ignore) check parameters
[0.291s] Level 1:colcon.colcon_core.package_discovery:discover_packages(path) check parameters
[0.291s] Level 1:colcon.colcon_core.package_discovery:discover_packages(colcon_meta) discover
[0.291s] Level 1:colcon.colcon_core.package_discovery:discover_packages(recursive) discover
[0.292s] INFO:colcon.colcon_core.package_discovery:Crawling recursively for packages in '/home/cm23/ros2_ws'
[0.292s] Level 1:colcon.colcon_core.package_identification:_identify(.) by extensions ['ignore', 'ignore_ament_install']
[0.292s] Level 1:colcon.colcon_core.package_identification:_identify(.) by extension 'ignore'
[0.292s] Level 1:colcon.colcon_core.package_identification:_identify(.) by extension 'ignore_ament_install'
[0.292s] Level 1:colcon.colcon_core.package_identification:_identify(.) by extensions ['colcon_pkg']
[0.292s] Level 1:colcon.colcon_core.package_identification:_identify(.) by extension 'colcon_pkg'
[0.292s] Level 1:colcon.colcon_core.package_identification:_identify(.) by extensions ['colcon_meta']
[0.292s] Level 1:colcon.colcon_core.package_identification:_identify(.) by extension 'colcon_meta'
[0.292s] Level 1:colcon.colcon_core.package_identification:_identify(.) by extensions ['ros']
[0.292s] Level 1:colcon.colcon_core.package_identification:_identify(.) by extension 'ros'
[0.302s] Level 1:colcon.colcon_core.package_identification:_identify(.) by extensions ['cmake', 'python']
[0.302s] Level 1:colcon.colcon_core.package_identification:_identify(.) by extension 'cmake'
[0.302s] Level 1:colcon.colcon_core.package_identification:_identify(.) by extension 'python'
[0.302s] Level 1:colcon.colcon_core.package_identification:_identify(.) by extensions ['python_setup_py']
[0.302s] Level 1:colcon.colcon_core.package_identification:_identify(.) by extension 'python_setup_py'
[0.302s] Level 1:colcon.colcon_core.package_identification:_identify(build) by extensions ['ignore', 'ignore_ament_install']
[0.302s] Level 1:colcon.colcon_core.package_identification:_identify(build) by extension 'ignore'
[0.302s] Level 1:colcon.colcon_core.package_identification:_identify(build) ignored
[0.302s] Level 1:colcon.colcon_core.package_identification:_identify(install) by extensions ['ignore', 'ignore_ament_install']
[0.302s] Level 1:colcon.colcon_core.package_identification:_identify(install) by extension 'ignore'
[0.302s] Level 1:colcon.colcon_core.package_identification:_identify(install) ignored
[0.302s] Level 1:colcon.colcon_core.package_identification:_identify(log) by extensions ['ignore', 'ignore_ament_install']
[0.303s] Level 1:colcon.colcon_core.package_identification:_identify(log) by extension 'ignore'
[0.303s] Level 1:colcon.colcon_core.package_identification:_identify(log) ignored
[0.303s] Level 1:colcon.colcon_core.package_identification:_identify(src) by extensions ['ignore', 'ignore_ament_install']
[0.303s] Level 1:colcon.colcon_core.package_identification:_identify(src) by extension 'ignore'
[0.303s] Level 1:colcon.colcon_core.package_identification:_identify(src) by extension 'ignore_ament_install'
[0.303s] Level 1:colcon.colcon_core.package_identification:_identify(src) by extensions ['colcon_pkg']
[0.303s] Level 1:colcon.colcon_core.package_identification:_identify(src) by extension 'colcon_pkg'
[0.303s] Level 1:colcon.colcon_core.package_identification:_identify(src) by extensions ['colcon_meta']
[0.303s] Level 1:colcon.colcon_core.package_identification:_identify(src) by extension 'colcon_meta'
[0.303s] Level 1:colcon.colcon_core.package_identification:_identify(src) by extensions ['ros']
[0.303s] Level 1:colcon.colcon_core.package_identification:_identify(src) by extension 'ros'
[0.303s] Level 1:colcon.colcon_core.package_identification:_identify(src) by extensions ['cmake', 'python']
[0.303s] Level 1:colcon.colcon_core.package_identification:_identify(src) by extension 'cmake'
[0.303s] Level 1:colcon.colcon_core.package_identification:_identify(src) by extension 'python'
[0.303s] Level 1:colcon.colcon_core.package_identification:_identify(src) by extensions ['python_setup_py']
[0.303s] Level 1:colcon.colcon_core.package_identification:_identify(src) by extension 'python_setup_py'
[0.303s] Level 1:colcon.colcon_core.package_identification:_identify(src/custom_interfaces) by extensions ['ignore', 'ignore_ament_install']
[0.303s] Level 1:colcon.colcon_core.package_identification:_identify(src/custom_interfaces) by extension 'ignore'
[0.304s] Level 1:colcon.colcon_core.package_identification:_identify(src/custom_interfaces) by extension 'ignore_ament_install'
[0.304s] Level 1:colcon.colcon_core.package_identification:_identify(src/custom_interfaces) by extensions ['colcon_pkg']
[0.304s] Level 1:colcon.colcon_core.package_identification:_identify(src/custom_interfaces) by extension 'colcon_pkg'
[0.304s] Level 1:colcon.colcon_core.package_identification:_identify(src/custom_interfaces) by extensions ['colcon_meta']
[0.304s] Level 1:colcon.colcon_core.package_identification:_identify(src/custom_interfaces) by extension 'colcon_meta'
[0.304s] Level 1:colcon.colcon_core.package_identification:_identify(src/custom_interfaces) by extensions ['ros']
[0.304s] Level 1:colcon.colcon_core.package_identification:_identify(src/custom_interfaces) by extension 'ros'
[0.306s] DEBUG:colcon.colcon_core.package_identification:Package 'src/custom_interfaces' with type 'ros.ament_cmake' and name 'custom_interfaces'
[0.306s] Level 1:colcon.colcon_core.package_identification:_identify(src/custom_pkg) by extensions ['ignore', 'ignore_ament_install']
[0.306s] Level 1:colcon.colcon_core.package_identification:_identify(src/custom_pkg) by extension 'ignore'
[0.306s] Level 1:colcon.colcon_core.package_identification:_identify(src/custom_pkg) by extension 'ignore_ament_install'
[0.306s] Level 1:colcon.colcon_core.package_identification:_identify(src/custom_pkg) by extensions ['colcon_pkg']
[0.306s] Level 1:colcon.colcon_core.package_identification:_identify(src/custom_pkg) by extension 'colcon_pkg'
[0.306s] Level 1:colcon.colcon_core.package_identification:_identify(src/custom_pkg) by extensions ['colcon_meta']
[0.306s] Level 1:colcon.colcon_core.package_identification:_identify(src/custom_pkg) by extension 'colcon_meta'
[0.306s] Level 1:colcon.colcon_core.package_identification:_identify(src/custom_pkg) by extensions ['ros']
[0.306s] Level 1:colcon.colcon_core.package_identification:_identify(src/custom_pkg) by extension 'ros'
[0.307s] DEBUG:colcon.colcon_core.package_identification:Package 'src/custom_pkg' with type 'ros.ament_python' and name 'custom_pkg'
[0.307s] Level 1:colcon.colcon_core.package_identification:_identify(src/learning_tf2_py) by extensions ['ignore', 'ignore_ament_install']
[0.307s] Level 1:colcon.colcon_core.package_identification:_identify(src/learning_tf2_py) by extension 'ignore'
[0.307s] Level 1:colcon.colcon_core.package_identification:_identify(src/learning_tf2_py) by extension 'ignore_ament_install'
[0.307s] Level 1:colcon.colcon_core.package_identification:_identify(src/learning_tf2_py) by extensions ['colcon_pkg']
[0.307s] Level 1:colcon.colcon_core.package_identification:_identify(src/learning_tf2_py) by extension 'colcon_pkg'
[0.307s] Level 1:colcon.colcon_core.package_identification:_identify(src/learning_tf2_py) by extensions ['colcon_meta']
[0.307s] Level 1:colcon.colcon_core.package_identification:_identify(src/learning_tf2_py) by extension 'colcon_meta'
[0.307s] Level 1:colcon.colcon_core.package_identification:_identify(src/learning_tf2_py) by extensions ['ros']
[0.307s] Level 1:colcon.colcon_core.package_identification:_identify(src/learning_tf2_py) by extension 'ros'
[0.308s] DEBUG:colcon.colcon_core.package_identification:Package 'src/learning_tf2_py' with type 'ros.ament_python' and name 'learning_tf2_py'
[0.308s] Level 1:colcon.colcon_core.package_identification:_identify(src/mobile_robot_description) by extensions ['ignore', 'ignore_ament_install']
[0.308s] Level 1:colcon.colcon_core.package_identification:_identify(src/mobile_robot_description) by extension 'ignore'
[0.308s] Level 1:colcon.colcon_core.package_identification:_identify(src/mobile_robot_description) by extension 'ignore_ament_install'
[0.308s] Level 1:colcon.colcon_core.package_identification:_identify(src/mobile_robot_description) by extensions ['colcon_pkg']
[0.308s] Level 1:colcon.colcon_core.package_identification:_identify(src/mobile_robot_description) by extension 'colcon_pkg'
[0.308s] Level 1:colcon.colcon_core.package_identification:_identify(src/mobile_robot_description) by extensions ['colcon_meta']
[0.308s] Level 1:colcon.colcon_core.package_identification:_identify(src/mobile_robot_description) by extension 'colcon_meta'
[0.308s] Level 1:colcon.colcon_core.package_identification:_identify(src/mobile_robot_description) by extensions ['ros']
[0.308s] Level 1:colcon.colcon_core.package_identification:_identify(src/mobile_robot_description) by extension 'ros'
[0.309s] DEBUG:colcon.colcon_core.package_identification:Package 'src/mobile_robot_description' with type 'ros.ament_cmake' and name 'mobile_robot_description'
[0.309s] Level 1:colcon.colcon_core.package_identification:_identify(src/py_pubsub) by extensions ['ignore', 'ignore_ament_install']
[0.309s] Level 1:colcon.colcon_core.package_identification:_identify(src/py_pubsub) by extension 'ignore'
[0.309s] Level 1:colcon.colcon_core.package_identification:_identify(src/py_pubsub) by extension 'ignore_ament_install'
[0.309s] Level 1:colcon.colcon_core.package_identification:_identify(src/py_pubsub) by extensions ['colcon_pkg']
[0.309s] Level 1:colcon.colcon_core.package_identification:_identify(src/py_pubsub) by extension 'colcon_pkg'
[0.309s] Level 1:colcon.colcon_core.package_identification:_identify(src/py_pubsub) by extensions ['colcon_meta']
[0.309s] Level 1:colcon.colcon_core.package_identification:_identify(src/py_pubsub) by extension 'colcon_meta'
[0.309s] Level 1:colcon.colcon_core.package_identification:_identify(src/py_pubsub) by extensions ['ros']
[0.309s] Level 1:colcon.colcon_core.package_identification:_identify(src/py_pubsub) by extension 'ros'
[0.309s] DEBUG:colcon.colcon_core.package_identification:Package 'src/py_pubsub' with type 'ros.ament_python' and name 'py_pubsub'
[0.310s] Level 1:colcon.colcon_core.package_discovery:discover_packages(recursive) using defaults
[0.310s] Level 1:colcon.colcon_core.package_discovery:discover_packages(ignore) discover
[0.310s] Level 1:colcon.colcon_core.package_discovery:discover_packages(ignore) using defaults
[0.310s] Level 1:colcon.colcon_core.package_discovery:discover_packages(path) discover
[0.310s] Level 1:colcon.colcon_core.package_discovery:discover_packages(path) using defaults
[0.333s] Level 1:colcon.colcon_core.package_discovery:discover_packages(prefix_path) check parameters
[0.333s] Level 1:colcon.colcon_core.package_discovery:discover_packages(prefix_path) discover
[0.335s] DEBUG:colcon.colcon_installed_package_information.package_discovery:Found 6 installed packages in /home/cm23/ros2_ws/install
[0.336s] DEBUG:colcon.colcon_installed_package_information.package_discovery:Found 272 installed packages in /opt/ros/humble
[0.338s] Level 1:colcon.colcon_core.package_discovery:discover_packages(prefix_path) using defaults
[0.373s] Level 5:colcon.colcon_core.verb:set package 'custom_interfaces' build argument 'cmake_args' from command line to 'None'
[0.373s] Level 5:colcon.colcon_core.verb:set package 'custom_interfaces' build argument 'cmake_target' from command line to 'None'
[0.373s] Level 5:colcon.colcon_core.verb:set package 'custom_interfaces' build argument 'cmake_target_skip_unavailable' from command line to 'False'
[0.373s] Level 5:colcon.colcon_core.verb:set package 'custom_interfaces' build argument 'cmake_clean_cache' from command line to 'False'
[0.373s] Level 5:colcon.colcon_core.verb:set package 'custom_interfaces' build argument 'cmake_clean_first' from command line to 'False'
[0.373s] Level 5:colcon.colcon_core.verb:set package 'custom_interfaces' build argument 'cmake_force_configure' from command line to 'False'
[0.373s] Level 5:colcon.colcon_core.verb:set package 'custom_interfaces' build argument 'ament_cmake_args' from command line to 'None'
[0.373s] Level 5:colcon.colcon_core.verb:set package 'custom_interfaces' build argument 'catkin_cmake_args' from command line to 'None'
[0.373s] Level 5:colcon.colcon_core.verb:set package 'custom_interfaces' build argument 'catkin_skip_building_tests' from command line to 'False'
[0.374s] DEBUG:colcon.colcon_core.verb:Building package 'custom_interfaces' with the following arguments: {'ament_cmake_args': None, 'build_base': '/home/cm23/ros2_ws/build/custom_interfaces', 'catkin_cmake_args': None, 'catkin_skip_building_tests': False, 'cmake_args': None, 'cmake_clean_cache': False, 'cmake_clean_first': False, 'cmake_force_configure': False, 'cmake_target': None, 'cmake_target_skip_unavailable': False, 'install_base': '/home/cm23/ros2_ws/install/custom_interfaces', 'merge_install': False, 'path': '/home/cm23/ros2_ws/src/custom_interfaces', 'symlink_install': True, 'test_result_base': None}
[0.374s] Level 5:colcon.colcon_core.verb:set package 'learning_tf2_py' build argument 'cmake_args' from command line to 'None'
[0.374s] Level 5:colcon.colcon_core.verb:set package 'learning_tf2_py' build argument 'cmake_target' from command line to 'None'
[0.374s] Level 5:colcon.colcon_core.verb:set package 'learning_tf2_py' build argument 'cmake_target_skip_unavailable' from command line to 'False'
[0.374s] Level 5:colcon.colcon_core.verb:set package 'learning_tf2_py' build argument 'cmake_clean_cache' from command line to 'False'
[0.374s] Level 5:colcon.colcon_core.verb:set package 'learning_tf2_py' build argument 'cmake_clean_first' from command line to 'False'
[0.374s] Level 5:colcon.colcon_core.verb:set package 'learning_tf2_py' build argument 'cmake_force_configure' from command line to 'False'
[0.374s] Level 5:colcon.colcon_core.verb:set package 'learning_tf2_py' build argument 'ament_cmake_args' from command line to 'None'
[0.374s] Level 5:colcon.colcon_core.verb:set package 'learning_tf2_py' build argument 'catkin_cmake_args' from command line to 'None'
[0.374s] Level 5:colcon.colcon_core.verb:set package 'learning_tf2_py' build argument 'catkin_skip_building_tests' from command line to 'False'
[0.374s] DEBUG:colcon.colcon_core.verb:Building package 'learning_tf2_py' with the following arguments: {'ament_cmake_args': None, 'build_base': '/home/cm23/ros2_ws/build/learning_tf2_py', 'catkin_cmake_args': None, 'catkin_skip_building_tests': False, 'cmake_args': None, 'cmake_clean_cache': False, 'cmake_clean_first': False, 'cmake_force_configure': False, 'cmake_target': None, 'cmake_target_skip_unavailable': False, 'install_base': '/home/cm23/ros2_ws/install/learning_tf2_py', 'merge_install': False, 'path': '/home/cm23/ros2_ws/src/learning_tf2_py', 'symlink_install': True, 'test_result_base': None}
[0.374s] Level 5:colcon.colcon_core.verb:set package 'mobile_robot_description' build argument 'cmake_args' from command line to 'None'
[0.374s] Level 5:colcon.colcon_core.verb:set package 'mobile_robot_description' build argument 'cmake_target' from command line to 'None'
[0.374s] Level 5:colcon.colcon_core.verb:set package 'mobile_robot_description' build argument 'cmake_target_skip_unavailable' from command line to 'False'
[0.374s] Level 5:colcon.colcon_core.verb:set package 'mobile_robot_description' build argument 'cmake_clean_cache' from command line to 'False'
[0.374s] Level 5:colcon.colcon_core.verb:set package 'mobile_robot_description' build argument 'cmake_clean_first' from command line to 'False'
[0.375s] Level 5:colcon.colcon_core.verb:set package 'mobile_robot_description' build argument 'cmake_force_configure' from command line to 'False'
[0.375s] Level 5:colcon.colcon_core.verb:set package 'mobile_robot_description' build argument 'ament_cmake_args' from command line to 'None'
[0.375s] Level 5:colcon.colcon_core.verb:set package 'mobile_robot_description' build argument 'catkin_cmake_args' from command line to 'None'
[0.375s] Level 5:colcon.colcon_core.verb:set package 'mobile_robot_description' build argument 'catkin_skip_building_tests' from command line to 'False'
[0.375s] DEBUG:colcon.colcon_core.verb:Building package 'mobile_robot_description' with the following arguments: {'ament_cmake_args': None, 'build_base': '/home/cm23/ros2_ws/build/mobile_robot_description', 'catkin_cmake_args': None, 'catkin_skip_building_tests': False, 'cmake_args': None, 'cmake_clean_cache': False, 'cmake_clean_first': False, 'cmake_force_configure': False, 'cmake_target': None, 'cmake_target_skip_unavailable': False, 'install_base': '/home/cm23/ros2_ws/install/mobile_robot_description', 'merge_install': False, 'path': '/home/cm23/ros2_ws/src/mobile_robot_description', 'symlink_install': True, 'test_result_base': None}
[0.375s] Level 5:colcon.colcon_core.verb:set package 'py_pubsub' build argument 'cmake_args' from command line to 'None'
[0.375s] Level 5:colcon.colcon_core.verb:set package 'py_pubsub' build argument 'cmake_target' from command line to 'None'
[0.375s] Level 5:colcon.colcon_core.verb:set package 'py_pubsub' build argument 'cmake_target_skip_unavailable' from command line to 'False'
[0.375s] Level 5:colcon.colcon_core.verb:set package 'py_pubsub' build argument 'cmake_clean_cache' from command line to 'False'
[0.375s] Level 5:colcon.colcon_core.verb:set package 'py_pubsub' build argument 'cmake_clean_first' from command line to 'False'
[0.375s] Level 5:colcon.colcon_core.verb:set package 'py_pubsub' build argument 'cmake_force_configure' from command line to 'False'
[0.375s] Level 5:colcon.colcon_core.verb:set package 'py_pubsub' build argument 'ament_cmake_args' from command line to 'None'
[0.375s] Level 5:colcon.colcon_core.verb:set package 'py_pubsub' build argument 'catkin_cmake_args' from command line to 'None'
[0.375s] Level 5:colcon.colcon_core.verb:set package 'py_pubsub' build argument 'catkin_skip_building_tests' from command line to 'False'
[0.375s] DEBUG:colcon.colcon_core.verb:Building package 'py_pubsub' with the following arguments: {'ament_cmake_args': None, 'build_base': '/home/cm23/ros2_ws/build/py_pubsub', 'catkin_cmake_args': None, 'catkin_skip_building_tests': False, 'cmake_args': None, 'cmake_clean_cache': False, 'cmake_clean_first': False, 'cmake_force_configure': False, 'cmake_target': None, 'cmake_target_skip_unavailable': False, 'install_base': '/home/cm23/ros2_ws/install/py_pubsub', 'merge_install': False, 'path': '/home/cm23/ros2_ws/src/py_pubsub', 'symlink_install': True, 'test_result_base': None}
[0.375s] Level 5:colcon.colcon_core.verb:set package 'custom_pkg' build argument 'cmake_args' from command line to 'None'
[0.375s] Level 5:colcon.colcon_core.verb:set package 'custom_pkg' build argument 'cmake_target' from command line to 'None'
[0.376s] Level 5:colcon.colcon_core.verb:set package 'custom_pkg' build argument 'cmake_target_skip_unavailable' from command line to 'False'
[0.376s] Level 5:colcon.colcon_core.verb:set package 'custom_pkg' build argument 'cmake_clean_cache' from command line to 'False'
[0.376s] Level 5:colcon.colcon_core.verb:set package 'custom_pkg' build argument 'cmake_clean_first' from command line to 'False'
[0.376s] Level 5:colcon.colcon_core.verb:set package 'custom_pkg' build argument 'cmake_force_configure' from command line to 'False'
[0.376s] Level 5:colcon.colcon_core.verb:set package 'custom_pkg' build argument 'ament_cmake_args' from command line to 'None'
[0.376s] Level 5:colcon.colcon_core.verb:set package 'custom_pkg' build argument 'catkin_cmake_args' from command line to 'None'
[0.376s] Level 5:colcon.colcon_core.verb:set package 'custom_pkg' build argument 'catkin_skip_building_tests' from command line to 'False'
[0.376s] DEBUG:colcon.colcon_core.verb:Building package 'custom_pkg' with the following arguments: {'ament_cmake_args': None, 'build_base': '/home/cm23/ros2_ws/build/custom_pkg', 'catkin_cmake_args': None, 'catkin_skip_building_tests': False, 'cmake_args': None, 'cmake_clean_cache': False, 'cmake_clean_first': False, 'cmake_force_configure': False, 'cmake_target': None, 'cmake_target_skip_unavailable': False, 'install_base': '/home/cm23/ros2_ws/install/custom_pkg', 'merge_install': False, 'path': '/home/cm23/ros2_ws/src/custom_pkg', 'symlink_install': True, 'test_result_base': None}
[0.376s] INFO:colcon.colcon_core.executor:Executing jobs using 'parallel' executor
[0.377s] DEBUG:colcon.colcon_parallel_executor.executor.parallel:run_until_complete
[0.377s] INFO:colcon.colcon_ros.task.ament_cmake.build:Building ROS package in '/home/cm23/ros2_ws/src/custom_interfaces' with build type 'ament_cmake'
[0.377s] INFO:colcon.colcon_cmake.task.cmake.build:Building CMake package in '/home/cm23/ros2_ws/src/custom_interfaces'
[0.379s] INFO:colcon.colcon_core.plugin_system:Skipping extension 'colcon_core.shell.bat': Not used on non-Windows systems
[0.379s] INFO:colcon.colcon_core.shell:Skip shell extension 'powershell' for command environment: Not usable outside of PowerShell
[0.379s] DEBUG:colcon.colcon_core.shell:Skip shell extension 'dsv' for command environment
[0.382s] INFO:colcon.colcon_ros.task.ament_python.build:Building ROS package in '/home/cm23/ros2_ws/src/learning_tf2_py' with build type 'ament_python'
[0.382s] Level 1:colcon.colcon_core.shell:create_environment_hook('learning_tf2_py', 'ament_prefix_path')
[0.383s] INFO:colcon.colcon_core.shell:Creating environment hook '/home/cm23/ros2_ws/install/learning_tf2_py/share/learning_tf2_py/hook/ament_prefix_path.ps1'
[0.383s] INFO:colcon.colcon_core.shell:Creating environment descriptor '/home/cm23/ros2_ws/install/learning_tf2_py/share/learning_tf2_py/hook/ament_prefix_path.dsv'
[0.384s] INFO:colcon.colcon_core.shell:Creating environment hook '/home/cm23/ros2_ws/install/learning_tf2_py/share/learning_tf2_py/hook/ament_prefix_path.sh'
[0.384s] INFO:colcon.colcon_core.shell:Skip shell extension 'powershell' for command environment: Not usable outside of PowerShell
[0.384s] DEBUG:colcon.colcon_core.shell:Skip shell extension 'dsv' for command environment
[0.387s] INFO:colcon.colcon_ros.task.ament_cmake.build:Building ROS package in '/home/cm23/ros2_ws/src/mobile_robot_description' with build type 'ament_cmake'
[0.387s] INFO:colcon.colcon_cmake.task.cmake.build:Building CMake package in '/home/cm23/ros2_ws/src/mobile_robot_description'
[0.387s] INFO:colcon.colcon_core.shell:Skip shell extension 'powershell' for command environment: Not usable outside of PowerShell
[0.388s] DEBUG:colcon.colcon_core.shell:Skip shell extension 'dsv' for command environment
[0.391s] INFO:colcon.colcon_ros.task.ament_python.build:Building ROS package in '/home/cm23/ros2_ws/src/py_pubsub' with build type 'ament_python'
[0.391s] Level 1:colcon.colcon_core.shell:create_environment_hook('py_pubsub', 'ament_prefix_path')
[0.391s] INFO:colcon.colcon_core.shell:Creating environment hook '/home/cm23/ros2_ws/install/py_pubsub/share/py_pubsub/hook/ament_prefix_path.ps1'
[0.391s] INFO:colcon.colcon_core.shell:Creating environment descriptor '/home/cm23/ros2_ws/install/py_pubsub/share/py_pubsub/hook/ament_prefix_path.dsv'
[0.391s] INFO:colcon.colcon_core.shell:Creating environment hook '/home/cm23/ros2_ws/install/py_pubsub/share/py_pubsub/hook/ament_prefix_path.sh'
[0.392s] INFO:colcon.colcon_core.shell:Skip shell extension 'powershell' for command environment: Not usable outside of PowerShell
[0.392s] DEBUG:colcon.colcon_core.shell:Skip shell extension 'dsv' for command environment
[0.400s] DEBUG:colcon.colcon_core.event_handler.log_command:Invoking command in '/home/cm23/ros2_ws/build/custom_interfaces': CMAKE_PREFIX_PATH=${CMAKE_PREFIX_PATH}:/home/cm23/ros2_ws/install/learning_tf2_py:/home/cm23/ros2_ws/install/py_pubsub:/home/cm23/ros2_ws/install/custom_pkg:/opt/ros/humble /usr/bin/cmake --build /home/cm23/ros2_ws/build/custom_interfaces -- -j16 -l16
[0.682s] INFO:colcon.colcon_core.task.python.build:Building Python package in '/home/cm23/ros2_ws/src/learning_tf2_py'
[0.682s] INFO:colcon.colcon_core.shell:Skip shell extension 'powershell' for command environment: Not usable outside of PowerShell
[0.682s] DEBUG:colcon.colcon_core.shell:Skip shell extension 'dsv' for command environment
[0.689s] DEBUG:colcon.colcon_core.event_handler.log_command:Invoking command in '/home/cm23/ros2_ws/build/mobile_robot_description': CMAKE_PREFIX_PATH=${CMAKE_PREFIX_PATH}:/home/cm23/ros2_ws/install/learning_tf2_py:/home/cm23/ros2_ws/install/py_pubsub:/home/cm23/ros2_ws/install/custom_pkg:/opt/ros/humble /usr/bin/cmake --build /home/cm23/ros2_ws/build/mobile_robot_description -- -j16 -l16
[0.962s] WARNING:colcon.colcon_ros.task.ament_python.build:Package 'py_pubsub' doesn't explicitly install a marker in the package index (colcon-ros currently does it implicitly but that fallback will be removed in the future)
[0.962s] WARNING:colcon.colcon_ros.task.ament_python.build:Package 'py_pubsub' doesn't explicitly install the 'package.xml' file (colcon-ros currently does it implicitly but that fallback will be removed in the future)
[0.962s] INFO:colcon.colcon_core.task.python.build:Building Python package in '/home/cm23/ros2_ws/src/py_pubsub'
[0.962s] INFO:colcon.colcon_core.shell:Skip shell extension 'powershell' for command environment: Not usable outside of PowerShell
[0.962s] DEBUG:colcon.colcon_core.shell:Skip shell extension 'dsv' for command environment
[0.969s] DEBUG:colcon.colcon_core.event_handler.log_command:Invoked command in '/home/cm23/ros2_ws/build/mobile_robot_description' returned '0': CMAKE_PREFIX_PATH=${CMAKE_PREFIX_PATH}:/home/cm23/ros2_ws/install/learning_tf2_py:/home/cm23/ros2_ws/install/py_pubsub:/home/cm23/ros2_ws/install/custom_pkg:/opt/ros/humble /usr/bin/cmake --build /home/cm23/ros2_ws/build/mobile_robot_description -- -j16 -l16
[0.970s] DEBUG:colcon.colcon_core.event_handler.log_command:Invoked command in '/home/cm23/ros2_ws/build/custom_interfaces' returned '0': CMAKE_PREFIX_PATH=${CMAKE_PREFIX_PATH}:/home/cm23/ros2_ws/install/learning_tf2_py:/home/cm23/ros2_ws/install/py_pubsub:/home/cm23/ros2_ws/install/custom_pkg:/opt/ros/humble /usr/bin/cmake --build /home/cm23/ros2_ws/build/custom_interfaces -- -j16 -l16
[1.005s] DEBUG:colcon.colcon_core.event_handler.log_command:Invoking command in '/home/cm23/ros2_ws/build/mobile_robot_description': CMAKE_PREFIX_PATH=${CMAKE_PREFIX_PATH}:/home/cm23/ros2_ws/install/learning_tf2_py:/home/cm23/ros2_ws/install/py_pubsub:/home/cm23/ros2_ws/install/custom_pkg:/opt/ros/humble /usr/bin/cmake --install /home/cm23/ros2_ws/build/mobile_robot_description
[1.038s] Level 1:colcon.colcon_core.environment:create_environment_scripts_only(mobile_robot_description)
[1.039s] DEBUG:colcon.colcon_core.event_handler.log_command:Invoked command in '/home/cm23/ros2_ws/build/mobile_robot_description' returned '0': CMAKE_PREFIX_PATH=${CMAKE_PREFIX_PATH}:/home/cm23/ros2_ws/install/learning_tf2_py:/home/cm23/ros2_ws/install/py_pubsub:/home/cm23/ros2_ws/install/custom_pkg:/opt/ros/humble /usr/bin/cmake --install /home/cm23/ros2_ws/build/mobile_robot_description
[1.041s] Level 1:colcon.colcon_core.environment:checking '/home/cm23/ros2_ws/install/mobile_robot_description' for CMake module files
[1.042s] Level 1:colcon.colcon_core.environment:checking '/home/cm23/ros2_ws/install/mobile_robot_description' for CMake config files
[1.042s] Level 1:colcon.colcon_core.shell:create_environment_hook('mobile_robot_description', 'cmake_prefix_path')
[1.043s] INFO:colcon.colcon_core.shell:Creating environment hook '/home/cm23/ros2_ws/install/mobile_robot_description/share/mobile_robot_description/hook/cmake_prefix_path.ps1'
[1.043s] INFO:colcon.colcon_core.shell:Creating environment descriptor '/home/cm23/ros2_ws/install/mobile_robot_description/share/mobile_robot_description/hook/cmake_prefix_path.dsv'
[1.043s] INFO:colcon.colcon_core.shell:Creating environment hook '/home/cm23/ros2_ws/install/mobile_robot_description/share/mobile_robot_description/hook/cmake_prefix_path.sh'
[1.044s] Level 1:colcon.colcon_core.environment:checking '/home/cm23/ros2_ws/install/mobile_robot_description/bin'
[1.044s] Level 1:colcon.colcon_core.environment:checking '/home/cm23/ros2_ws/install/mobile_robot_description/lib/pkgconfig/mobile_robot_description.pc'
[1.044s] Level 1:colcon.colcon_core.environment:checking '/home/cm23/ros2_ws/install/mobile_robot_description/lib/python3.10/site-packages'
[1.045s] Level 1:colcon.colcon_core.environment:checking '/home/cm23/ros2_ws/install/mobile_robot_description/bin'
[1.045s] INFO:colcon.colcon_core.shell:Creating package script '/home/cm23/ros2_ws/install/mobile_robot_description/share/mobile_robot_description/package.ps1'
[1.046s] INFO:colcon.colcon_core.shell:Creating package descriptor '/home/cm23/ros2_ws/install/mobile_robot_description/share/mobile_robot_description/package.dsv'
[1.046s] INFO:colcon.colcon_core.shell:Creating package script '/home/cm23/ros2_ws/install/mobile_robot_description/share/mobile_robot_description/package.sh'
[1.047s] INFO:colcon.colcon_core.shell:Creating package script '/home/cm23/ros2_ws/install/mobile_robot_description/share/mobile_robot_description/package.bash'
[1.048s] INFO:colcon.colcon_core.shell:Creating package script '/home/cm23/ros2_ws/install/mobile_robot_description/share/mobile_robot_description/package.zsh'
[1.049s] Level 1:colcon.colcon_core.environment:create_file_with_runtime_dependencies(/home/cm23/ros2_ws/install/mobile_robot_description/share/colcon-core/packages/mobile_robot_description)
[1.074s] Level 1:colcon.colcon_core.environment:create_environment_scripts_only(mobile_robot_description)
[1.075s] Level 1:colcon.colcon_core.environment:checking '/home/cm23/ros2_ws/install/mobile_robot_description' for CMake module files
[1.075s] Level 1:colcon.colcon_core.environment:checking '/home/cm23/ros2_ws/install/mobile_robot_description' for CMake config files
[1.076s] Level 1:colcon.colcon_core.shell:create_environment_hook('mobile_robot_description', 'cmake_prefix_path')
[1.076s] INFO:colcon.colcon_core.shell:Creating environment hook '/home/cm23/ros2_ws/install/mobile_robot_description/share/mobile_robot_description/hook/cmake_prefix_path.ps1'
[1.076s] INFO:colcon.colcon_core.shell:Creating environment descriptor '/home/cm23/ros2_ws/install/mobile_robot_description/share/mobile_robot_description/hook/cmake_prefix_path.dsv'
[1.077s] INFO:colcon.colcon_core.shell:Creating environment hook '/home/cm23/ros2_ws/install/mobile_robot_description/share/mobile_robot_description/hook/cmake_prefix_path.sh'
[1.077s] Level 1:colcon.colcon_core.environment:checking '/home/cm23/ros2_ws/install/mobile_robot_description/bin'
[1.077s] Level 1:colcon.colcon_core.environment:checking '/home/cm23/ros2_ws/install/mobile_robot_description/lib/pkgconfig/mobile_robot_description.pc'
[1.078s] Level 1:colcon.colcon_core.environment:checking '/home/cm23/ros2_ws/install/mobile_robot_description/lib/python3.10/site-packages'
[1.078s] Level 1:colcon.colcon_core.environment:checking '/home/cm23/ros2_ws/install/mobile_robot_description/bin'
[1.078s] INFO:colcon.colcon_core.shell:Creating package script '/home/cm23/ros2_ws/install/mobile_robot_description/share/mobile_robot_description/package.ps1'
[1.079s] INFO:colcon.colcon_core.shell:Creating package descriptor '/home/cm23/ros2_ws/install/mobile_robot_description/share/mobile_robot_description/package.dsv'
[1.079s] INFO:colcon.colcon_core.shell:Creating package script '/home/cm23/ros2_ws/install/mobile_robot_description/share/mobile_robot_description/package.sh'
[1.080s] INFO:colcon.colcon_core.shell:Creating package script '/home/cm23/ros2_ws/install/mobile_robot_description/share/mobile_robot_description/package.bash'
[1.080s] INFO:colcon.colcon_core.shell:Creating package script '/home/cm23/ros2_ws/install/mobile_robot_description/share/mobile_robot_description/package.zsh'
[1.081s] Level 1:colcon.colcon_core.environment:create_file_with_runtime_dependencies(/home/cm23/ros2_ws/install/mobile_robot_description/share/colcon-core/packages/mobile_robot_description)
[1.090s] DEBUG:colcon.colcon_core.event_handler.log_command:Invoking command in '/home/cm23/ros2_ws/build/custom_interfaces': CMAKE_PREFIX_PATH=${CMAKE_PREFIX_PATH}:/home/cm23/ros2_ws/install/learning_tf2_py:/home/cm23/ros2_ws/install/py_pubsub:/home/cm23/ros2_ws/install/custom_pkg:/opt/ros/humble /usr/bin/cmake --install /home/cm23/ros2_ws/build/custom_interfaces
[1.174s] Level 1:colcon.colcon_core.environment:create_environment_scripts_only(custom_interfaces)
[1.174s] Level 1:colcon.colcon_core.environment:checking '/home/cm23/ros2_ws/install/custom_interfaces' for CMake module files
[1.175s] DEBUG:colcon.colcon_core.event_handler.log_command:Invoked command in '/home/cm23/ros2_ws/build/custom_interfaces' returned '0': CMAKE_PREFIX_PATH=${CMAKE_PREFIX_PATH}:/home/cm23/ros2_ws/install/learning_tf2_py:/home/cm23/ros2_ws/install/py_pubsub:/home/cm23/ros2_ws/install/custom_pkg:/opt/ros/humble /usr/bin/cmake --install /home/cm23/ros2_ws/build/custom_interfaces
[1.175s] Level 1:colcon.colcon_core.environment:checking '/home/cm23/ros2_ws/install/custom_interfaces' for CMake config files
[1.176s] Level 1:colcon.colcon_core.shell:create_environment_hook('custom_interfaces', 'cmake_prefix_path')
[1.177s] INFO:colcon.colcon_core.shell:Creating environment hook '/home/cm23/ros2_ws/install/custom_interfaces/share/custom_interfaces/hook/cmake_prefix_path.ps1'
[1.177s] INFO:colcon.colcon_core.shell:Creating environment descriptor '/home/cm23/ros2_ws/install/custom_interfaces/share/custom_interfaces/hook/cmake_prefix_path.dsv'
[1.177s] INFO:colcon.colcon_core.shell:Creating environment hook '/home/cm23/ros2_ws/install/custom_interfaces/share/custom_interfaces/hook/cmake_prefix_path.sh'
[1.178s] Level 1:colcon.colcon_core.environment:checking '/home/cm23/ros2_ws/install/custom_interfaces/lib'
[1.178s] Level 1:colcon.colcon_core.shell:create_environment_hook('custom_interfaces', 'ld_library_path_lib')
[1.179s] INFO:colcon.colcon_core.shell:Creating environment hook '/home/cm23/ros2_ws/install/custom_interfaces/share/custom_interfaces/hook/ld_library_path_lib.ps1'
[1.179s] INFO:colcon.colcon_core.shell:Creating environment descriptor '/home/cm23/ros2_ws/install/custom_interfaces/share/custom_interfaces/hook/ld_library_path_lib.dsv'
[1.179s] INFO:colcon.colcon_core.shell:Creating environment hook '/home/cm23/ros2_ws/install/custom_interfaces/share/custom_interfaces/hook/ld_library_path_lib.sh'
[1.180s] Level 1:colcon.colcon_core.environment:checking '/home/cm23/ros2_ws/install/custom_interfaces/bin'
[1.180s] Level 1:colcon.colcon_core.environment:checking '/home/cm23/ros2_ws/install/custom_interfaces/lib/pkgconfig/custom_interfaces.pc'
[1.180s] Level 1:colcon.colcon_core.environment:checking '/home/cm23/ros2_ws/install/custom_interfaces/lib/python3.10/site-packages'
[1.180s] Level 1:colcon.colcon_core.environment:checking '/home/cm23/ros2_ws/install/custom_interfaces/bin'
[1.181s] INFO:colcon.colcon_core.shell:Creating package script '/home/cm23/ros2_ws/install/custom_interfaces/share/custom_interfaces/package.ps1'
[1.181s] INFO:colcon.colcon_core.shell:Creating package descriptor '/home/cm23/ros2_ws/install/custom_interfaces/share/custom_interfaces/package.dsv'
[1.182s] INFO:colcon.colcon_core.shell:Creating package script '/home/cm23/ros2_ws/install/custom_interfaces/share/custom_interfaces/package.sh'
[1.182s] INFO:colcon.colcon_core.shell:Creating package script '/home/cm23/ros2_ws/install/custom_interfaces/share/custom_interfaces/package.bash'
[1.182s] INFO:colcon.colcon_core.shell:Creating package script '/home/cm23/ros2_ws/install/custom_interfaces/share/custom_interfaces/package.zsh'
[1.183s] Level 1:colcon.colcon_core.environment:create_file_with_runtime_dependencies(/home/cm23/ros2_ws/install/custom_interfaces/share/colcon-core/packages/custom_interfaces)
[1.301s] Level 1:colcon.colcon_core.environment:create_environment_scripts_only(custom_interfaces)
[1.302s] Level 1:colcon.colcon_core.environment:checking '/home/cm23/ros2_ws/install/custom_interfaces' for CMake module files
[1.302s] Level 1:colcon.colcon_core.environment:checking '/home/cm23/ros2_ws/install/custom_interfaces' for CMake config files
[1.303s] Level 1:colcon.colcon_core.shell:create_environment_hook('custom_interfaces', 'cmake_prefix_path')
[1.304s] INFO:colcon.colcon_core.shell:Creating environment hook '/home/cm23/ros2_ws/install/custom_interfaces/share/custom_interfaces/hook/cmake_prefix_path.ps1'
[1.304s] INFO:colcon.colcon_core.shell:Creating environment descriptor '/home/cm23/ros2_ws/install/custom_interfaces/share/custom_interfaces/hook/cmake_prefix_path.dsv'
[1.304s] INFO:colcon.colcon_core.shell:Creating environment hook '/home/cm23/ros2_ws/install/custom_interfaces/share/custom_interfaces/hook/cmake_prefix_path.sh'
[1.305s] Level 1:colcon.colcon_core.environment:checking '/home/cm23/ros2_ws/install/custom_interfaces/lib'
[1.305s] Level 1:colcon.colcon_core.shell:create_environment_hook('custom_interfaces', 'ld_library_path_lib')
[1.305s] INFO:colcon.colcon_core.shell:Creating environment hook '/home/cm23/ros2_ws/install/custom_interfaces/share/custom_interfaces/hook/ld_library_path_lib.ps1'
[1.306s] INFO:colcon.colcon_core.shell:Creating environment descriptor '/home/cm23/ros2_ws/install/custom_interfaces/share/custom_interfaces/hook/ld_library_path_lib.dsv'
[1.306s] INFO:colcon.colcon_core.shell:Creating environment hook '/home/cm23/ros2_ws/install/custom_interfaces/share/custom_interfaces/hook/ld_library_path_lib.sh'
[1.307s] Level 1:colcon.colcon_core.environment:checking '/home/cm23/ros2_ws/install/custom_interfaces/bin'
[1.307s] Level 1:colcon.colcon_core.environment:checking '/home/cm23/ros2_ws/install/custom_interfaces/lib/pkgconfig/custom_interfaces.pc'
[1.307s] Level 1:colcon.colcon_core.environment:checking '/home/cm23/ros2_ws/install/custom_interfaces/lib/python3.10/site-packages'
[1.307s] Level 1:colcon.colcon_core.environment:checking '/home/cm23/ros2_ws/install/custom_interfaces/bin'
[1.307s] INFO:colcon.colcon_core.shell:Creating package script '/home/cm23/ros2_ws/install/custom_interfaces/share/custom_interfaces/package.ps1'
[1.308s] INFO:colcon.colcon_core.shell:Creating package descriptor '/home/cm23/ros2_ws/install/custom_interfaces/share/custom_interfaces/package.dsv'
[1.309s] INFO:colcon.colcon_core.shell:Creating package script '/home/cm23/ros2_ws/install/custom_interfaces/share/custom_interfaces/package.sh'
[1.309s] INFO:colcon.colcon_core.shell:Creating package script '/home/cm23/ros2_ws/install/custom_interfaces/share/custom_interfaces/package.bash'
[1.309s] INFO:colcon.colcon_core.shell:Creating package script '/home/cm23/ros2_ws/install/custom_interfaces/share/custom_interfaces/package.zsh'
[1.310s] Level 1:colcon.colcon_core.environment:create_file_with_runtime_dependencies(/home/cm23/ros2_ws/install/custom_interfaces/share/colcon-core/packages/custom_interfaces)
[1.310s] INFO:colcon.colcon_ros.task.ament_python.build:Building ROS package in '/home/cm23/ros2_ws/src/custom_pkg' with build type 'ament_python'
[1.310s] Level 1:colcon.colcon_core.shell:create_environment_hook('custom_pkg', 'ament_prefix_path')
[1.311s] INFO:colcon.colcon_core.shell:Creating environment hook '/home/cm23/ros2_ws/install/custom_pkg/share/custom_pkg/hook/ament_prefix_path.ps1'
[1.311s] INFO:colcon.colcon_core.shell:Creating environment descriptor '/home/cm23/ros2_ws/install/custom_pkg/share/custom_pkg/hook/ament_prefix_path.dsv'
[1.312s] INFO:colcon.colcon_core.shell:Creating environment hook '/home/cm23/ros2_ws/install/custom_pkg/share/custom_pkg/hook/ament_prefix_path.sh'
[1.312s] INFO:colcon.colcon_core.shell:Skip shell extension 'powershell' for command environment: Not usable outside of PowerShell
[1.312s] DEBUG:colcon.colcon_core.shell:Skip shell extension 'dsv' for command environment
[1.597s] INFO:colcon.colcon_core.task.python.build:Building Python package in '/home/cm23/ros2_ws/src/custom_pkg'
[1.597s] INFO:colcon.colcon_core.shell:Skip shell extension 'powershell' for command environment: Not usable outside of PowerShell
[1.597s] DEBUG:colcon.colcon_core.shell:Skip shell extension 'dsv' for command environment
[1.603s] DEBUG:colcon.colcon_core.event_handler.log_command:Invoking command in '/home/cm23/ros2_ws/build/py_pubsub': PYTHONPATH=/home/cm23/ros2_ws/build/py_pubsub/prefix_override:/home/cm23/ros2_ws/install/py_pubsub/lib/python3.10/site-packages:${PYTHONPATH} /usr/bin/python3 -W ignore:setup.py install is deprecated setup.py develop --editable --build-directory /home/cm23/ros2_ws/build/py_pubsub/build --no-deps
[1.606s] DEBUG:colcon.colcon_core.event_handler.log_command:Invoking command in '/home/cm23/ros2_ws/build/learning_tf2_py': PYTHONPATH=/home/cm23/ros2_ws/build/learning_tf2_py/prefix_override:/home/cm23/ros2_ws/install/learning_tf2_py/lib/python3.10/site-packages:${PYTHONPATH} /usr/bin/python3 -W ignore:setup.py install is deprecated setup.py develop --editable --build-directory /home/cm23/ros2_ws/build/learning_tf2_py/build --no-deps symlink_data
[1.960s] DEBUG:colcon.colcon_core.event_handler.log_command:Invoking command in '/home/cm23/ros2_ws/build/custom_pkg': CMAKE_PREFIX_PATH=/home/cm23/ros2_ws/install/custom_interfaces:/home/cm23/ros2_ws/install/mobile_robot_description PYTHONPATH=/home/cm23/ros2_ws/build/custom_pkg/prefix_override:/home/cm23/ros2_ws/install/custom_pkg/lib/python3.10/site-packages:${PYTHONPATH} /usr/bin/python3 -W ignore:setup.py install is deprecated setup.py develop --editable --build-directory /home/cm23/ros2_ws/build/custom_pkg/build --no-deps symlink_data
[2.108s] Level 1:colcon.colcon_core.shell:create_environment_hook('py_pubsub', 'pythonpath_develop')
[2.108s] INFO:colcon.colcon_core.shell:Creating environment hook '/home/cm23/ros2_ws/build/py_pubsub/share/py_pubsub/hook/pythonpath_develop.ps1'
[2.108s] DEBUG:colcon.colcon_core.event_handler.log_command:Invoked command in '/home/cm23/ros2_ws/build/py_pubsub' returned '0': PYTHONPATH=/home/cm23/ros2_ws/build/py_pubsub/prefix_override:/home/cm23/ros2_ws/install/py_pubsub/lib/python3.10/site-packages:${PYTHONPATH} /usr/bin/python3 -W ignore:setup.py install is deprecated setup.py develop --editable --build-directory /home/cm23/ros2_ws/build/py_pubsub/build --no-deps
[2.109s] INFO:colcon.colcon_core.shell:Creating environment descriptor '/home/cm23/ros2_ws/build/py_pubsub/share/py_pubsub/hook/pythonpath_develop.dsv'
[2.109s] INFO:colcon.colcon_core.shell:Creating environment hook '/home/cm23/ros2_ws/build/py_pubsub/share/py_pubsub/hook/pythonpath_develop.sh'
[2.110s] Level 1:colcon.colcon_core.environment:checking '/home/cm23/ros2_ws/install/py_pubsub' for CMake module files
[2.110s] Level 1:colcon.colcon_core.environment:checking '/home/cm23/ros2_ws/install/py_pubsub' for CMake config files
[2.111s] Level 1:colcon.colcon_core.environment:checking '/home/cm23/ros2_ws/install/py_pubsub/lib'
[2.111s] Level 1:colcon.colcon_core.environment:checking '/home/cm23/ros2_ws/install/py_pubsub/bin'
[2.111s] Level 1:colcon.colcon_core.environment:checking '/home/cm23/ros2_ws/install/py_pubsub/lib/pkgconfig/py_pubsub.pc'
[2.112s] Level 1:colcon.colcon_core.environment:checking '/home/cm23/ros2_ws/install/py_pubsub/lib/python3.10/site-packages'
[2.112s] Level 1:colcon.colcon_core.shell:create_environment_hook('py_pubsub', 'pythonpath')
[2.112s] INFO:colcon.colcon_core.shell:Creating environment hook '/home/cm23/ros2_ws/install/py_pubsub/share/py_pubsub/hook/pythonpath.ps1'
[2.112s] INFO:colcon.colcon_core.shell:Creating environment descriptor '/home/cm23/ros2_ws/install/py_pubsub/share/py_pubsub/hook/pythonpath.dsv'
[2.113s] INFO:colcon.colcon_core.shell:Creating environment hook '/home/cm23/ros2_ws/install/py_pubsub/share/py_pubsub/hook/pythonpath.sh'
[2.113s] Level 1:colcon.colcon_core.environment:checking '/home/cm23/ros2_ws/install/py_pubsub/bin'
[2.113s] Level 1:colcon.colcon_core.environment:create_environment_scripts_only(py_pubsub)
[2.114s] INFO:colcon.colcon_core.shell:Creating package script '/home/cm23/ros2_ws/install/py_pubsub/share/py_pubsub/package.ps1'
[2.115s] INFO:colcon.colcon_core.shell:Creating package descriptor '/home/cm23/ros2_ws/install/py_pubsub/share/py_pubsub/package.dsv'
[2.115s] INFO:colcon.colcon_core.shell:Creating package script '/home/cm23/ros2_ws/install/py_pubsub/share/py_pubsub/package.sh'
[2.116s] INFO:colcon.colcon_core.shell:Creating package script '/home/cm23/ros2_ws/install/py_pubsub/share/py_pubsub/package.bash'
[2.116s] INFO:colcon.colcon_core.shell:Creating package script '/home/cm23/ros2_ws/install/py_pubsub/share/py_pubsub/package.zsh'
[2.116s] Level 1:colcon.colcon_core.environment:create_file_with_runtime_dependencies(/home/cm23/ros2_ws/install/py_pubsub/share/colcon-core/packages/py_pubsub)
[2.120s] Level 1:colcon.colcon_core.shell:create_environment_hook('learning_tf2_py', 'pythonpath_develop')
[2.120s] INFO:colcon.colcon_core.shell:Creating environment hook '/home/cm23/ros2_ws/build/learning_tf2_py/share/learning_tf2_py/hook/pythonpath_develop.ps1'
[2.120s] DEBUG:colcon.colcon_core.event_handler.log_command:Invoked command in '/home/cm23/ros2_ws/build/learning_tf2_py' returned '0': PYTHONPATH=/home/cm23/ros2_ws/build/learning_tf2_py/prefix_override:/home/cm23/ros2_ws/install/learning_tf2_py/lib/python3.10/site-packages:${PYTHONPATH} /usr/bin/python3 -W ignore:setup.py install is deprecated setup.py develop --editable --build-directory /home/cm23/ros2_ws/build/learning_tf2_py/build --no-deps symlink_data
[2.121s] INFO:colcon.colcon_core.shell:Creating environment descriptor '/home/cm23/ros2_ws/build/learning_tf2_py/share/learning_tf2_py/hook/pythonpath_develop.dsv'
[2.121s] INFO:colcon.colcon_core.shell:Creating environment hook '/home/cm23/ros2_ws/build/learning_tf2_py/share/learning_tf2_py/hook/pythonpath_develop.sh'
[2.121s] Level 1:colcon.colcon_core.environment:checking '/home/cm23/ros2_ws/install/learning_tf2_py' for CMake module files
[2.122s] Level 1:colcon.colcon_core.environment:checking '/home/cm23/ros2_ws/install/learning_tf2_py' for CMake config files
[2.122s] Level 1:colcon.colcon_core.environment:checking '/home/cm23/ros2_ws/install/learning_tf2_py/lib'
[2.123s] Level 1:colcon.colcon_core.environment:checking '/home/cm23/ros2_ws/install/learning_tf2_py/bin'
[2.123s] Level 1:colcon.colcon_core.environment:checking '/home/cm23/ros2_ws/install/learning_tf2_py/lib/pkgconfig/learning_tf2_py.pc'
[2.123s] Level 1:colcon.colcon_core.environment:checking '/home/cm23/ros2_ws/install/learning_tf2_py/lib/python3.10/site-packages'
[2.123s] Level 1:colcon.colcon_core.shell:create_environment_hook('learning_tf2_py', 'pythonpath')
[2.123s] INFO:colcon.colcon_core.shell:Creating environment hook '/home/cm23/ros2_ws/install/learning_tf2_py/share/learning_tf2_py/hook/pythonpath.ps1'
[2.123s] INFO:colcon.colcon_core.shell:Creating environment descriptor '/home/cm23/ros2_ws/install/learning_tf2_py/share/learning_tf2_py/hook/pythonpath.dsv'
[2.124s] INFO:colcon.colcon_core.shell:Creating environment hook '/home/cm23/ros2_ws/install/learning_tf2_py/share/learning_tf2_py/hook/pythonpath.sh'
[2.124s] Level 1:colcon.colcon_core.environment:checking '/home/cm23/ros2_ws/install/learning_tf2_py/bin'
[2.124s] Level 1:colcon.colcon_core.environment:create_environment_scripts_only(learning_tf2_py)
[2.125s] INFO:colcon.colcon_core.shell:Creating package script '/home/cm23/ros2_ws/install/learning_tf2_py/share/learning_tf2_py/package.ps1'
[2.125s] INFO:colcon.colcon_core.shell:Creating package descriptor '/home/cm23/ros2_ws/install/learning_tf2_py/share/learning_tf2_py/package.dsv'
[2.126s] INFO:colcon.colcon_core.shell:Creating package script '/home/cm23/ros2_ws/install/learning_tf2_py/share/learning_tf2_py/package.sh'
[2.126s] INFO:colcon.colcon_core.shell:Creating package script '/home/cm23/ros2_ws/install/learning_tf2_py/share/learning_tf2_py/package.bash'
[2.127s] INFO:colcon.colcon_core.shell:Creating package script '/home/cm23/ros2_ws/install/learning_tf2_py/share/learning_tf2_py/package.zsh'
[2.127s] Level 1:colcon.colcon_core.environment:create_file_with_runtime_dependencies(/home/cm23/ros2_ws/install/learning_tf2_py/share/colcon-core/packages/learning_tf2_py)
[2.482s] Level 1:colcon.colcon_core.shell:create_environment_hook('custom_pkg', 'pythonpath_develop')
[2.482s] INFO:colcon.colcon_core.shell:Creating environment hook '/home/cm23/ros2_ws/build/custom_pkg/share/custom_pkg/hook/pythonpath_develop.ps1'
[2.482s] DEBUG:colcon.colcon_core.event_handler.log_command:Invoked command in '/home/cm23/ros2_ws/build/custom_pkg' returned '0': CMAKE_PREFIX_PATH=/home/cm23/ros2_ws/install/custom_interfaces:/home/cm23/ros2_ws/install/mobile_robot_description PYTHONPATH=/home/cm23/ros2_ws/build/custom_pkg/prefix_override:/home/cm23/ros2_ws/install/custom_pkg/lib/python3.10/site-packages:${PYTHONPATH} /usr/bin/python3 -W ignore:setup.py install is deprecated setup.py develop --editable --build-directory /home/cm23/ros2_ws/build/custom_pkg/build --no-deps symlink_data
[2.483s] INFO:colcon.colcon_core.shell:Creating environment descriptor '/home/cm23/ros2_ws/build/custom_pkg/share/custom_pkg/hook/pythonpath_develop.dsv'
[2.483s] INFO:colcon.colcon_core.shell:Creating environment hook '/home/cm23/ros2_ws/build/custom_pkg/share/custom_pkg/hook/pythonpath_develop.sh'
[2.484s] Level 1:colcon.colcon_core.environment:checking '/home/cm23/ros2_ws/install/custom_pkg' for CMake module files
[2.484s] Level 1:colcon.colcon_core.environment:checking '/home/cm23/ros2_ws/install/custom_pkg' for CMake config files
[2.485s] Level 1:colcon.colcon_core.environment:checking '/home/cm23/ros2_ws/install/custom_pkg/lib'
[2.485s] Level 1:colcon.colcon_core.environment:checking '/home/cm23/ros2_ws/install/custom_pkg/bin'
[2.485s] Level 1:colcon.colcon_core.environment:checking '/home/cm23/ros2_ws/install/custom_pkg/lib/pkgconfig/custom_pkg.pc'
[2.485s] Level 1:colcon.colcon_core.environment:checking '/home/cm23/ros2_ws/install/custom_pkg/lib/python3.10/site-packages'
[2.485s] Level 1:colcon.colcon_core.shell:create_environment_hook('custom_pkg', 'pythonpath')
[2.485s] INFO:colcon.colcon_core.shell:Creating environment hook '/home/cm23/ros2_ws/install/custom_pkg/share/custom_pkg/hook/pythonpath.ps1'
[2.486s] INFO:colcon.colcon_core.shell:Creating environment descriptor '/home/cm23/ros2_ws/install/custom_pkg/share/custom_pkg/hook/pythonpath.dsv'
[2.486s] INFO:colcon.colcon_core.shell:Creating environment hook '/home/cm23/ros2_ws/install/custom_pkg/share/custom_pkg/hook/pythonpath.sh'
[2.487s] Level 1:colcon.colcon_core.environment:checking '/home/cm23/ros2_ws/install/custom_pkg/bin'
[2.487s] Level 1:colcon.colcon_core.environment:create_environment_scripts_only(custom_pkg)
[2.487s] INFO:colcon.colcon_core.shell:Creating package script '/home/cm23/ros2_ws/install/custom_pkg/share/custom_pkg/package.ps1'
[2.488s] INFO:colcon.colcon_core.shell:Creating package descriptor '/home/cm23/ros2_ws/install/custom_pkg/share/custom_pkg/package.dsv'
[2.488s] INFO:colcon.colcon_core.shell:Creating package script '/home/cm23/ros2_ws/install/custom_pkg/share/custom_pkg/package.sh'
[2.488s] INFO:colcon.colcon_core.shell:Creating package script '/home/cm23/ros2_ws/install/custom_pkg/share/custom_pkg/package.bash'
[2.489s] INFO:colcon.colcon_core.shell:Creating package script '/home/cm23/ros2_ws/install/custom_pkg/share/custom_pkg/package.zsh'
[2.489s] Level 1:colcon.colcon_core.environment:create_file_with_runtime_dependencies(/home/cm23/ros2_ws/install/custom_pkg/share/colcon-core/packages/custom_pkg)
[2.489s] DEBUG:colcon.colcon_parallel_executor.executor.parallel:closing loop
[2.490s] DEBUG:colcon.colcon_parallel_executor.executor.parallel:loop closed
[2.490s] DEBUG:colcon.colcon_parallel_executor.executor.parallel:run_until_complete finished with '0'
[2.490s] DEBUG:colcon.colcon_core.event_reactor:joining thread
[2.496s] INFO:colcon.colcon_core.plugin_system:Skipping extension 'colcon_notification.desktop_notification.terminal_notifier': Not used on non-Darwin systems
[2.496s] INFO:colcon.colcon_core.plugin_system:Skipping extension 'colcon_notification.desktop_notification.win32': Not used on non-Windows systems
[2.496s] INFO:colcon.colcon_notification.desktop_notification:Sending desktop notification using 'notify2'
[2.508s] DEBUG:colcon.colcon_core.event_reactor:joined thread
[2.508s] INFO:colcon.colcon_core.shell:Creating prefix script '/home/cm23/ros2_ws/install/local_setup.ps1'
[2.509s] INFO:colcon.colcon_core.shell:Creating prefix util module '/home/cm23/ros2_ws/install/_local_setup_util_ps1.py'
[2.510s] INFO:colcon.colcon_core.shell:Creating prefix chain script '/home/cm23/ros2_ws/install/setup.ps1'
[2.511s] INFO:colcon.colcon_core.shell:Creating prefix script '/home/cm23/ros2_ws/install/local_setup.sh'
[2.512s] INFO:colcon.colcon_core.shell:Creating prefix util module '/home/cm23/ros2_ws/install/_local_setup_util_sh.py'
[2.513s] INFO:colcon.colcon_core.shell:Creating prefix chain script '/home/cm23/ros2_ws/install/setup.sh'
[2.514s] INFO:colcon.colcon_core.shell:Creating prefix script '/home/cm23/ros2_ws/install/local_setup.bash'
[2.514s] INFO:colcon.colcon_core.shell:Creating prefix chain script '/home/cm23/ros2_ws/install/setup.bash'
[2.515s] INFO:colcon.colcon_core.shell:Creating prefix script '/home/cm23/ros2_ws/install/local_setup.zsh'
[2.516s] INFO:colcon.colcon_core.shell:Creating prefix chain script '/home/cm23/ros2_ws/install/setup.zsh'
